<!DOCTYPE html PUBLIC "-//W3C//DTD XHTML 1.1//EN" "http://www.w3.org/TR/xhtml11/DTD/xhtml11.dtd">
<html xmlns="http://www.w3.org/1999/xhtml"><head><title>TestNG Report</title><style type="text/css">table {margin-bottom:10px;border-collapse:collapse;empty-cells:show}th,td {border:1px solid #009;padding:.25em .5em}th {vertical-align:bottom}td {vertical-align:top}table a {font-weight:bold}.stripe td {background-color: #E6EBF9}.num {text-align:right}.passedodd td {background-color: #3F3}.passedeven td {background-color: #0A0}.skippedodd td {background-color: #DDD}.skippedeven td {background-color: #CCC}.failedodd td,.attn {background-color: #F33}.failedeven td,.stripe .attn {background-color: #D00}.stacktrace {white-space:pre;font-family:monospace}.totop {font-size:85%;text-align:center;border-bottom:2px solid #000}</style></head><body><table><tr><th>Test</th><th># Passed</th><th># Skipped</th><th># Failed</th><th>Time (ms)</th><th>Included Groups</th><th>Excluded Groups</th></tr><tr><th colspan="7">Amazon</th></tr><tr><td><a href="#t0">Amazon Home</a></td><td class="num">26</td><td class="num attn">2</td><td class="num attn">1</td><td class="num">666,691</td><td></td><td></td></tr></table><table id='summary'><thead><tr><th>Class</th><th>Method</th><th>Start</th><th>Time (ms)</th></tr></thead><tbody><tr><th colspan="4">Amazon</th></tr></tbody><tbody id="t0"><tr><th colspan="4">Amazon Home &#8212; failed (configuration methods)</th></tr><tr class="failedeven"><td rowspan="1">test.pageobjects.TestShoppingCart</td><td><a href="#m0">setUp</a></td><td rowspan="1">1546231957944</td><td rowspan="1">3364</td></tr><tr><th colspan="4">Amazon Home &#8212; failed</th></tr><tr class="failedeven"><td rowspan="1">test.pageobjects.TestShoppingCart</td><td><a href="#m1">selectLaptopTest</a></td><td rowspan="1">1546231752000</td><td rowspan="1">203552</td></tr><tr><th colspan="4">Amazon Home &#8212; skipped (configuration methods)</th></tr><tr class="skippedeven"><td rowspan="1">test.pageobjects.LogInPageTest</td><td><a href="#m2">generateReport</a></td><td rowspan="1">1546231961395</td><td rowspan="1">0</td></tr><tr class="skippedodd"><td rowspan="3">test.pageobjects.TestFooterTopLinks</td><td><a href="#m3">initializationOfObjects</a></td><td rowspan="1">1546231961312</td><td rowspan="1">0</td></tr><tr class="skippedodd"><td><a href="#m4">setUp</a></td><td rowspan="1">1546231961312</td><td rowspan="1">0</td></tr><tr class="skippedodd"><td><a href="#m5">startExtent</a></td><td rowspan="1">1546231961312</td><td rowspan="1">0</td></tr><tr class="skippedeven"><td rowspan="2">test.pageobjects.TestShoppingCart</td><td><a href="#m6">initializationOfObject</a></td><td rowspan="1">1546231961310</td><td rowspan="1">0</td></tr><tr class="skippedeven"><td><a href="#m7">startExtent</a></td><td rowspan="1">1546231961309</td><td rowspan="1">0</td></tr><tr><th colspan="4">Amazon Home &#8212; skipped</th></tr><tr class="skippedeven"><td rowspan="1">test.pageobjects.TestFooterTopLinks</td><td><a href="#m8">countryTabTest</a></td><td rowspan="1">1546231961313</td><td rowspan="1">0</td></tr><tr class="skippedodd"><td rowspan="1">test.pageobjects.TestShoppingCart</td><td><a href="#m9">addToCartTest</a></td><td rowspan="1">1546231961310</td><td rowspan="1">1</td></tr><tr><th colspan="4">Amazon Home &#8212; passed</th></tr><tr class="passedeven"><td rowspan="4">test.pageobjects.LogInPageTest</td><td><a href="#m10">invalidSignIn</a></td><td rowspan="3">1546231344070</td><td rowspan="3">14946</td></tr><tr class="passedeven"><td><a href="#m11">invalidSignIn</a></td></tr><tr class="passedeven"><td><a href="#m12">invalidSignIn</a></td></tr><tr class="passedeven"><td><a href="#m13">invalidSigninByGoogleSheetApi</a></td><td rowspan="1">1546231386654</td><td rowspan="1">15787</td></tr><tr class="passedodd"><td rowspan="5">test.pageobjects.TestFooterTopLinks</td><td><a href="#m14">amazonPaymentProductsTest</a></td><td rowspan="1">1546231687324</td><td rowspan="1">2360</td></tr><tr class="passedodd"><td><a href="#m15">getToKnowUsTest</a></td><td rowspan="1">1546231696975</td><td rowspan="1">3713</td></tr><tr class="passedodd"><td><a href="#m16">laguageTabTest</a></td><td rowspan="1">1546231707799</td><td rowspan="1">2690</td></tr><tr class="passedodd"><td><a href="#m17">letUsHelpYouTest</a></td><td rowspan="1">1546231717687</td><td rowspan="1">3065</td></tr><tr class="passedodd"><td><a href="#m18">makeMoneyWithUsTest</a></td><td rowspan="1">1546231728546</td><td rowspan="1">3811</td></tr><tr class="passedeven"><td rowspan="5">test.pageobjects.TestLogIn</td><td><a href="#m19">completeLoginTest</a></td><td rowspan="1">1546231414987</td><td rowspan="1">3713</td></tr><tr class="passedeven"><td><a href="#m20">emailTest</a></td><td rowspan="1">1546231430714</td><td rowspan="1">1777</td></tr><tr class="passedeven"><td><a href="#m21">loginTest</a></td><td rowspan="1">1546231443381</td><td rowspan="1">8504</td></tr><tr class="passedeven"><td><a href="#m22">passwordTest</a></td><td rowspan="1">1546231464894</td><td rowspan="1">1889</td></tr><tr class="passedeven"><td><a href="#m23">signInButtonTest</a></td><td rowspan="1">1546231474586</td><td rowspan="1">9887</td></tr><tr class="passedodd"><td rowspan="7">test.pageobjects.TestNavigationBarLink</td><td><a href="#m24">giftcards</a></td><td rowspan="1">1546231550956</td><td rowspan="1">3865</td></tr><tr class="passedodd"><td><a href="#m25">helpTest</a></td><td rowspan="1">1546231572129</td><td rowspan="1">2878</td></tr><tr class="passedodd"><td><a href="#m26">registryTest</a></td><td rowspan="1">1546231594234</td><td rowspan="1">19974</td></tr><tr class="passedodd"><td><a href="#m27">sellTest</a></td><td rowspan="1">1546231623139</td><td rowspan="1">19272</td></tr><tr class="passedodd"><td><a href="#m28">wholeFoodsTest</a></td><td rowspan="1">1546231650944</td><td rowspan="1">7477</td></tr><tr class="passedodd"><td><a href="#m29">yearEndDealsTest</a></td><td rowspan="1">1546231666322</td><td rowspan="1">4601</td></tr><tr class="passedodd"><td><a href="#m30">yourAmazonTest</a></td><td rowspan="1">1546231678643</td><td rowspan="1">1504</td></tr><tr class="passedeven"><td rowspan="4">test.pageobjects.TestSearchBox</td><td><a href="#m31">dropdownListTest</a></td><td rowspan="1">1546231494690</td><td rowspan="1">1255</td></tr><tr class="passedeven"><td><a href="#m32">searchBoxTest</a></td><td rowspan="1">1546231506582</td><td rowspan="1">5458</td></tr><tr class="passedeven"><td><a href="#m33">searchBoxTextTest</a></td><td rowspan="1">1546231520400</td><td rowspan="1">2821</td></tr><tr class="passedeven"><td><a href="#m34">searchIconTest</a></td><td rowspan="1">1546231530860</td><td rowspan="1">7605</td></tr><tr class="passedodd"><td rowspan="1">test.pageobjects.TestShoppingCart</td><td><a href="#m35">searchBoxTest</a></td><td rowspan="1">1546231738762</td><td rowspan="1">5380</td></tr></tbody></table><h2>Amazon Home</h2><h3 id="m0">test.pageobjects.TestShoppingCart#setUp</h3><table class="result"><tr class="param"><th>Parameter #1</th><th>Parameter #2</th><th>Parameter #3</th><th>Parameter #4</th><th>Parameter #5</th></tr><tr class="param stripe"><td>windows</td><td>10</td><td>chrome</td><td>71.0</td><td>http://amazon.com</td></tr><tr><th colspan="5">Exception</th></tr><tr><td colspan="5"><div class="stacktrace">org.openqa.selenium.WebDriverException: unknown error: failed to change window state to normal, current state is maximized
  (Session info: chrome=71.0.3578.98)
  (Driver info: chromedriver=2.45.615291 (ec3682e3c9061c10f26ea9e5cdcf3c53f3f74387),platform=Windows NT 10.0.17134 x86_64) (WARNING: The server did not provide any stacktrace information)
Command duration or timeout: 0 milliseconds
Build info: version: &apos;3.14.0&apos;, revision: &apos;aacccce0&apos;, time: &apos;2018-08-02T20:19:58.91Z&apos;
System info: host: &apos;DESKTOP-JGBJ53E&apos;, ip: &apos;192.168.1.2&apos;, os.name: &apos;Windows 10&apos;, os.arch: &apos;amd64&apos;, os.version: &apos;10.0&apos;, java.version: &apos;1.8.0_192&apos;
Driver info: org.openqa.selenium.chrome.ChromeDriver
Capabilities {acceptInsecureCerts: false, acceptSslCerts: false, applicationCacheEnabled: false, browserConnectionEnabled: false, browserName: chrome, chrome: {chromedriverVersion: 2.45.615291 (ec3682e3c9061c..., userDataDir: C:\Users\Afnan\AppData\Loca...}, cssSelectorsEnabled: true, databaseEnabled: false, goog:chromeOptions: {debuggerAddress: localhost:57722}, handlesAlerts: true, hasTouchScreen: false, javascriptEnabled: true, locationContextEnabled: true, mobileEmulationEnabled: false, nativeEvents: true, networkConnectionEnabled: false, pageLoadStrategy: normal, platform: XP, platformName: XP, proxy: Proxy(), rotatable: false, setWindowRect: true, strictFileInteractability: false, takesHeapSnapshot: true, takesScreenshot: true, timeouts: {implicit: 0, pageLoad: 300000, script: 30000}, unexpectedAlertBehaviour: ignore, unhandledPromptBehavior: ignore, version: 71.0.3578.98, webStorageEnabled: true}
Session ID: 7126aee8215655ac70fcf4dda147c96a
	at org.openqa.selenium.remote.ErrorHandler.createThrowable(ErrorHandler.java:214)
	at org.openqa.selenium.remote.ErrorHandler.throwIfResponseFailed(ErrorHandler.java:166)
	at org.openqa.selenium.remote.http.JsonHttpResponseCodec.reconstructValue(JsonHttpResponseCodec.java:40)
	at org.openqa.selenium.remote.http.AbstractHttpResponseCodec.decode(AbstractHttpResponseCodec.java:80)
	at org.openqa.selenium.remote.http.AbstractHttpResponseCodec.decode(AbstractHttpResponseCodec.java:44)
	at org.openqa.selenium.remote.HttpCommandExecutor.execute(HttpCommandExecutor.java:158)
	at org.openqa.selenium.remote.service.DriverCommandExecutor.execute(DriverCommandExecutor.java:83)
	at org.openqa.selenium.remote.RemoteWebDriver.execute(RemoteWebDriver.java:548)
	at org.openqa.selenium.remote.RemoteWebDriver.execute(RemoteWebDriver.java:605)
	at org.openqa.selenium.remote.RemoteWebDriver$RemoteWebDriverOptions$RemoteWindow.maximize(RemoteWebDriver.java:833)
	at base.BrowserDriver.setUp(BrowserDriver.java:96)
... Removed 34 stack frames</div></td></tr></table><p class="totop"><a href="#summary">back to summary</a></p><h3 id="m1">test.pageobjects.TestShoppingCart#selectLaptopTest</h3><table class="result"><tr><th>Messages</th></tr><tr><td><div class="messages">sending Keys to SearchBox<br/>Keys Received<br/>Clicking :searchIcon<br/>Clicked :searchIcon<br/>Clicking :amazonChoice</div></td></tr><tr><th>Exception</th></tr><tr><td><div class="stacktrace">org.openqa.selenium.NoSuchElementException: no such element: Unable to locate element: {&quot;method&quot;:&quot;class name&quot;,&quot;selector&quot;:&quot;a-badge-text&quot;}
  (Session info: chrome=71.0.3578.98)
  (Driver info: chromedriver=2.45.615291 (ec3682e3c9061c10f26ea9e5cdcf3c53f3f74387),platform=Windows NT 10.0.17134 x86_64) (WARNING: The server did not provide any stacktrace information)
Command duration or timeout: 0 milliseconds
For documentation on this error, please visit: http://seleniumhq.org/exceptions/no_such_element.html
Build info: version: &apos;3.14.0&apos;, revision: &apos;aacccce0&apos;, time: &apos;2018-08-02T20:19:58.91Z&apos;
System info: host: &apos;DESKTOP-JGBJ53E&apos;, ip: &apos;192.168.1.2&apos;, os.name: &apos;Windows 10&apos;, os.arch: &apos;amd64&apos;, os.version: &apos;10.0&apos;, java.version: &apos;1.8.0_192&apos;
Driver info: org.openqa.selenium.chrome.ChromeDriver
Capabilities {acceptInsecureCerts: false, acceptSslCerts: false, applicationCacheEnabled: false, browserConnectionEnabled: false, browserName: chrome, chrome: {chromedriverVersion: 2.45.615291 (ec3682e3c9061c..., userDataDir: C:\Users\Afnan\AppData\Loca...}, cssSelectorsEnabled: true, databaseEnabled: false, goog:chromeOptions: {debuggerAddress: localhost:57337}, handlesAlerts: true, hasTouchScreen: false, javascriptEnabled: true, locationContextEnabled: true, mobileEmulationEnabled: false, nativeEvents: true, networkConnectionEnabled: false, pageLoadStrategy: normal, platform: XP, platformName: XP, proxy: Proxy(), rotatable: false, setWindowRect: true, strictFileInteractability: false, takesHeapSnapshot: true, takesScreenshot: true, timeouts: {implicit: 0, pageLoad: 300000, script: 30000}, unexpectedAlertBehaviour: ignore, unhandledPromptBehavior: ignore, version: 71.0.3578.98, webStorageEnabled: true}
Session ID: be9a9b678b7d6fd0af77a1746f2c6822
*** Element info: {Using=class name, value=a-badge-text}
	at org.openqa.selenium.remote.ErrorHandler.createThrowable(ErrorHandler.java:214)
	at org.openqa.selenium.remote.ErrorHandler.throwIfResponseFailed(ErrorHandler.java:166)
	at org.openqa.selenium.remote.http.JsonHttpResponseCodec.reconstructValue(JsonHttpResponseCodec.java:40)
	at org.openqa.selenium.remote.http.AbstractHttpResponseCodec.decode(AbstractHttpResponseCodec.java:80)
	at org.openqa.selenium.remote.http.AbstractHttpResponseCodec.decode(AbstractHttpResponseCodec.java:44)
	at org.openqa.selenium.remote.HttpCommandExecutor.execute(HttpCommandExecutor.java:158)
	at org.openqa.selenium.remote.service.DriverCommandExecutor.execute(DriverCommandExecutor.java:83)
	at org.openqa.selenium.remote.RemoteWebDriver.execute(RemoteWebDriver.java:548)
	at org.openqa.selenium.remote.RemoteWebDriver.findElement(RemoteWebDriver.java:322)
	at org.openqa.selenium.remote.RemoteWebDriver.findElementByClassName(RemoteWebDriver.java:408)
	at org.openqa.selenium.By$ByClassName.findElement(By.java:389)
	at org.openqa.selenium.remote.RemoteWebDriver.findElement(RemoteWebDriver.java:314)
	at org.openqa.selenium.support.pagefactory.DefaultElementLocator.findElement(DefaultElementLocator.java:69)
	at org.openqa.selenium.support.pagefactory.internal.LocatingElementHandler.invoke(LocatingElementHandler.java:38)
	at com.sun.proxy.$Proxy12.click(Unknown Source)
	at application.page.base.ApplicationPageBase.clickButton(ApplicationPageBase.java:31)
	at page.objects.ShoppingCart.clickamazonChoice(ShoppingCart.java:47)
	at test.pageobjects.TestShoppingCart.selectLaptopTest(TestShoppingCart.java:35)
... Removed 33 stack frames</div></td></tr></table><p class="totop"><a href="#summary">back to summary</a></p><h3 id="m2">test.pageobjects.LogInPageTest#generateReport</h3><table class="result"></table><p class="totop"><a href="#summary">back to summary</a></p><h3 id="m3">test.pageobjects.TestFooterTopLinks#initializationOfObjects</h3><table class="result"></table><p class="totop"><a href="#summary">back to summary</a></p><h3 id="m4">test.pageobjects.TestFooterTopLinks#setUp</h3><table class="result"></table><p class="totop"><a href="#summary">back to summary</a></p><h3 id="m5">test.pageobjects.TestFooterTopLinks#startExtent</h3><table class="result"></table><p class="totop"><a href="#summary">back to summary</a></p><h3 id="m6">test.pageobjects.TestShoppingCart#initializationOfObject</h3><table class="result"></table><p class="totop"><a href="#summary">back to summary</a></p><h3 id="m7">test.pageobjects.TestShoppingCart#startExtent</h3><table class="result"></table><p class="totop"><a href="#summary">back to summary</a></p><h3 id="m8">test.pageobjects.TestFooterTopLinks#countryTabTest</h3><table class="result"><tr><th>Exception</th></tr><tr><td><div class="stacktrace">org.openqa.selenium.WebDriverException: unknown error: failed to change window state to normal, current state is maximized
  (Session info: chrome=71.0.3578.98)
  (Driver info: chromedriver=2.45.615291 (ec3682e3c9061c10f26ea9e5cdcf3c53f3f74387),platform=Windows NT 10.0.17134 x86_64) (WARNING: The server did not provide any stacktrace information)
Command duration or timeout: 0 milliseconds
Build info: version: &apos;3.14.0&apos;, revision: &apos;aacccce0&apos;, time: &apos;2018-08-02T20:19:58.91Z&apos;
System info: host: &apos;DESKTOP-JGBJ53E&apos;, ip: &apos;192.168.1.2&apos;, os.name: &apos;Windows 10&apos;, os.arch: &apos;amd64&apos;, os.version: &apos;10.0&apos;, java.version: &apos;1.8.0_192&apos;
Driver info: org.openqa.selenium.chrome.ChromeDriver
Capabilities {acceptInsecureCerts: false, acceptSslCerts: false, applicationCacheEnabled: false, browserConnectionEnabled: false, browserName: chrome, chrome: {chromedriverVersion: 2.45.615291 (ec3682e3c9061c..., userDataDir: C:\Users\Afnan\AppData\Loca...}, cssSelectorsEnabled: true, databaseEnabled: false, goog:chromeOptions: {debuggerAddress: localhost:57722}, handlesAlerts: true, hasTouchScreen: false, javascriptEnabled: true, locationContextEnabled: true, mobileEmulationEnabled: false, nativeEvents: true, networkConnectionEnabled: false, pageLoadStrategy: normal, platform: XP, platformName: XP, proxy: Proxy(), rotatable: false, setWindowRect: true, strictFileInteractability: false, takesHeapSnapshot: true, takesScreenshot: true, timeouts: {implicit: 0, pageLoad: 300000, script: 30000}, unexpectedAlertBehaviour: ignore, unhandledPromptBehavior: ignore, version: 71.0.3578.98, webStorageEnabled: true}
Session ID: 7126aee8215655ac70fcf4dda147c96a
	at org.openqa.selenium.remote.ErrorHandler.createThrowable(ErrorHandler.java:214)
	at org.openqa.selenium.remote.ErrorHandler.throwIfResponseFailed(ErrorHandler.java:166)
	at org.openqa.selenium.remote.http.JsonHttpResponseCodec.reconstructValue(JsonHttpResponseCodec.java:40)
	at org.openqa.selenium.remote.http.AbstractHttpResponseCodec.decode(AbstractHttpResponseCodec.java:80)
	at org.openqa.selenium.remote.http.AbstractHttpResponseCodec.decode(AbstractHttpResponseCodec.java:44)
	at org.openqa.selenium.remote.HttpCommandExecutor.execute(HttpCommandExecutor.java:158)
	at org.openqa.selenium.remote.service.DriverCommandExecutor.execute(DriverCommandExecutor.java:83)
	at org.openqa.selenium.remote.RemoteWebDriver.execute(RemoteWebDriver.java:548)
	at org.openqa.selenium.remote.RemoteWebDriver.execute(RemoteWebDriver.java:605)
	at org.openqa.selenium.remote.RemoteWebDriver$RemoteWebDriverOptions$RemoteWindow.maximize(RemoteWebDriver.java:833)
	at base.BrowserDriver.setUp(BrowserDriver.java:96)
... Removed 34 stack frames</div></td></tr></table><p class="totop"><a href="#summary">back to summary</a></p><h3 id="m9">test.pageobjects.TestShoppingCart#addToCartTest</h3><table class="result"><tr><th>Exception</th></tr><tr><td><div class="stacktrace">org.openqa.selenium.WebDriverException: unknown error: failed to change window state to normal, current state is maximized
  (Session info: chrome=71.0.3578.98)
  (Driver info: chromedriver=2.45.615291 (ec3682e3c9061c10f26ea9e5cdcf3c53f3f74387),platform=Windows NT 10.0.17134 x86_64) (WARNING: The server did not provide any stacktrace information)
Command duration or timeout: 0 milliseconds
Build info: version: &apos;3.14.0&apos;, revision: &apos;aacccce0&apos;, time: &apos;2018-08-02T20:19:58.91Z&apos;
System info: host: &apos;DESKTOP-JGBJ53E&apos;, ip: &apos;192.168.1.2&apos;, os.name: &apos;Windows 10&apos;, os.arch: &apos;amd64&apos;, os.version: &apos;10.0&apos;, java.version: &apos;1.8.0_192&apos;
Driver info: org.openqa.selenium.chrome.ChromeDriver
Capabilities {acceptInsecureCerts: false, acceptSslCerts: false, applicationCacheEnabled: false, browserConnectionEnabled: false, browserName: chrome, chrome: {chromedriverVersion: 2.45.615291 (ec3682e3c9061c..., userDataDir: C:\Users\Afnan\AppData\Loca...}, cssSelectorsEnabled: true, databaseEnabled: false, goog:chromeOptions: {debuggerAddress: localhost:57722}, handlesAlerts: true, hasTouchScreen: false, javascriptEnabled: true, locationContextEnabled: true, mobileEmulationEnabled: false, nativeEvents: true, networkConnectionEnabled: false, pageLoadStrategy: normal, platform: XP, platformName: XP, proxy: Proxy(), rotatable: false, setWindowRect: true, strictFileInteractability: false, takesHeapSnapshot: true, takesScreenshot: true, timeouts: {implicit: 0, pageLoad: 300000, script: 30000}, unexpectedAlertBehaviour: ignore, unhandledPromptBehavior: ignore, version: 71.0.3578.98, webStorageEnabled: true}
Session ID: 7126aee8215655ac70fcf4dda147c96a
	at org.openqa.selenium.remote.ErrorHandler.createThrowable(ErrorHandler.java:214)
	at org.openqa.selenium.remote.ErrorHandler.throwIfResponseFailed(ErrorHandler.java:166)
	at org.openqa.selenium.remote.http.JsonHttpResponseCodec.reconstructValue(JsonHttpResponseCodec.java:40)
	at org.openqa.selenium.remote.http.AbstractHttpResponseCodec.decode(AbstractHttpResponseCodec.java:80)
	at org.openqa.selenium.remote.http.AbstractHttpResponseCodec.decode(AbstractHttpResponseCodec.java:44)
	at org.openqa.selenium.remote.HttpCommandExecutor.execute(HttpCommandExecutor.java:158)
	at org.openqa.selenium.remote.service.DriverCommandExecutor.execute(DriverCommandExecutor.java:83)
	at org.openqa.selenium.remote.RemoteWebDriver.execute(RemoteWebDriver.java:548)
	at org.openqa.selenium.remote.RemoteWebDriver.execute(RemoteWebDriver.java:605)
	at org.openqa.selenium.remote.RemoteWebDriver$RemoteWebDriverOptions$RemoteWindow.maximize(RemoteWebDriver.java:833)
	at base.BrowserDriver.setUp(BrowserDriver.java:96)
... Removed 34 stack frames</div></td></tr></table><p class="totop"><a href="#summary">back to summary</a></p><h3 id="m10">test.pageobjects.LogInPageTest#invalidSignIn</h3><table class="result"><tr class="param"><th>Parameter #1</th><th>Parameter #2</th></tr><tr class="param stripe"><td>ghj@hotmail.com</td><td>ghjk</td></tr><tr><th colspan="2">Messages</th></tr><tr><td colspan="2"><div class="messages">Clicking :From Home Page<br/>Clicked :From Home Page<br/>Sending ghj@hotmail.com to email Adress<br/>enter ghj@hotmail.com to email Adress<br/>Sending ghjk to password<br/>enter ghjk to password<br/>Clicking :click sign In Buton<br/>Clicked :click sign In Buton</div></td></tr></table><p class="totop"><a href="#summary">back to summary</a></p><h3 id="m11">test.pageobjects.LogInPageTest#invalidSignIn</h3><table class="result"><tr class="param"><th>Parameter #1</th><th>Parameter #2</th></tr><tr class="param stripe"><td>ads@hotmail.com</td><td>dfghj</td></tr><tr><th colspan="2">Messages</th></tr><tr><td colspan="2"><div class="messages">Clicking :From Home Page<br/>Clicked :From Home Page<br/>Sending ads@hotmail.com to email Adress<br/>enter ads@hotmail.com to email Adress<br/>Sending dfghj to password<br/>enter dfghj to password<br/>Clicking :click sign In Buton<br/>Clicked :click sign In Buton</div></td></tr></table><p class="totop"><a href="#summary">back to summary</a></p><h3 id="m12">test.pageobjects.LogInPageTest#invalidSignIn</h3><table class="result"><tr class="param"><th>Parameter #1</th><th>Parameter #2</th></tr><tr class="param stripe"><td>dgh@yahoo.com</td><td>ghjk</td></tr><tr><th colspan="2">Messages</th></tr><tr><td colspan="2"><div class="messages">Clicking :From Home Page<br/>Clicked :From Home Page<br/>Sending dgh@yahoo.com to email Adress<br/>enter dgh@yahoo.com to email Adress<br/>Sending ghjk to password<br/>enter ghjk to password<br/>Clicking :click sign In Buton<br/>Clicked :click sign In Buton</div></td></tr></table><p class="totop"><a href="#summary">back to summary</a></p><h3 id="m13">test.pageobjects.LogInPageTest#invalidSigninByGoogleSheetApi</h3><table class="result"><tr><th>Messages</th></tr><tr><td><div class="messages">Using Sheet Number 1 and fields range  !A2:C<br/>Clicking :From Home Page<br/>Clicked :From Home Page<br/>Sending 1235@dwe to email Adress<br/>enter 1235@dwe to email Adress<br/>Sending e2e3 to password<br/>enter e2e3 to password<br/>Clicking :click sign In Buton<br/>Clicked :click sign In Buton<br/>Sending e2332@rde1 to email Adress<br/>enter e2332@rde1 to email Adress<br/>Sending e3dr3 to password<br/>enter e3dr3 to password<br/>Sending 5432222 to Enter capcha values<br/>enter 5432222 to Enter capcha values<br/>Clicking :click sign In Buton<br/>Clicked :click sign In Buton<br/>Sending drec@fef to email Adress<br/>enter drec@fef to email Adress<br/>Sending wrgwg to password<br/>enter wrgwg to password<br/>Sending 5432222 to Enter capcha values<br/>enter 5432222 to Enter capcha values<br/>Clicking :click sign In Buton<br/>Clicked :click sign In Buton<br/>Sending cgccgh@hotmail.com to email Adress<br/>enter cgccgh@hotmail.com to email Adress<br/>Sending 365346 to password<br/>enter 365346 to password<br/>Sending 5432222 to Enter capcha values<br/>enter 5432222 to Enter capcha values<br/>Clicking :click sign In Buton<br/>Clicked :click sign In Buton<br/>Sending 1235@dwe to email Adress<br/>enter 1235@dwe to email Adress<br/>Sending e2e3 to password<br/>enter e2e3 to password<br/>Sending 5432222 to Enter capcha values<br/>enter 5432222 to Enter capcha values<br/>Clicking :click sign In Buton<br/>Clicked :click sign In Buton<br/>Sending e2332@rde1 to email Adress<br/>enter e2332@rde1 to email Adress<br/>Sending e3dr3 to password<br/>enter e3dr3 to password<br/>Sending 5432222 to Enter capcha values<br/>enter 5432222 to Enter capcha values<br/>Clicking :click sign In Buton<br/>Clicked :click sign In Buton<br/>Sending drec@fef to email Adress<br/>enter drec@fef to email Adress<br/>Sending wrgwg to password<br/>enter wrgwg to password<br/>Sending 5432222 to Enter capcha values<br/>enter 5432222 to Enter capcha values<br/>Clicking :click sign In Buton<br/>Clicked :click sign In Buton<br/>Sending cgccgh@hotmail.com to email Adress<br/>enter cgccgh@hotmail.com to email Adress<br/>Sending 365346 to password<br/>enter 365346 to password<br/>Sending 5432222 to Enter capcha values<br/>enter 5432222 to Enter capcha values<br/>Clicking :click sign In Buton<br/>Clicked :click sign In Buton</div></td></tr></table><p class="totop"><a href="#summary">back to summary</a></p><h3 id="m14">test.pageobjects.TestFooterTopLinks#amazonPaymentProductsTest</h3><table class="result"><tr><th>Messages</th></tr><tr><td><div class="messages">Clicking :Amazon Payment Product<br/>Clicked :Amazon Payment Product</div></td></tr></table><p class="totop"><a href="#summary">back to summary</a></p><h3 id="m15">test.pageobjects.TestFooterTopLinks#getToKnowUsTest</h3><table class="result"><tr><th>Messages</th></tr><tr><td><div class="messages">Clicking :Get to Know Us.<br/>Clicked :Get to Know Us.</div></td></tr></table><p class="totop"><a href="#summary">back to summary</a></p><h3 id="m16">test.pageobjects.TestFooterTopLinks#laguageTabTest</h3><table class="result"><tr><th>Messages</th></tr><tr><td><div class="messages">Clicking :Language Tab<br/>Clicked :Language Tab<br/>Clicking :to dismiss Tab<br/>Clicked :</div></td></tr></table><p class="totop"><a href="#summary">back to summary</a></p><h3 id="m17">test.pageobjects.TestFooterTopLinks#letUsHelpYouTest</h3><table class="result"><tr><th>Messages</th></tr><tr><td><div class="messages">Clicking :Let Us Help You.<br/>Clicked :Let Us Help You.</div></td></tr></table><p class="totop"><a href="#summary">back to summary</a></p><h3 id="m18">test.pageobjects.TestFooterTopLinks#makeMoneyWithUsTest</h3><table class="result"><tr><th>Messages</th></tr><tr><td><div class="messages">Clicking :Make Money With US<br/>Clicked :Make Money With US</div></td></tr></table><p class="totop"><a href="#summary">back to summary</a></p><h3 id="m19">test.pageobjects.TestLogIn#completeLoginTest</h3><table class="result"></table><p class="totop"><a href="#summary">back to summary</a></p><h3 id="m20">test.pageobjects.TestLogIn#emailTest</h3><table class="result"><tr><th>Messages</th></tr><tr><td><div class="messages">Clicking :Email<br/>Clicked :Email</div></td></tr></table><p class="totop"><a href="#summary">back to summary</a></p><h3 id="m21">test.pageobjects.TestLogIn#loginTest</h3><table class="result"><tr><th>Messages</th></tr><tr><td><div class="messages">Clicking :Log In<br/>Clicked :Log In</div></td></tr></table><p class="totop"><a href="#summary">back to summary</a></p><h3 id="m22">test.pageobjects.TestLogIn#passwordTest</h3><table class="result"><tr><th>Messages</th></tr><tr><td><div class="messages">Clicking :Password<br/>Clicked :Password</div></td></tr></table><p class="totop"><a href="#summary">back to summary</a></p><h3 id="m23">test.pageobjects.TestLogIn#signInButtonTest</h3><table class="result"><tr><th>Messages</th></tr><tr><td><div class="messages">Clicking :Sign In Button<br/>Clicked :Sign In Button</div></td></tr></table><p class="totop"><a href="#summary">back to summary</a></p><h3 id="m24">test.pageobjects.TestNavigationBarLink#giftcards</h3><table class="result"><tr><th>Messages</th></tr><tr><td><div class="messages">Clicking :Gift Card<br/>Clicked :Gift Card</div></td></tr></table><p class="totop"><a href="#summary">back to summary</a></p><h3 id="m25">test.pageobjects.TestNavigationBarLink#helpTest</h3><table class="result"><tr><th>Messages</th></tr><tr><td><div class="messages">Clicking :Help<br/>Clicked :Help</div></td></tr></table><p class="totop"><a href="#summary">back to summary</a></p><h3 id="m26">test.pageobjects.TestNavigationBarLink#registryTest</h3><table class="result"><tr><th>Messages</th></tr><tr><td><div class="messages">Clicking :Registry<br/>Clicked :Registry</div></td></tr></table><p class="totop"><a href="#summary">back to summary</a></p><h3 id="m27">test.pageobjects.TestNavigationBarLink#sellTest</h3><table class="result"><tr><th>Messages</th></tr><tr><td><div class="messages">Clicking :Sell<br/>Clicked :Sell</div></td></tr></table><p class="totop"><a href="#summary">back to summary</a></p><h3 id="m28">test.pageobjects.TestNavigationBarLink#wholeFoodsTest</h3><table class="result"><tr><th>Messages</th></tr><tr><td><div class="messages">Clicking :Whole Foods<br/>Clicked :Whole Foods</div></td></tr></table><p class="totop"><a href="#summary">back to summary</a></p><h3 id="m29">test.pageobjects.TestNavigationBarLink#yearEndDealsTest</h3><table class="result"><tr><th>Messages</th></tr><tr><td><div class="messages">Clicking :Year End Deals<br/>Clicked :Year End Deals</div></td></tr></table><p class="totop"><a href="#summary">back to summary</a></p><h3 id="m30">test.pageobjects.TestNavigationBarLink#yourAmazonTest</h3><table class="result"><tr><th>Messages</th></tr><tr><td><div class="messages">Clicking :Your Amazon<br/>Clicked :Your Amazon</div></td></tr></table><p class="totop"><a href="#summary">back to summary</a></p><h3 id="m31">test.pageobjects.TestSearchBox#dropdownListTest</h3><table class="result"><tr><th>Messages</th></tr><tr><td><div class="messages">Clicking :Amazon Device</div></td></tr></table><p class="totop"><a href="#summary">back to summary</a></p><h3 id="m32">test.pageobjects.TestSearchBox#searchBoxTest</h3><table class="result"><tr><th>Messages</th></tr><tr><td><div class="messages">Clicking :Drop Down Selecton<br/>Clicked :Drop Down Selecton</div></td></tr></table><p class="totop"><a href="#summary">back to summary</a></p><h3 id="m33">test.pageobjects.TestSearchBox#searchBoxTextTest</h3><table class="result"><tr><th>Messages</th></tr><tr><td><div class="messages">Sending KeyWord<br/>Keys arrived<br/>Enter Pressed</div></td></tr></table><p class="totop"><a href="#summary">back to summary</a></p><h3 id="m34">test.pageobjects.TestSearchBox#searchIconTest</h3><table class="result"><tr><th>Messages</th></tr><tr><td><div class="messages">Sending KeyWord<br/>Keys arrived<br/>Enter Pressed<br/>Clicked :Search Icon</div></td></tr></table><p class="totop"><a href="#summary">back to summary</a></p><h3 id="m35">test.pageobjects.TestShoppingCart#searchBoxTest</h3><table class="result"><tr><th>Messages</th></tr><tr><td><div class="messages">sending Keys to SearchBox<br/>Keys Received<br/>Clicking :searchIcon<br/>Clicked :searchIcon<br/>getting : [[ChromeDriver: chrome on XP (cb87400c793ef983301d32dd00f6ee9d)] -> partial link text: Computers & Accessories]</div></td></tr></table><p class="totop"><a href="#summary">back to summary</a></p></body></html>