<?xml version="1.0" encoding="UTF-8"?>
<testng-results skipped="2" failed="1" ignored="10" total="39" passed="26">
  <reporter-output>
    <line>
      <![CDATA[Extent Report DirectoryC:\Users\Afnan\Desktop\New_Amazon\amazon\amazon\target\surefire-reports\html]]>
    </line>
    <line>
      <![CDATA[Clicking :From Home Page]]>
    </line>
    <line>
      <![CDATA[Clicked :From Home Page]]>
    </line>
    <line>
      <![CDATA[Sending ads@hotmail.com to email Adress]]>
    </line>
    <line>
      <![CDATA[enter ads@hotmail.com to email Adress]]>
    </line>
    <line>
      <![CDATA[Sending dfghj to password]]>
    </line>
    <line>
      <![CDATA[enter dfghj to password]]>
    </line>
    <line>
      <![CDATA[Clicking :click sign In Buton]]>
    </line>
    <line>
      <![CDATA[Clicked :click sign In Buton]]>
    </line>
    <line>
      <![CDATA[Clicking :From Home Page]]>
    </line>
    <line>
      <![CDATA[Clicked :From Home Page]]>
    </line>
    <line>
      <![CDATA[Sending ghj@hotmail.com to email Adress]]>
    </line>
    <line>
      <![CDATA[enter ghj@hotmail.com to email Adress]]>
    </line>
    <line>
      <![CDATA[Sending ghjk to password]]>
    </line>
    <line>
      <![CDATA[enter ghjk to password]]>
    </line>
    <line>
      <![CDATA[Clicking :click sign In Buton]]>
    </line>
    <line>
      <![CDATA[Clicked :click sign In Buton]]>
    </line>
    <line>
      <![CDATA[Clicking :From Home Page]]>
    </line>
    <line>
      <![CDATA[Clicked :From Home Page]]>
    </line>
    <line>
      <![CDATA[Sending dgh@yahoo.com to email Adress]]>
    </line>
    <line>
      <![CDATA[enter dgh@yahoo.com to email Adress]]>
    </line>
    <line>
      <![CDATA[Sending ghjk to password]]>
    </line>
    <line>
      <![CDATA[enter ghjk to password]]>
    </line>
    <line>
      <![CDATA[Clicking :click sign In Buton]]>
    </line>
    <line>
      <![CDATA[Clicked :click sign In Buton]]>
    </line>
    <line>
      <![CDATA[Using Sheet Number 1 and fields range  !A2:C]]>
    </line>
    <line>
      <![CDATA[Clicking :From Home Page]]>
    </line>
    <line>
      <![CDATA[Clicked :From Home Page]]>
    </line>
    <line>
      <![CDATA[Sending 1235@dwe to email Adress]]>
    </line>
    <line>
      <![CDATA[enter 1235@dwe to email Adress]]>
    </line>
    <line>
      <![CDATA[Sending e2e3 to password]]>
    </line>
    <line>
      <![CDATA[enter e2e3 to password]]>
    </line>
    <line>
      <![CDATA[Clicking :click sign In Buton]]>
    </line>
    <line>
      <![CDATA[Clicked :click sign In Buton]]>
    </line>
    <line>
      <![CDATA[Sending e2332@rde1 to email Adress]]>
    </line>
    <line>
      <![CDATA[enter e2332@rde1 to email Adress]]>
    </line>
    <line>
      <![CDATA[Sending e3dr3 to password]]>
    </line>
    <line>
      <![CDATA[enter e3dr3 to password]]>
    </line>
    <line>
      <![CDATA[Sending 5432222 to Enter capcha values]]>
    </line>
    <line>
      <![CDATA[enter 5432222 to Enter capcha values]]>
    </line>
    <line>
      <![CDATA[Clicking :click sign In Buton]]>
    </line>
    <line>
      <![CDATA[Clicked :click sign In Buton]]>
    </line>
    <line>
      <![CDATA[Sending drec@fef to email Adress]]>
    </line>
    <line>
      <![CDATA[enter drec@fef to email Adress]]>
    </line>
    <line>
      <![CDATA[Sending wrgwg to password]]>
    </line>
    <line>
      <![CDATA[enter wrgwg to password]]>
    </line>
    <line>
      <![CDATA[Sending 5432222 to Enter capcha values]]>
    </line>
    <line>
      <![CDATA[enter 5432222 to Enter capcha values]]>
    </line>
    <line>
      <![CDATA[Clicking :click sign In Buton]]>
    </line>
    <line>
      <![CDATA[Clicked :click sign In Buton]]>
    </line>
    <line>
      <![CDATA[Sending cgccgh@hotmail.com to email Adress]]>
    </line>
    <line>
      <![CDATA[enter cgccgh@hotmail.com to email Adress]]>
    </line>
    <line>
      <![CDATA[Sending 365346 to password]]>
    </line>
    <line>
      <![CDATA[enter 365346 to password]]>
    </line>
    <line>
      <![CDATA[Sending 5432222 to Enter capcha values]]>
    </line>
    <line>
      <![CDATA[enter 5432222 to Enter capcha values]]>
    </line>
    <line>
      <![CDATA[Clicking :click sign In Buton]]>
    </line>
    <line>
      <![CDATA[Clicked :click sign In Buton]]>
    </line>
    <line>
      <![CDATA[Sending 1235@dwe to email Adress]]>
    </line>
    <line>
      <![CDATA[enter 1235@dwe to email Adress]]>
    </line>
    <line>
      <![CDATA[Sending e2e3 to password]]>
    </line>
    <line>
      <![CDATA[enter e2e3 to password]]>
    </line>
    <line>
      <![CDATA[Sending 5432222 to Enter capcha values]]>
    </line>
    <line>
      <![CDATA[enter 5432222 to Enter capcha values]]>
    </line>
    <line>
      <![CDATA[Clicking :click sign In Buton]]>
    </line>
    <line>
      <![CDATA[Clicked :click sign In Buton]]>
    </line>
    <line>
      <![CDATA[Sending e2332@rde1 to email Adress]]>
    </line>
    <line>
      <![CDATA[enter e2332@rde1 to email Adress]]>
    </line>
    <line>
      <![CDATA[Sending e3dr3 to password]]>
    </line>
    <line>
      <![CDATA[enter e3dr3 to password]]>
    </line>
    <line>
      <![CDATA[Sending 5432222 to Enter capcha values]]>
    </line>
    <line>
      <![CDATA[enter 5432222 to Enter capcha values]]>
    </line>
    <line>
      <![CDATA[Clicking :click sign In Buton]]>
    </line>
    <line>
      <![CDATA[Clicked :click sign In Buton]]>
    </line>
    <line>
      <![CDATA[Sending drec@fef to email Adress]]>
    </line>
    <line>
      <![CDATA[enter drec@fef to email Adress]]>
    </line>
    <line>
      <![CDATA[Sending wrgwg to password]]>
    </line>
    <line>
      <![CDATA[enter wrgwg to password]]>
    </line>
    <line>
      <![CDATA[Sending 5432222 to Enter capcha values]]>
    </line>
    <line>
      <![CDATA[enter 5432222 to Enter capcha values]]>
    </line>
    <line>
      <![CDATA[Clicking :click sign In Buton]]>
    </line>
    <line>
      <![CDATA[Clicked :click sign In Buton]]>
    </line>
    <line>
      <![CDATA[Sending cgccgh@hotmail.com to email Adress]]>
    </line>
    <line>
      <![CDATA[enter cgccgh@hotmail.com to email Adress]]>
    </line>
    <line>
      <![CDATA[Sending 365346 to password]]>
    </line>
    <line>
      <![CDATA[enter 365346 to password]]>
    </line>
    <line>
      <![CDATA[Sending 5432222 to Enter capcha values]]>
    </line>
    <line>
      <![CDATA[enter 5432222 to Enter capcha values]]>
    </line>
    <line>
      <![CDATA[Clicking :click sign In Buton]]>
    </line>
    <line>
      <![CDATA[Clicked :click sign In Buton]]>
    </line>
    <line>
      <![CDATA[Clicking :Email]]>
    </line>
    <line>
      <![CDATA[Clicked :Email]]>
    </line>
    <line>
      <![CDATA[Clicking :Log In]]>
    </line>
    <line>
      <![CDATA[Clicked :Log In]]>
    </line>
    <line>
      <![CDATA[Clicking :Password]]>
    </line>
    <line>
      <![CDATA[Clicked :Password]]>
    </line>
    <line>
      <![CDATA[Clicking :Sign In Button]]>
    </line>
    <line>
      <![CDATA[Clicked :Sign In Button]]>
    </line>
    <line>
      <![CDATA[Clicking :Amazon Device]]>
    </line>
    <line>
      <![CDATA[Clicking :Drop Down Selecton]]>
    </line>
    <line>
      <![CDATA[Clicked :Drop Down Selecton]]>
    </line>
    <line>
      <![CDATA[Sending KeyWord]]>
    </line>
    <line>
      <![CDATA[Keys arrived]]>
    </line>
    <line>
      <![CDATA[Enter Pressed]]>
    </line>
    <line>
      <![CDATA[Sending KeyWord]]>
    </line>
    <line>
      <![CDATA[Keys arrived]]>
    </line>
    <line>
      <![CDATA[Enter Pressed]]>
    </line>
    <line>
      <![CDATA[Clicked :Search Icon]]>
    </line>
    <line>
      <![CDATA[Clicking :Gift Card]]>
    </line>
    <line>
      <![CDATA[Clicked :Gift Card]]>
    </line>
    <line>
      <![CDATA[Clicking :Help]]>
    </line>
    <line>
      <![CDATA[Clicked :Help]]>
    </line>
    <line>
      <![CDATA[Clicking :Registry]]>
    </line>
    <line>
      <![CDATA[Clicked :Registry]]>
    </line>
    <line>
      <![CDATA[Clicking :Sell]]>
    </line>
    <line>
      <![CDATA[Clicked :Sell]]>
    </line>
    <line>
      <![CDATA[Clicking :Whole Foods]]>
    </line>
    <line>
      <![CDATA[Clicked :Whole Foods]]>
    </line>
    <line>
      <![CDATA[Clicking :Year End Deals]]>
    </line>
    <line>
      <![CDATA[Clicked :Year End Deals]]>
    </line>
    <line>
      <![CDATA[Clicking :Your Amazon]]>
    </line>
    <line>
      <![CDATA[Clicked :Your Amazon]]>
    </line>
    <line>
      <![CDATA[Clicking :Amazon Payment Product]]>
    </line>
    <line>
      <![CDATA[Clicked :Amazon Payment Product]]>
    </line>
    <line>
      <![CDATA[Clicking :Get to Know Us.]]>
    </line>
    <line>
      <![CDATA[Clicked :Get to Know Us.]]>
    </line>
    <line>
      <![CDATA[Clicking :Language Tab]]>
    </line>
    <line>
      <![CDATA[Clicked :Language Tab]]>
    </line>
    <line>
      <![CDATA[Clicking :to dismiss Tab]]>
    </line>
    <line>
      <![CDATA[Clicked :]]>
    </line>
    <line>
      <![CDATA[Clicking :Let Us Help You.]]>
    </line>
    <line>
      <![CDATA[Clicked :Let Us Help You.]]>
    </line>
    <line>
      <![CDATA[Clicking :Make Money With US]]>
    </line>
    <line>
      <![CDATA[Clicked :Make Money With US]]>
    </line>
    <line>
      <![CDATA[sending Keys to SearchBox]]>
    </line>
    <line>
      <![CDATA[Keys Received]]>
    </line>
    <line>
      <![CDATA[Clicking :searchIcon]]>
    </line>
    <line>
      <![CDATA[Clicked :searchIcon]]>
    </line>
    <line>
      <![CDATA[getting : [[ChromeDriver: chrome on XP (cb87400c793ef983301d32dd00f6ee9d)] -> partial link text: Computers & Accessories]]]>
    </line>
    <line>
      <![CDATA[sending Keys to SearchBox]]>
    </line>
    <line>
      <![CDATA[Keys Received]]>
    </line>
    <line>
      <![CDATA[Clicking :searchIcon]]>
    </line>
    <line>
      <![CDATA[Clicked :searchIcon]]>
    </line>
    <line>
      <![CDATA[Clicking :amazonChoice]]>
    </line>
  </reporter-output>
  <suite name="Amazon" duration-ms="666691" started-at="2018-12-31T04:41:34Z" finished-at="2018-12-31T04:52:41Z">
    <groups>
      <group name="main">
        <method signature="TestLogIn.completeLoginTest()[pri:0, instance:test.pageobjects.TestLogIn@100fc185]" name="completeLoginTest" class="test.pageobjects.TestLogIn"/>
        <method signature="TestSearchBox.searchIconTest()[pri:0, instance:test.pageobjects.TestSearchBox@643b1d11]" name="searchIconTest" class="test.pageobjects.TestSearchBox"/>
      </group> <!-- main -->
    </groups>
    <test name="Amazon Home" duration-ms="666691" started-at="2018-12-31T04:41:34Z" finished-at="2018-12-31T04:52:41Z">
      <class name="test.pageobjects.LogInPageTest">
        <test-method status="PASS" signature="extentSetup(org.testng.ITestContext)[pri:0, instance:test.pageobjects.LogInPageTest@3a82f6ef]" name="extentSetup" is-config="true" duration-ms="213" started-at="2018-12-30T23:41:34Z" finished-at="2018-12-30T23:41:34Z">
          <params>
            <param index="0">
              <value>
                <![CDATA[org.testng.TestRunner@6befbb12]]>
              </value>
            </param>
          </params>
          <reporter-output>
            <line>
              <![CDATA[Extent Report DirectoryC:\Users\Afnan\Desktop\New_Amazon\amazon\amazon\target\surefire-reports\html]]>
            </line>
          </reporter-output>
        </test-method> <!-- extentSetup -->
        <test-method status="PASS" signature="setUp(java.lang.String, java.lang.String, java.lang.String, java.lang.String, java.lang.String)[pri:0, instance:test.pageobjects.LogInPageTest@3a82f6ef]" name="setUp" is-config="true" duration-ms="18083" started-at="2018-12-30T23:41:35Z" finished-at="2018-12-30T23:41:53Z">
          <params>
            <param index="0">
              <value>
                <![CDATA[windows]]>
              </value>
            </param>
            <param index="1">
              <value>
                <![CDATA[10]]>
              </value>
            </param>
            <param index="2">
              <value>
                <![CDATA[chrome]]>
              </value>
            </param>
            <param index="3">
              <value>
                <![CDATA[71.0]]>
              </value>
            </param>
            <param index="4">
              <value>
                <![CDATA[http://amazon.com]]>
              </value>
            </param>
          </params>
          <reporter-output>
          </reporter-output>
        </test-method> <!-- setUp -->
        <test-method status="PASS" signature="startExtent(java.lang.reflect.Method)[pri:0, instance:test.pageobjects.LogInPageTest@3a82f6ef]" name="startExtent" is-config="true" duration-ms="7" started-at="2018-12-30T23:41:53Z" finished-at="2018-12-30T23:41:53Z">
          <params>
            <param index="0">
              <value>
                <![CDATA[public void test.pageobjects.LogInPageTest.invalidSignIn(java.lang.String,java.lang.String)]]>
              </value>
            </param>
          </params>
          <reporter-output>
          </reporter-output>
        </test-method> <!-- startExtent -->
        <test-method status="PASS" signature="initializationOfObject()[pri:0, instance:test.pageobjects.LogInPageTest@3a82f6ef]" name="initializationOfObject" is-config="true" duration-ms="37" started-at="2018-12-30T23:41:53Z" finished-at="2018-12-30T23:41:53Z">
          <reporter-output>
          </reporter-output>
        </test-method> <!-- initializationOfObject -->
        <test-method status="PASS" signature="invalidSignIn(java.lang.String, java.lang.String)[pri:0, instance:test.pageobjects.LogInPageTest@3a82f6ef]" name="invalidSignIn" duration-ms="12097" started-at="2018-12-30T23:41:53Z" data-provider="DP" finished-at="2018-12-30T23:42:05Z">
          <params>
            <param index="0">
              <value>
                <![CDATA[ads@hotmail.com]]>
              </value>
            </param>
            <param index="1">
              <value>
                <![CDATA[dfghj]]>
              </value>
            </param>
          </params>
          <reporter-output>
            <line>
              <![CDATA[Clicking :From Home Page]]>
            </line>
            <line>
              <![CDATA[Clicked :From Home Page]]>
            </line>
            <line>
              <![CDATA[Sending ads@hotmail.com to email Adress]]>
            </line>
            <line>
              <![CDATA[enter ads@hotmail.com to email Adress]]>
            </line>
            <line>
              <![CDATA[Sending dfghj to password]]>
            </line>
            <line>
              <![CDATA[enter dfghj to password]]>
            </line>
            <line>
              <![CDATA[Clicking :click sign In Buton]]>
            </line>
            <line>
              <![CDATA[Clicked :click sign In Buton]]>
            </line>
          </reporter-output>
        </test-method> <!-- invalidSignIn -->
        <test-method status="PASS" signature="afterEachTestMethod(org.testng.ITestResult)[pri:0, instance:test.pageobjects.LogInPageTest@3a82f6ef]" name="afterEachTestMethod" is-config="true" duration-ms="984" started-at="2018-12-30T23:42:05Z" finished-at="2018-12-30T23:42:06Z">
          <params>
            <param index="0">
              <value>
                <![CDATA[[TestResult name=invalidSignIn status=SUCCESS method=LogInPageTest.invalidSignIn(java.lang.String, java.lang.String)[pri:0, instance:test.pageobjects.LogInPageTest@3a82f6ef] output=Clicking :From Home Page]]]>
              </value>
            </param>
          </params>
          <reporter-output>
          </reporter-output>
        </test-method> <!-- afterEachTestMethod -->
        <test-method status="PASS" signature="closeOut()[pri:0, instance:test.pageobjects.LogInPageTest@3a82f6ef]" name="closeOut" is-config="true" duration-ms="1" started-at="2018-12-30T23:42:06Z" finished-at="2018-12-30T23:42:06Z">
          <reporter-output>
          </reporter-output>
        </test-method> <!-- closeOut -->
        <test-method status="PASS" signature="setUp(java.lang.String, java.lang.String, java.lang.String, java.lang.String, java.lang.String)[pri:0, instance:test.pageobjects.LogInPageTest@3a82f6ef]" name="setUp" is-config="true" duration-ms="17364" started-at="2018-12-30T23:42:06Z" finished-at="2018-12-30T23:42:24Z">
          <params>
            <param index="0">
              <value>
                <![CDATA[windows]]>
              </value>
            </param>
            <param index="1">
              <value>
                <![CDATA[10]]>
              </value>
            </param>
            <param index="2">
              <value>
                <![CDATA[chrome]]>
              </value>
            </param>
            <param index="3">
              <value>
                <![CDATA[71.0]]>
              </value>
            </param>
            <param index="4">
              <value>
                <![CDATA[http://amazon.com]]>
              </value>
            </param>
          </params>
          <reporter-output>
          </reporter-output>
        </test-method> <!-- setUp -->
        <test-method status="PASS" signature="startExtent(java.lang.reflect.Method)[pri:0, instance:test.pageobjects.LogInPageTest@3a82f6ef]" name="startExtent" is-config="true" duration-ms="0" started-at="2018-12-30T23:42:24Z" finished-at="2018-12-30T23:42:24Z">
          <params>
            <param index="0">
              <value>
                <![CDATA[public void test.pageobjects.LogInPageTest.invalidSignIn(java.lang.String,java.lang.String)]]>
              </value>
            </param>
          </params>
          <reporter-output>
          </reporter-output>
        </test-method> <!-- startExtent -->
        <test-method status="PASS" signature="initializationOfObject()[pri:0, instance:test.pageobjects.LogInPageTest@3a82f6ef]" name="initializationOfObject" is-config="true" duration-ms="1" started-at="2018-12-30T23:42:24Z" finished-at="2018-12-30T23:42:24Z">
          <reporter-output>
          </reporter-output>
        </test-method> <!-- initializationOfObject -->
        <test-method status="PASS" signature="invalidSignIn(java.lang.String, java.lang.String)[pri:0, instance:test.pageobjects.LogInPageTest@3a82f6ef]" name="invalidSignIn" duration-ms="14946" started-at="2018-12-30T23:42:24Z" data-provider="DP" finished-at="2018-12-30T23:42:39Z">
          <params>
            <param index="0">
              <value>
                <![CDATA[ghj@hotmail.com]]>
              </value>
            </param>
            <param index="1">
              <value>
                <![CDATA[ghjk]]>
              </value>
            </param>
          </params>
          <reporter-output>
            <line>
              <![CDATA[Clicking :From Home Page]]>
            </line>
            <line>
              <![CDATA[Clicked :From Home Page]]>
            </line>
            <line>
              <![CDATA[Sending ghj@hotmail.com to email Adress]]>
            </line>
            <line>
              <![CDATA[enter ghj@hotmail.com to email Adress]]>
            </line>
            <line>
              <![CDATA[Sending ghjk to password]]>
            </line>
            <line>
              <![CDATA[enter ghjk to password]]>
            </line>
            <line>
              <![CDATA[Clicking :click sign In Buton]]>
            </line>
            <line>
              <![CDATA[Clicked :click sign In Buton]]>
            </line>
          </reporter-output>
        </test-method> <!-- invalidSignIn -->
        <test-method status="PASS" signature="afterEachTestMethod(org.testng.ITestResult)[pri:0, instance:test.pageobjects.LogInPageTest@3a82f6ef]" name="afterEachTestMethod" is-config="true" duration-ms="676" started-at="2018-12-30T23:42:39Z" finished-at="2018-12-30T23:42:39Z">
          <params>
            <param index="0">
              <value>
                <![CDATA[[TestResult name=invalidSignIn status=SUCCESS method=LogInPageTest.invalidSignIn(java.lang.String, java.lang.String)[pri:0, instance:test.pageobjects.LogInPageTest@3a82f6ef] output=Clicking :From Home Page]]]>
              </value>
            </param>
          </params>
          <reporter-output>
          </reporter-output>
        </test-method> <!-- afterEachTestMethod -->
        <test-method status="PASS" signature="setUp(java.lang.String, java.lang.String, java.lang.String, java.lang.String, java.lang.String)[pri:0, instance:test.pageobjects.LogInPageTest@3a82f6ef]" name="setUp" is-config="true" duration-ms="6787" started-at="2018-12-30T23:42:39Z" finished-at="2018-12-30T23:42:46Z">
          <params>
            <param index="0">
              <value>
                <![CDATA[windows]]>
              </value>
            </param>
            <param index="1">
              <value>
                <![CDATA[10]]>
              </value>
            </param>
            <param index="2">
              <value>
                <![CDATA[chrome]]>
              </value>
            </param>
            <param index="3">
              <value>
                <![CDATA[71.0]]>
              </value>
            </param>
            <param index="4">
              <value>
                <![CDATA[http://amazon.com]]>
              </value>
            </param>
          </params>
          <reporter-output>
          </reporter-output>
        </test-method> <!-- setUp -->
        <test-method status="PASS" signature="closeOut()[pri:0, instance:test.pageobjects.LogInPageTest@3a82f6ef]" name="closeOut" is-config="true" duration-ms="0" started-at="2018-12-30T23:42:39Z" finished-at="2018-12-30T23:42:39Z">
          <reporter-output>
          </reporter-output>
        </test-method> <!-- closeOut -->
        <test-method status="PASS" signature="startExtent(java.lang.reflect.Method)[pri:0, instance:test.pageobjects.LogInPageTest@3a82f6ef]" name="startExtent" is-config="true" duration-ms="1" started-at="2018-12-30T23:42:46Z" finished-at="2018-12-30T23:42:46Z">
          <params>
            <param index="0">
              <value>
                <![CDATA[public void test.pageobjects.LogInPageTest.invalidSignIn(java.lang.String,java.lang.String)]]>
              </value>
            </param>
          </params>
          <reporter-output>
          </reporter-output>
        </test-method> <!-- startExtent -->
        <test-method status="PASS" signature="initializationOfObject()[pri:0, instance:test.pageobjects.LogInPageTest@3a82f6ef]" name="initializationOfObject" is-config="true" duration-ms="1" started-at="2018-12-30T23:42:46Z" finished-at="2018-12-30T23:42:46Z">
          <reporter-output>
          </reporter-output>
        </test-method> <!-- initializationOfObject -->
        <test-method status="PASS" signature="invalidSignIn(java.lang.String, java.lang.String)[pri:0, instance:test.pageobjects.LogInPageTest@3a82f6ef]" name="invalidSignIn" duration-ms="12342" started-at="2018-12-30T23:42:46Z" data-provider="DP" finished-at="2018-12-30T23:42:58Z">
          <params>
            <param index="0">
              <value>
                <![CDATA[dgh@yahoo.com]]>
              </value>
            </param>
            <param index="1">
              <value>
                <![CDATA[ghjk]]>
              </value>
            </param>
          </params>
          <reporter-output>
            <line>
              <![CDATA[Clicking :From Home Page]]>
            </line>
            <line>
              <![CDATA[Clicked :From Home Page]]>
            </line>
            <line>
              <![CDATA[Sending dgh@yahoo.com to email Adress]]>
            </line>
            <line>
              <![CDATA[enter dgh@yahoo.com to email Adress]]>
            </line>
            <line>
              <![CDATA[Sending ghjk to password]]>
            </line>
            <line>
              <![CDATA[enter ghjk to password]]>
            </line>
            <line>
              <![CDATA[Clicking :click sign In Buton]]>
            </line>
            <line>
              <![CDATA[Clicked :click sign In Buton]]>
            </line>
          </reporter-output>
        </test-method> <!-- invalidSignIn -->
        <test-method status="PASS" signature="afterEachTestMethod(org.testng.ITestResult)[pri:0, instance:test.pageobjects.LogInPageTest@3a82f6ef]" name="afterEachTestMethod" is-config="true" duration-ms="687" started-at="2018-12-30T23:42:58Z" finished-at="2018-12-30T23:42:59Z">
          <params>
            <param index="0">
              <value>
                <![CDATA[[TestResult name=invalidSignIn status=SUCCESS method=LogInPageTest.invalidSignIn(java.lang.String, java.lang.String)[pri:0, instance:test.pageobjects.LogInPageTest@3a82f6ef] output=Clicking :From Home Page]]]>
              </value>
            </param>
          </params>
          <reporter-output>
          </reporter-output>
        </test-method> <!-- afterEachTestMethod -->
        <test-method status="PASS" signature="closeOut()[pri:0, instance:test.pageobjects.LogInPageTest@3a82f6ef]" name="closeOut" is-config="true" duration-ms="0" started-at="2018-12-30T23:42:59Z" finished-at="2018-12-30T23:42:59Z">
          <reporter-output>
          </reporter-output>
        </test-method> <!-- closeOut -->
        <test-method status="PASS" signature="setUp(java.lang.String, java.lang.String, java.lang.String, java.lang.String, java.lang.String)[pri:0, instance:test.pageobjects.LogInPageTest@3a82f6ef]" name="setUp" is-config="true" duration-ms="7141" started-at="2018-12-30T23:42:59Z" finished-at="2018-12-30T23:43:06Z">
          <params>
            <param index="0">
              <value>
                <![CDATA[windows]]>
              </value>
            </param>
            <param index="1">
              <value>
                <![CDATA[10]]>
              </value>
            </param>
            <param index="2">
              <value>
                <![CDATA[chrome]]>
              </value>
            </param>
            <param index="3">
              <value>
                <![CDATA[71.0]]>
              </value>
            </param>
            <param index="4">
              <value>
                <![CDATA[http://amazon.com]]>
              </value>
            </param>
          </params>
          <reporter-output>
          </reporter-output>
        </test-method> <!-- setUp -->
        <test-method status="PASS" signature="initializationOfObject()[pri:0, instance:test.pageobjects.LogInPageTest@3a82f6ef]" name="initializationOfObject" is-config="true" duration-ms="1" started-at="2018-12-30T23:43:06Z" finished-at="2018-12-30T23:43:06Z">
          <reporter-output>
          </reporter-output>
        </test-method> <!-- initializationOfObject -->
        <test-method status="PASS" signature="startExtent(java.lang.reflect.Method)[pri:0, instance:test.pageobjects.LogInPageTest@3a82f6ef]" name="startExtent" is-config="true" duration-ms="0" started-at="2018-12-30T23:43:06Z" finished-at="2018-12-30T23:43:06Z">
          <params>
            <param index="0">
              <value>
                <![CDATA[public void test.pageobjects.LogInPageTest.invalidSigninByGoogleSheetApi() throws java.io.IOException]]>
              </value>
            </param>
          </params>
          <reporter-output>
          </reporter-output>
        </test-method> <!-- startExtent -->
        <test-method status="PASS" signature="invalidSigninByGoogleSheetApi()[pri:0, instance:test.pageobjects.LogInPageTest@3a82f6ef]" name="invalidSigninByGoogleSheetApi" duration-ms="15787" started-at="2018-12-30T23:43:06Z" finished-at="2018-12-30T23:43:22Z">
          <reporter-output>
            <line>
              <![CDATA[Using Sheet Number 1 and fields range  !A2:C]]>
            </line>
            <line>
              <![CDATA[Clicking :From Home Page]]>
            </line>
            <line>
              <![CDATA[Clicked :From Home Page]]>
            </line>
            <line>
              <![CDATA[Sending 1235@dwe to email Adress]]>
            </line>
            <line>
              <![CDATA[enter 1235@dwe to email Adress]]>
            </line>
            <line>
              <![CDATA[Sending e2e3 to password]]>
            </line>
            <line>
              <![CDATA[enter e2e3 to password]]>
            </line>
            <line>
              <![CDATA[Clicking :click sign In Buton]]>
            </line>
            <line>
              <![CDATA[Clicked :click sign In Buton]]>
            </line>
            <line>
              <![CDATA[Sending e2332@rde1 to email Adress]]>
            </line>
            <line>
              <![CDATA[enter e2332@rde1 to email Adress]]>
            </line>
            <line>
              <![CDATA[Sending e3dr3 to password]]>
            </line>
            <line>
              <![CDATA[enter e3dr3 to password]]>
            </line>
            <line>
              <![CDATA[Sending 5432222 to Enter capcha values]]>
            </line>
            <line>
              <![CDATA[enter 5432222 to Enter capcha values]]>
            </line>
            <line>
              <![CDATA[Clicking :click sign In Buton]]>
            </line>
            <line>
              <![CDATA[Clicked :click sign In Buton]]>
            </line>
            <line>
              <![CDATA[Sending drec@fef to email Adress]]>
            </line>
            <line>
              <![CDATA[enter drec@fef to email Adress]]>
            </line>
            <line>
              <![CDATA[Sending wrgwg to password]]>
            </line>
            <line>
              <![CDATA[enter wrgwg to password]]>
            </line>
            <line>
              <![CDATA[Sending 5432222 to Enter capcha values]]>
            </line>
            <line>
              <![CDATA[enter 5432222 to Enter capcha values]]>
            </line>
            <line>
              <![CDATA[Clicking :click sign In Buton]]>
            </line>
            <line>
              <![CDATA[Clicked :click sign In Buton]]>
            </line>
            <line>
              <![CDATA[Sending cgccgh@hotmail.com to email Adress]]>
            </line>
            <line>
              <![CDATA[enter cgccgh@hotmail.com to email Adress]]>
            </line>
            <line>
              <![CDATA[Sending 365346 to password]]>
            </line>
            <line>
              <![CDATA[enter 365346 to password]]>
            </line>
            <line>
              <![CDATA[Sending 5432222 to Enter capcha values]]>
            </line>
            <line>
              <![CDATA[enter 5432222 to Enter capcha values]]>
            </line>
            <line>
              <![CDATA[Clicking :click sign In Buton]]>
            </line>
            <line>
              <![CDATA[Clicked :click sign In Buton]]>
            </line>
            <line>
              <![CDATA[Sending 1235@dwe to email Adress]]>
            </line>
            <line>
              <![CDATA[enter 1235@dwe to email Adress]]>
            </line>
            <line>
              <![CDATA[Sending e2e3 to password]]>
            </line>
            <line>
              <![CDATA[enter e2e3 to password]]>
            </line>
            <line>
              <![CDATA[Sending 5432222 to Enter capcha values]]>
            </line>
            <line>
              <![CDATA[enter 5432222 to Enter capcha values]]>
            </line>
            <line>
              <![CDATA[Clicking :click sign In Buton]]>
            </line>
            <line>
              <![CDATA[Clicked :click sign In Buton]]>
            </line>
            <line>
              <![CDATA[Sending e2332@rde1 to email Adress]]>
            </line>
            <line>
              <![CDATA[enter e2332@rde1 to email Adress]]>
            </line>
            <line>
              <![CDATA[Sending e3dr3 to password]]>
            </line>
            <line>
              <![CDATA[enter e3dr3 to password]]>
            </line>
            <line>
              <![CDATA[Sending 5432222 to Enter capcha values]]>
            </line>
            <line>
              <![CDATA[enter 5432222 to Enter capcha values]]>
            </line>
            <line>
              <![CDATA[Clicking :click sign In Buton]]>
            </line>
            <line>
              <![CDATA[Clicked :click sign In Buton]]>
            </line>
            <line>
              <![CDATA[Sending drec@fef to email Adress]]>
            </line>
            <line>
              <![CDATA[enter drec@fef to email Adress]]>
            </line>
            <line>
              <![CDATA[Sending wrgwg to password]]>
            </line>
            <line>
              <![CDATA[enter wrgwg to password]]>
            </line>
            <line>
              <![CDATA[Sending 5432222 to Enter capcha values]]>
            </line>
            <line>
              <![CDATA[enter 5432222 to Enter capcha values]]>
            </line>
            <line>
              <![CDATA[Clicking :click sign In Buton]]>
            </line>
            <line>
              <![CDATA[Clicked :click sign In Buton]]>
            </line>
            <line>
              <![CDATA[Sending cgccgh@hotmail.com to email Adress]]>
            </line>
            <line>
              <![CDATA[enter cgccgh@hotmail.com to email Adress]]>
            </line>
            <line>
              <![CDATA[Sending 365346 to password]]>
            </line>
            <line>
              <![CDATA[enter 365346 to password]]>
            </line>
            <line>
              <![CDATA[Sending 5432222 to Enter capcha values]]>
            </line>
            <line>
              <![CDATA[enter 5432222 to Enter capcha values]]>
            </line>
            <line>
              <![CDATA[Clicking :click sign In Buton]]>
            </line>
            <line>
              <![CDATA[Clicked :click sign In Buton]]>
            </line>
          </reporter-output>
        </test-method> <!-- invalidSigninByGoogleSheetApi -->
        <test-method status="PASS" signature="afterEachTestMethod(org.testng.ITestResult)[pri:0, instance:test.pageobjects.LogInPageTest@3a82f6ef]" name="afterEachTestMethod" is-config="true" duration-ms="847" started-at="2018-12-30T23:43:22Z" finished-at="2018-12-30T23:43:23Z">
          <params>
            <param index="0">
              <value>
                <![CDATA[[TestResult name=invalidSigninByGoogleSheetApi status=SUCCESS method=LogInPageTest.invalidSigninByGoogleSheetApi()[pri:0, instance:test.pageobjects.LogInPageTest@3a82f6ef] output=Using Sheet Number 1 and fields range  !A2:C]]]>
              </value>
            </param>
          </params>
          <reporter-output>
          </reporter-output>
        </test-method> <!-- afterEachTestMethod -->
        <test-method status="PASS" signature="closeOut()[pri:0, instance:test.pageobjects.LogInPageTest@3a82f6ef]" name="closeOut" is-config="true" duration-ms="0" started-at="2018-12-30T23:43:23Z" finished-at="2018-12-30T23:43:23Z">
          <reporter-output>
          </reporter-output>
        </test-method> <!-- closeOut -->
        <test-method status="SKIP" signature="generateReport()[pri:0, instance:test.pageobjects.LogInPageTest@3a82f6ef]" name="generateReport" is-config="true" duration-ms="0" started-at="2018-12-30T23:52:41Z" finished-at="2018-12-30T23:52:41Z">
          <reporter-output>
          </reporter-output>
        </test-method> <!-- generateReport -->
      </class> <!-- test.pageobjects.LogInPageTest -->
      <class name="test.pageobjects.TestSearchBox">
        <test-method status="PASS" signature="setUp(java.lang.String, java.lang.String, java.lang.String, java.lang.String, java.lang.String)[pri:0, instance:test.pageobjects.TestSearchBox@643b1d11]" name="setUp" is-config="true" duration-ms="9372" started-at="2018-12-30T23:44:45Z" finished-at="2018-12-30T23:44:54Z">
          <params>
            <param index="0">
              <value>
                <![CDATA[windows]]>
              </value>
            </param>
            <param index="1">
              <value>
                <![CDATA[10]]>
              </value>
            </param>
            <param index="2">
              <value>
                <![CDATA[chrome]]>
              </value>
            </param>
            <param index="3">
              <value>
                <![CDATA[71.0]]>
              </value>
            </param>
            <param index="4">
              <value>
                <![CDATA[http://amazon.com]]>
              </value>
            </param>
          </params>
          <reporter-output>
          </reporter-output>
        </test-method> <!-- setUp -->
        <test-method status="PASS" signature="startExtent(java.lang.reflect.Method)[pri:0, instance:test.pageobjects.TestSearchBox@643b1d11]" name="startExtent" is-config="true" duration-ms="1" started-at="2018-12-30T23:44:54Z" finished-at="2018-12-30T23:44:54Z">
          <params>
            <param index="0">
              <value>
                <![CDATA[public void test.pageobjects.TestSearchBox.dropdownListTest()]]>
              </value>
            </param>
          </params>
          <reporter-output>
          </reporter-output>
        </test-method> <!-- startExtent -->
        <test-method status="PASS" signature="initializationOfObjects()[pri:0, instance:test.pageobjects.TestSearchBox@643b1d11]" name="initializationOfObjects" is-config="true" duration-ms="2" started-at="2018-12-30T23:44:54Z" finished-at="2018-12-30T23:44:54Z">
          <reporter-output>
          </reporter-output>
        </test-method> <!-- initializationOfObjects -->
        <test-method status="PASS" signature="dropdownListTest()[pri:0, instance:test.pageobjects.TestSearchBox@643b1d11]" name="dropdownListTest" duration-ms="1255" started-at="2018-12-30T23:44:54Z" finished-at="2018-12-30T23:44:55Z">
          <reporter-output>
            <line>
              <![CDATA[Clicking :Amazon Device]]>
            </line>
          </reporter-output>
        </test-method> <!-- dropdownListTest -->
        <test-method status="PASS" signature="afterEachTestMethod(org.testng.ITestResult)[pri:0, instance:test.pageobjects.TestSearchBox@643b1d11]" name="afterEachTestMethod" is-config="true" duration-ms="955" started-at="2018-12-30T23:44:55Z" finished-at="2018-12-30T23:44:56Z">
          <params>
            <param index="0">
              <value>
                <![CDATA[[TestResult name=dropdownListTest status=SUCCESS method=TestSearchBox.dropdownListTest()[pri:0, instance:test.pageobjects.TestSearchBox@643b1d11] output=Clicking :Amazon Device]]]>
              </value>
            </param>
          </params>
          <reporter-output>
          </reporter-output>
        </test-method> <!-- afterEachTestMethod -->
        <test-method status="PASS" signature="closeOut()[pri:0, instance:test.pageobjects.TestSearchBox@643b1d11]" name="closeOut" is-config="true" duration-ms="1" started-at="2018-12-30T23:44:56Z" finished-at="2018-12-30T23:44:56Z">
          <reporter-output>
          </reporter-output>
        </test-method> <!-- closeOut -->
        <test-method status="PASS" signature="setUp(java.lang.String, java.lang.String, java.lang.String, java.lang.String, java.lang.String)[pri:0, instance:test.pageobjects.TestSearchBox@643b1d11]" name="setUp" is-config="true" duration-ms="9680" started-at="2018-12-30T23:44:56Z" finished-at="2018-12-30T23:45:06Z">
          <params>
            <param index="0">
              <value>
                <![CDATA[windows]]>
              </value>
            </param>
            <param index="1">
              <value>
                <![CDATA[10]]>
              </value>
            </param>
            <param index="2">
              <value>
                <![CDATA[chrome]]>
              </value>
            </param>
            <param index="3">
              <value>
                <![CDATA[71.0]]>
              </value>
            </param>
            <param index="4">
              <value>
                <![CDATA[http://amazon.com]]>
              </value>
            </param>
          </params>
          <reporter-output>
          </reporter-output>
        </test-method> <!-- setUp -->
        <test-method status="PASS" signature="initializationOfObjects()[pri:0, instance:test.pageobjects.TestSearchBox@643b1d11]" name="initializationOfObjects" is-config="true" duration-ms="1" started-at="2018-12-30T23:45:06Z" finished-at="2018-12-30T23:45:06Z">
          <reporter-output>
          </reporter-output>
        </test-method> <!-- initializationOfObjects -->
        <test-method status="PASS" signature="startExtent(java.lang.reflect.Method)[pri:0, instance:test.pageobjects.TestSearchBox@643b1d11]" name="startExtent" is-config="true" duration-ms="0" started-at="2018-12-30T23:45:06Z" finished-at="2018-12-30T23:45:06Z">
          <params>
            <param index="0">
              <value>
                <![CDATA[public void test.pageobjects.TestSearchBox.searchBoxTest()]]>
              </value>
            </param>
          </params>
          <reporter-output>
          </reporter-output>
        </test-method> <!-- startExtent -->
        <test-method status="PASS" signature="searchBoxTest()[pri:0, instance:test.pageobjects.TestSearchBox@643b1d11]" name="searchBoxTest" duration-ms="5458" started-at="2018-12-30T23:45:06Z" finished-at="2018-12-30T23:45:12Z">
          <reporter-output>
            <line>
              <![CDATA[Clicking :Drop Down Selecton]]>
            </line>
            <line>
              <![CDATA[Clicked :Drop Down Selecton]]>
            </line>
          </reporter-output>
        </test-method> <!-- searchBoxTest -->
        <test-method status="PASS" signature="afterEachTestMethod(org.testng.ITestResult)[pri:0, instance:test.pageobjects.TestSearchBox@643b1d11]" name="afterEachTestMethod" is-config="true" duration-ms="688" started-at="2018-12-30T23:45:12Z" finished-at="2018-12-30T23:45:12Z">
          <params>
            <param index="0">
              <value>
                <![CDATA[[TestResult name=searchBoxTest status=SUCCESS method=TestSearchBox.searchBoxTest()[pri:0, instance:test.pageobjects.TestSearchBox@643b1d11] output=Clicking :Drop Down Selecton]]]>
              </value>
            </param>
          </params>
          <reporter-output>
          </reporter-output>
        </test-method> <!-- afterEachTestMethod -->
        <test-method status="PASS" signature="closeOut()[pri:0, instance:test.pageobjects.TestSearchBox@643b1d11]" name="closeOut" is-config="true" duration-ms="0" started-at="2018-12-30T23:45:12Z" finished-at="2018-12-30T23:45:12Z">
          <reporter-output>
          </reporter-output>
        </test-method> <!-- closeOut -->
        <test-method status="PASS" signature="setUp(java.lang.String, java.lang.String, java.lang.String, java.lang.String, java.lang.String)[pri:0, instance:test.pageobjects.TestSearchBox@643b1d11]" name="setUp" is-config="true" duration-ms="7669" started-at="2018-12-30T23:45:12Z" finished-at="2018-12-30T23:45:20Z">
          <params>
            <param index="0">
              <value>
                <![CDATA[windows]]>
              </value>
            </param>
            <param index="1">
              <value>
                <![CDATA[10]]>
              </value>
            </param>
            <param index="2">
              <value>
                <![CDATA[chrome]]>
              </value>
            </param>
            <param index="3">
              <value>
                <![CDATA[71.0]]>
              </value>
            </param>
            <param index="4">
              <value>
                <![CDATA[http://amazon.com]]>
              </value>
            </param>
          </params>
          <reporter-output>
          </reporter-output>
        </test-method> <!-- setUp -->
        <test-method status="PASS" signature="startExtent(java.lang.reflect.Method)[pri:0, instance:test.pageobjects.TestSearchBox@643b1d11]" name="startExtent" is-config="true" duration-ms="0" started-at="2018-12-30T23:45:20Z" finished-at="2018-12-30T23:45:20Z">
          <params>
            <param index="0">
              <value>
                <![CDATA[public void test.pageobjects.TestSearchBox.searchBoxTextTest()]]>
              </value>
            </param>
          </params>
          <reporter-output>
          </reporter-output>
        </test-method> <!-- startExtent -->
        <test-method status="PASS" signature="initializationOfObjects()[pri:0, instance:test.pageobjects.TestSearchBox@643b1d11]" name="initializationOfObjects" is-config="true" duration-ms="1" started-at="2018-12-30T23:45:20Z" finished-at="2018-12-30T23:45:20Z">
          <reporter-output>
          </reporter-output>
        </test-method> <!-- initializationOfObjects -->
        <test-method status="PASS" signature="searchBoxTextTest()[pri:0, instance:test.pageobjects.TestSearchBox@643b1d11]" name="searchBoxTextTest" duration-ms="2821" started-at="2018-12-30T23:45:20Z" finished-at="2018-12-30T23:45:23Z">
          <reporter-output>
            <line>
              <![CDATA[Sending KeyWord]]>
            </line>
            <line>
              <![CDATA[Keys arrived]]>
            </line>
            <line>
              <![CDATA[Enter Pressed]]>
            </line>
          </reporter-output>
        </test-method> <!-- searchBoxTextTest -->
        <test-method status="PASS" signature="afterEachTestMethod(org.testng.ITestResult)[pri:0, instance:test.pageobjects.TestSearchBox@643b1d11]" name="afterEachTestMethod" is-config="true" duration-ms="818" started-at="2018-12-30T23:45:23Z" finished-at="2018-12-30T23:45:24Z">
          <params>
            <param index="0">
              <value>
                <![CDATA[[TestResult name=searchBoxTextTest status=SUCCESS method=TestSearchBox.searchBoxTextTest()[pri:0, instance:test.pageobjects.TestSearchBox@643b1d11] output=Sending KeyWord]]]>
              </value>
            </param>
          </params>
          <reporter-output>
          </reporter-output>
        </test-method> <!-- afterEachTestMethod -->
        <test-method status="PASS" signature="setUp(java.lang.String, java.lang.String, java.lang.String, java.lang.String, java.lang.String)[pri:0, instance:test.pageobjects.TestSearchBox@643b1d11]" name="setUp" is-config="true" duration-ms="6819" started-at="2018-12-30T23:45:24Z" finished-at="2018-12-30T23:45:30Z">
          <params>
            <param index="0">
              <value>
                <![CDATA[windows]]>
              </value>
            </param>
            <param index="1">
              <value>
                <![CDATA[10]]>
              </value>
            </param>
            <param index="2">
              <value>
                <![CDATA[chrome]]>
              </value>
            </param>
            <param index="3">
              <value>
                <![CDATA[71.0]]>
              </value>
            </param>
            <param index="4">
              <value>
                <![CDATA[http://amazon.com]]>
              </value>
            </param>
          </params>
          <reporter-output>
          </reporter-output>
        </test-method> <!-- setUp -->
        <test-method status="PASS" signature="closeOut()[pri:0, instance:test.pageobjects.TestSearchBox@643b1d11]" name="closeOut" is-config="true" duration-ms="0" started-at="2018-12-30T23:45:24Z" finished-at="2018-12-30T23:45:24Z">
          <reporter-output>
          </reporter-output>
        </test-method> <!-- closeOut -->
        <test-method status="PASS" signature="initializationOfObjects()[pri:0, instance:test.pageobjects.TestSearchBox@643b1d11]" name="initializationOfObjects" is-config="true" duration-ms="1" started-at="2018-12-30T23:45:30Z" finished-at="2018-12-30T23:45:30Z">
          <reporter-output>
          </reporter-output>
        </test-method> <!-- initializationOfObjects -->
        <test-method status="PASS" signature="startExtent(java.lang.reflect.Method)[pri:0, instance:test.pageobjects.TestSearchBox@643b1d11]" name="startExtent" is-config="true" duration-ms="0" started-at="2018-12-30T23:45:30Z" finished-at="2018-12-30T23:45:30Z">
          <params>
            <param index="0">
              <value>
                <![CDATA[public void test.pageobjects.TestSearchBox.searchIconTest() throws java.lang.InterruptedException]]>
              </value>
            </param>
          </params>
          <reporter-output>
          </reporter-output>
        </test-method> <!-- startExtent -->
        <test-method status="PASS" signature="searchIconTest()[pri:0, instance:test.pageobjects.TestSearchBox@643b1d11]" name="searchIconTest" duration-ms="7605" started-at="2018-12-30T23:45:30Z" finished-at="2018-12-30T23:45:38Z">
          <reporter-output>
            <line>
              <![CDATA[Sending KeyWord]]>
            </line>
            <line>
              <![CDATA[Keys arrived]]>
            </line>
            <line>
              <![CDATA[Enter Pressed]]>
            </line>
            <line>
              <![CDATA[Clicked :Search Icon]]>
            </line>
          </reporter-output>
        </test-method> <!-- searchIconTest -->
        <test-method status="PASS" signature="afterEachTestMethod(org.testng.ITestResult)[pri:0, instance:test.pageobjects.TestSearchBox@643b1d11]" name="afterEachTestMethod" is-config="true" duration-ms="768" started-at="2018-12-30T23:45:38Z" finished-at="2018-12-30T23:45:39Z">
          <params>
            <param index="0">
              <value>
                <![CDATA[[TestResult name=searchIconTest status=SUCCESS method=TestSearchBox.searchIconTest()[pri:0, instance:test.pageobjects.TestSearchBox@643b1d11] output=Sending KeyWord]]]>
              </value>
            </param>
          </params>
          <reporter-output>
          </reporter-output>
        </test-method> <!-- afterEachTestMethod -->
        <test-method status="PASS" signature="closeOut()[pri:0, instance:test.pageobjects.TestSearchBox@643b1d11]" name="closeOut" is-config="true" duration-ms="1" started-at="2018-12-30T23:45:39Z" finished-at="2018-12-30T23:45:39Z">
          <reporter-output>
          </reporter-output>
        </test-method> <!-- closeOut -->
      </class> <!-- test.pageobjects.TestSearchBox -->
      <class name="test.pageobjects.TestLogIn">
        <test-method status="PASS" signature="setUp(java.lang.String, java.lang.String, java.lang.String, java.lang.String, java.lang.String)[pri:0, instance:test.pageobjects.TestLogIn@100fc185]" name="setUp" is-config="true" duration-ms="11694" started-at="2018-12-30T23:43:23Z" finished-at="2018-12-30T23:43:34Z">
          <params>
            <param index="0">
              <value>
                <![CDATA[windows]]>
              </value>
            </param>
            <param index="1">
              <value>
                <![CDATA[10]]>
              </value>
            </param>
            <param index="2">
              <value>
                <![CDATA[chrome]]>
              </value>
            </param>
            <param index="3">
              <value>
                <![CDATA[71.0]]>
              </value>
            </param>
            <param index="4">
              <value>
                <![CDATA[http://amazon.com]]>
              </value>
            </param>
          </params>
          <reporter-output>
          </reporter-output>
        </test-method> <!-- setUp -->
        <test-method status="PASS" signature="initializationOfObject()[pri:0, instance:test.pageobjects.TestLogIn@100fc185]" name="initializationOfObject" is-config="true" duration-ms="2" started-at="2018-12-30T23:43:34Z" finished-at="2018-12-30T23:43:34Z">
          <reporter-output>
          </reporter-output>
        </test-method> <!-- initializationOfObject -->
        <test-method status="PASS" signature="startExtent(java.lang.reflect.Method)[pri:0, instance:test.pageobjects.TestLogIn@100fc185]" name="startExtent" is-config="true" duration-ms="0" started-at="2018-12-30T23:43:34Z" finished-at="2018-12-30T23:43:34Z">
          <params>
            <param index="0">
              <value>
                <![CDATA[public void test.pageobjects.TestLogIn.completeLoginTest() throws java.lang.InterruptedException]]>
              </value>
            </param>
          </params>
          <reporter-output>
          </reporter-output>
        </test-method> <!-- startExtent -->
        <test-method status="PASS" signature="completeLoginTest()[pri:0, instance:test.pageobjects.TestLogIn@100fc185]" name="completeLoginTest" duration-ms="3713" started-at="2018-12-30T23:43:34Z" finished-at="2018-12-30T23:43:38Z">
          <reporter-output>
          </reporter-output>
        </test-method> <!-- completeLoginTest -->
        <test-method status="PASS" signature="afterEachTestMethod(org.testng.ITestResult)[pri:0, instance:test.pageobjects.TestLogIn@100fc185]" name="afterEachTestMethod" is-config="true" duration-ms="867" started-at="2018-12-30T23:43:38Z" finished-at="2018-12-30T23:43:39Z">
          <params>
            <param index="0">
              <value>
                <![CDATA[[TestResult name=completeLoginTest status=SUCCESS method=TestLogIn.completeLoginTest()[pri:0, instance:test.pageobjects.TestLogIn@100fc185] output={null}]]]>
              </value>
            </param>
          </params>
          <reporter-output>
          </reporter-output>
        </test-method> <!-- afterEachTestMethod -->
        <test-method status="PASS" signature="closeOut()[pri:0, instance:test.pageobjects.TestLogIn@100fc185]" name="closeOut" is-config="true" duration-ms="0" started-at="2018-12-30T23:43:39Z" finished-at="2018-12-30T23:43:39Z">
          <reporter-output>
          </reporter-output>
        </test-method> <!-- closeOut -->
        <test-method status="PASS" signature="setUp(java.lang.String, java.lang.String, java.lang.String, java.lang.String, java.lang.String)[pri:0, instance:test.pageobjects.TestLogIn@100fc185]" name="setUp" is-config="true" duration-ms="11145" started-at="2018-12-30T23:43:39Z" finished-at="2018-12-30T23:43:50Z">
          <params>
            <param index="0">
              <value>
                <![CDATA[windows]]>
              </value>
            </param>
            <param index="1">
              <value>
                <![CDATA[10]]>
              </value>
            </param>
            <param index="2">
              <value>
                <![CDATA[chrome]]>
              </value>
            </param>
            <param index="3">
              <value>
                <![CDATA[71.0]]>
              </value>
            </param>
            <param index="4">
              <value>
                <![CDATA[http://amazon.com]]>
              </value>
            </param>
          </params>
          <reporter-output>
          </reporter-output>
        </test-method> <!-- setUp -->
        <test-method status="PASS" signature="initializationOfObject()[pri:0, instance:test.pageobjects.TestLogIn@100fc185]" name="initializationOfObject" is-config="true" duration-ms="1" started-at="2018-12-30T23:43:50Z" finished-at="2018-12-30T23:43:50Z">
          <reporter-output>
          </reporter-output>
        </test-method> <!-- initializationOfObject -->
        <test-method status="PASS" signature="startExtent(java.lang.reflect.Method)[pri:0, instance:test.pageobjects.TestLogIn@100fc185]" name="startExtent" is-config="true" duration-ms="0" started-at="2018-12-30T23:43:50Z" finished-at="2018-12-30T23:43:50Z">
          <params>
            <param index="0">
              <value>
                <![CDATA[public void test.pageobjects.TestLogIn.emailTest()]]>
              </value>
            </param>
          </params>
          <reporter-output>
          </reporter-output>
        </test-method> <!-- startExtent -->
        <test-method status="PASS" signature="emailTest()[pri:0, instance:test.pageobjects.TestLogIn@100fc185]" name="emailTest" duration-ms="1777" started-at="2018-12-30T23:43:50Z" finished-at="2018-12-30T23:43:52Z">
          <reporter-output>
            <line>
              <![CDATA[Clicking :Email]]>
            </line>
            <line>
              <![CDATA[Clicked :Email]]>
            </line>
          </reporter-output>
        </test-method> <!-- emailTest -->
        <test-method status="PASS" signature="afterEachTestMethod(org.testng.ITestResult)[pri:0, instance:test.pageobjects.TestLogIn@100fc185]" name="afterEachTestMethod" is-config="true" duration-ms="903" started-at="2018-12-30T23:43:52Z" finished-at="2018-12-30T23:43:53Z">
          <params>
            <param index="0">
              <value>
                <![CDATA[[TestResult name=emailTest status=SUCCESS method=TestLogIn.emailTest()[pri:0, instance:test.pageobjects.TestLogIn@100fc185] output=Clicking :Email]]]>
              </value>
            </param>
          </params>
          <reporter-output>
          </reporter-output>
        </test-method> <!-- afterEachTestMethod -->
        <test-method status="PASS" signature="closeOut()[pri:0, instance:test.pageobjects.TestLogIn@100fc185]" name="closeOut" is-config="true" duration-ms="1" started-at="2018-12-30T23:43:53Z" finished-at="2018-12-30T23:43:53Z">
          <reporter-output>
          </reporter-output>
        </test-method> <!-- closeOut -->
        <test-method status="PASS" signature="setUp(java.lang.String, java.lang.String, java.lang.String, java.lang.String, java.lang.String)[pri:0, instance:test.pageobjects.TestLogIn@100fc185]" name="setUp" is-config="true" duration-ms="9984" started-at="2018-12-30T23:43:53Z" finished-at="2018-12-30T23:44:03Z">
          <params>
            <param index="0">
              <value>
                <![CDATA[windows]]>
              </value>
            </param>
            <param index="1">
              <value>
                <![CDATA[10]]>
              </value>
            </param>
            <param index="2">
              <value>
                <![CDATA[chrome]]>
              </value>
            </param>
            <param index="3">
              <value>
                <![CDATA[71.0]]>
              </value>
            </param>
            <param index="4">
              <value>
                <![CDATA[http://amazon.com]]>
              </value>
            </param>
          </params>
          <reporter-output>
          </reporter-output>
        </test-method> <!-- setUp -->
        <test-method status="PASS" signature="startExtent(java.lang.reflect.Method)[pri:0, instance:test.pageobjects.TestLogIn@100fc185]" name="startExtent" is-config="true" duration-ms="1" started-at="2018-12-30T23:44:03Z" finished-at="2018-12-30T23:44:03Z">
          <params>
            <param index="0">
              <value>
                <![CDATA[public void test.pageobjects.TestLogIn.loginTest()]]>
              </value>
            </param>
          </params>
          <reporter-output>
          </reporter-output>
        </test-method> <!-- startExtent -->
        <test-method status="PASS" signature="initializationOfObject()[pri:0, instance:test.pageobjects.TestLogIn@100fc185]" name="initializationOfObject" is-config="true" duration-ms="0" started-at="2018-12-30T23:44:03Z" finished-at="2018-12-30T23:44:03Z">
          <reporter-output>
          </reporter-output>
        </test-method> <!-- initializationOfObject -->
        <test-method status="PASS" signature="loginTest()[pri:0, instance:test.pageobjects.TestLogIn@100fc185]" name="loginTest" duration-ms="8504" started-at="2018-12-30T23:44:03Z" finished-at="2018-12-30T23:44:11Z">
          <reporter-output>
            <line>
              <![CDATA[Clicking :Log In]]>
            </line>
            <line>
              <![CDATA[Clicked :Log In]]>
            </line>
          </reporter-output>
        </test-method> <!-- loginTest -->
        <test-method status="PASS" signature="afterEachTestMethod(org.testng.ITestResult)[pri:0, instance:test.pageobjects.TestLogIn@100fc185]" name="afterEachTestMethod" is-config="true" duration-ms="674" started-at="2018-12-30T23:44:11Z" finished-at="2018-12-30T23:44:12Z">
          <params>
            <param index="0">
              <value>
                <![CDATA[[TestResult name=loginTest status=SUCCESS method=TestLogIn.loginTest()[pri:0, instance:test.pageobjects.TestLogIn@100fc185] output=Clicking :Log In]]]>
              </value>
            </param>
          </params>
          <reporter-output>
          </reporter-output>
        </test-method> <!-- afterEachTestMethod -->
        <test-method status="PASS" signature="closeOut()[pri:0, instance:test.pageobjects.TestLogIn@100fc185]" name="closeOut" is-config="true" duration-ms="0" started-at="2018-12-30T23:44:12Z" finished-at="2018-12-30T23:44:12Z">
          <reporter-output>
          </reporter-output>
        </test-method> <!-- closeOut -->
        <test-method status="PASS" signature="setUp(java.lang.String, java.lang.String, java.lang.String, java.lang.String, java.lang.String)[pri:0, instance:test.pageobjects.TestLogIn@100fc185]" name="setUp" is-config="true" duration-ms="12334" started-at="2018-12-30T23:44:12Z" finished-at="2018-12-30T23:44:24Z">
          <params>
            <param index="0">
              <value>
                <![CDATA[windows]]>
              </value>
            </param>
            <param index="1">
              <value>
                <![CDATA[10]]>
              </value>
            </param>
            <param index="2">
              <value>
                <![CDATA[chrome]]>
              </value>
            </param>
            <param index="3">
              <value>
                <![CDATA[71.0]]>
              </value>
            </param>
            <param index="4">
              <value>
                <![CDATA[http://amazon.com]]>
              </value>
            </param>
          </params>
          <reporter-output>
          </reporter-output>
        </test-method> <!-- setUp -->
        <test-method status="PASS" signature="initializationOfObject()[pri:0, instance:test.pageobjects.TestLogIn@100fc185]" name="initializationOfObject" is-config="true" duration-ms="1" started-at="2018-12-30T23:44:24Z" finished-at="2018-12-30T23:44:24Z">
          <reporter-output>
          </reporter-output>
        </test-method> <!-- initializationOfObject -->
        <test-method status="PASS" signature="startExtent(java.lang.reflect.Method)[pri:0, instance:test.pageobjects.TestLogIn@100fc185]" name="startExtent" is-config="true" duration-ms="0" started-at="2018-12-30T23:44:24Z" finished-at="2018-12-30T23:44:24Z">
          <params>
            <param index="0">
              <value>
                <![CDATA[public void test.pageobjects.TestLogIn.passwordTest()]]>
              </value>
            </param>
          </params>
          <reporter-output>
          </reporter-output>
        </test-method> <!-- startExtent -->
        <test-method status="PASS" signature="passwordTest()[pri:0, instance:test.pageobjects.TestLogIn@100fc185]" name="passwordTest" duration-ms="1889" started-at="2018-12-30T23:44:24Z" finished-at="2018-12-30T23:44:26Z">
          <reporter-output>
            <line>
              <![CDATA[Clicking :Password]]>
            </line>
            <line>
              <![CDATA[Clicked :Password]]>
            </line>
          </reporter-output>
        </test-method> <!-- passwordTest -->
        <test-method status="PASS" signature="afterEachTestMethod(org.testng.ITestResult)[pri:0, instance:test.pageobjects.TestLogIn@100fc185]" name="afterEachTestMethod" is-config="true" duration-ms="946" started-at="2018-12-30T23:44:26Z" finished-at="2018-12-30T23:44:27Z">
          <params>
            <param index="0">
              <value>
                <![CDATA[[TestResult name=passwordTest status=SUCCESS method=TestLogIn.passwordTest()[pri:0, instance:test.pageobjects.TestLogIn@100fc185] output=Clicking :Password]]]>
              </value>
            </param>
          </params>
          <reporter-output>
          </reporter-output>
        </test-method> <!-- afterEachTestMethod -->
        <test-method status="PASS" signature="closeOut()[pri:0, instance:test.pageobjects.TestLogIn@100fc185]" name="closeOut" is-config="true" duration-ms="0" started-at="2018-12-30T23:44:27Z" finished-at="2018-12-30T23:44:27Z">
          <reporter-output>
          </reporter-output>
        </test-method> <!-- closeOut -->
        <test-method status="PASS" signature="setUp(java.lang.String, java.lang.String, java.lang.String, java.lang.String, java.lang.String)[pri:0, instance:test.pageobjects.TestLogIn@100fc185]" name="setUp" is-config="true" duration-ms="6854" started-at="2018-12-30T23:44:27Z" finished-at="2018-12-30T23:44:34Z">
          <params>
            <param index="0">
              <value>
                <![CDATA[windows]]>
              </value>
            </param>
            <param index="1">
              <value>
                <![CDATA[10]]>
              </value>
            </param>
            <param index="2">
              <value>
                <![CDATA[chrome]]>
              </value>
            </param>
            <param index="3">
              <value>
                <![CDATA[71.0]]>
              </value>
            </param>
            <param index="4">
              <value>
                <![CDATA[http://amazon.com]]>
              </value>
            </param>
          </params>
          <reporter-output>
          </reporter-output>
        </test-method> <!-- setUp -->
        <test-method status="PASS" signature="startExtent(java.lang.reflect.Method)[pri:0, instance:test.pageobjects.TestLogIn@100fc185]" name="startExtent" is-config="true" duration-ms="1" started-at="2018-12-30T23:44:34Z" finished-at="2018-12-30T23:44:34Z">
          <params>
            <param index="0">
              <value>
                <![CDATA[public void test.pageobjects.TestLogIn.signInButtonTest()]]>
              </value>
            </param>
          </params>
          <reporter-output>
          </reporter-output>
        </test-method> <!-- startExtent -->
        <test-method status="PASS" signature="initializationOfObject()[pri:0, instance:test.pageobjects.TestLogIn@100fc185]" name="initializationOfObject" is-config="true" duration-ms="0" started-at="2018-12-30T23:44:34Z" finished-at="2018-12-30T23:44:34Z">
          <reporter-output>
          </reporter-output>
        </test-method> <!-- initializationOfObject -->
        <test-method status="PASS" signature="signInButtonTest()[pri:0, instance:test.pageobjects.TestLogIn@100fc185]" name="signInButtonTest" duration-ms="9887" started-at="2018-12-30T23:44:34Z" finished-at="2018-12-30T23:44:44Z">
          <reporter-output>
            <line>
              <![CDATA[Clicking :Sign In Button]]>
            </line>
            <line>
              <![CDATA[Clicked :Sign In Button]]>
            </line>
          </reporter-output>
        </test-method> <!-- signInButtonTest -->
        <test-method status="PASS" signature="afterEachTestMethod(org.testng.ITestResult)[pri:0, instance:test.pageobjects.TestLogIn@100fc185]" name="afterEachTestMethod" is-config="true" duration-ms="841" started-at="2018-12-30T23:44:44Z" finished-at="2018-12-30T23:44:45Z">
          <params>
            <param index="0">
              <value>
                <![CDATA[[TestResult name=signInButtonTest status=SUCCESS method=TestLogIn.signInButtonTest()[pri:0, instance:test.pageobjects.TestLogIn@100fc185] output=Clicking :Sign In Button]]]>
              </value>
            </param>
          </params>
          <reporter-output>
          </reporter-output>
        </test-method> <!-- afterEachTestMethod -->
        <test-method status="PASS" signature="closeOut()[pri:0, instance:test.pageobjects.TestLogIn@100fc185]" name="closeOut" is-config="true" duration-ms="1" started-at="2018-12-30T23:44:45Z" finished-at="2018-12-30T23:44:45Z">
          <reporter-output>
          </reporter-output>
        </test-method> <!-- closeOut -->
      </class> <!-- test.pageobjects.TestLogIn -->
      <class name="test.pageobjects.TestNavigationBarLink">
        <test-method status="PASS" signature="setUp(java.lang.String, java.lang.String, java.lang.String, java.lang.String, java.lang.String)[pri:0, instance:test.pageobjects.TestNavigationBarLink@36d4b5c]" name="setUp" is-config="true" duration-ms="11718" started-at="2018-12-30T23:45:39Z" finished-at="2018-12-30T23:45:50Z">
          <params>
            <param index="0">
              <value>
                <![CDATA[windows]]>
              </value>
            </param>
            <param index="1">
              <value>
                <![CDATA[10]]>
              </value>
            </param>
            <param index="2">
              <value>
                <![CDATA[chrome]]>
              </value>
            </param>
            <param index="3">
              <value>
                <![CDATA[71.0]]>
              </value>
            </param>
            <param index="4">
              <value>
                <![CDATA[http://amazon.com]]>
              </value>
            </param>
          </params>
          <reporter-output>
          </reporter-output>
        </test-method> <!-- setUp -->
        <test-method status="PASS" signature="initilization()[pri:0, instance:test.pageobjects.TestNavigationBarLink@36d4b5c]" name="initilization" is-config="true" duration-ms="4" started-at="2018-12-30T23:45:50Z" finished-at="2018-12-30T23:45:50Z">
          <reporter-output>
          </reporter-output>
        </test-method> <!-- initilization -->
        <test-method status="PASS" signature="startExtent(java.lang.reflect.Method)[pri:0, instance:test.pageobjects.TestNavigationBarLink@36d4b5c]" name="startExtent" is-config="true" duration-ms="0" started-at="2018-12-30T23:45:50Z" finished-at="2018-12-30T23:45:50Z">
          <params>
            <param index="0">
              <value>
                <![CDATA[public void test.pageobjects.TestNavigationBarLink.giftcards()]]>
              </value>
            </param>
          </params>
          <reporter-output>
          </reporter-output>
        </test-method> <!-- startExtent -->
        <test-method status="PASS" signature="giftcards()[pri:0, instance:test.pageobjects.TestNavigationBarLink@36d4b5c]" name="giftcards" duration-ms="3865" started-at="2018-12-30T23:45:50Z" finished-at="2018-12-30T23:45:54Z">
          <reporter-output>
            <line>
              <![CDATA[Clicking :Gift Card]]>
            </line>
            <line>
              <![CDATA[Clicked :Gift Card]]>
            </line>
          </reporter-output>
        </test-method> <!-- giftcards -->
        <test-method status="PASS" signature="afterEachTestMethod(org.testng.ITestResult)[pri:0, instance:test.pageobjects.TestNavigationBarLink@36d4b5c]" name="afterEachTestMethod" is-config="true" duration-ms="1705" started-at="2018-12-30T23:45:54Z" finished-at="2018-12-30T23:45:56Z">
          <params>
            <param index="0">
              <value>
                <![CDATA[[TestResult name=giftcards status=SUCCESS method=TestNavigationBarLink.giftcards()[pri:0, instance:test.pageobjects.TestNavigationBarLink@36d4b5c] output=Clicking :Gift Card]]]>
              </value>
            </param>
          </params>
          <reporter-output>
          </reporter-output>
        </test-method> <!-- afterEachTestMethod -->
        <test-method status="PASS" signature="closeOut()[pri:0, instance:test.pageobjects.TestNavigationBarLink@36d4b5c]" name="closeOut" is-config="true" duration-ms="1" started-at="2018-12-30T23:45:56Z" finished-at="2018-12-30T23:45:56Z">
          <reporter-output>
          </reporter-output>
        </test-method> <!-- closeOut -->
        <test-method status="PASS" signature="setUp(java.lang.String, java.lang.String, java.lang.String, java.lang.String, java.lang.String)[pri:0, instance:test.pageobjects.TestNavigationBarLink@36d4b5c]" name="setUp" is-config="true" duration-ms="15601" started-at="2018-12-30T23:45:56Z" finished-at="2018-12-30T23:46:12Z">
          <params>
            <param index="0">
              <value>
                <![CDATA[windows]]>
              </value>
            </param>
            <param index="1">
              <value>
                <![CDATA[10]]>
              </value>
            </param>
            <param index="2">
              <value>
                <![CDATA[chrome]]>
              </value>
            </param>
            <param index="3">
              <value>
                <![CDATA[71.0]]>
              </value>
            </param>
            <param index="4">
              <value>
                <![CDATA[http://amazon.com]]>
              </value>
            </param>
          </params>
          <reporter-output>
          </reporter-output>
        </test-method> <!-- setUp -->
        <test-method status="PASS" signature="startExtent(java.lang.reflect.Method)[pri:0, instance:test.pageobjects.TestNavigationBarLink@36d4b5c]" name="startExtent" is-config="true" duration-ms="1" started-at="2018-12-30T23:46:12Z" finished-at="2018-12-30T23:46:12Z">
          <params>
            <param index="0">
              <value>
                <![CDATA[public void test.pageobjects.TestNavigationBarLink.helpTest()]]>
              </value>
            </param>
          </params>
          <reporter-output>
          </reporter-output>
        </test-method> <!-- startExtent -->
        <test-method status="PASS" signature="helpTest()[pri:0, instance:test.pageobjects.TestNavigationBarLink@36d4b5c]" name="helpTest" duration-ms="2878" started-at="2018-12-30T23:46:12Z" finished-at="2018-12-30T23:46:15Z">
          <reporter-output>
            <line>
              <![CDATA[Clicking :Help]]>
            </line>
            <line>
              <![CDATA[Clicked :Help]]>
            </line>
          </reporter-output>
        </test-method> <!-- helpTest -->
        <test-method status="PASS" signature="initilization()[pri:0, instance:test.pageobjects.TestNavigationBarLink@36d4b5c]" name="initilization" is-config="true" duration-ms="0" started-at="2018-12-30T23:46:12Z" finished-at="2018-12-30T23:46:12Z">
          <reporter-output>
          </reporter-output>
        </test-method> <!-- initilization -->
        <test-method status="PASS" signature="afterEachTestMethod(org.testng.ITestResult)[pri:0, instance:test.pageobjects.TestNavigationBarLink@36d4b5c]" name="afterEachTestMethod" is-config="true" duration-ms="962" started-at="2018-12-30T23:46:15Z" finished-at="2018-12-30T23:46:15Z">
          <params>
            <param index="0">
              <value>
                <![CDATA[[TestResult name=helpTest status=SUCCESS method=TestNavigationBarLink.helpTest()[pri:0, instance:test.pageobjects.TestNavigationBarLink@36d4b5c] output=Clicking :Help]]]>
              </value>
            </param>
          </params>
          <reporter-output>
          </reporter-output>
        </test-method> <!-- afterEachTestMethod -->
        <test-method status="PASS" signature="closeOut()[pri:0, instance:test.pageobjects.TestNavigationBarLink@36d4b5c]" name="closeOut" is-config="true" duration-ms="0" started-at="2018-12-30T23:46:15Z" finished-at="2018-12-30T23:46:15Z">
          <reporter-output>
          </reporter-output>
        </test-method> <!-- closeOut -->
        <test-method status="PASS" signature="setUp(java.lang.String, java.lang.String, java.lang.String, java.lang.String, java.lang.String)[pri:0, instance:test.pageobjects.TestNavigationBarLink@36d4b5c]" name="setUp" is-config="true" duration-ms="18262" started-at="2018-12-30T23:46:15Z" finished-at="2018-12-30T23:46:34Z">
          <params>
            <param index="0">
              <value>
                <![CDATA[windows]]>
              </value>
            </param>
            <param index="1">
              <value>
                <![CDATA[10]]>
              </value>
            </param>
            <param index="2">
              <value>
                <![CDATA[chrome]]>
              </value>
            </param>
            <param index="3">
              <value>
                <![CDATA[71.0]]>
              </value>
            </param>
            <param index="4">
              <value>
                <![CDATA[http://amazon.com]]>
              </value>
            </param>
          </params>
          <reporter-output>
          </reporter-output>
        </test-method> <!-- setUp -->
        <test-method status="PASS" signature="startExtent(java.lang.reflect.Method)[pri:0, instance:test.pageobjects.TestNavigationBarLink@36d4b5c]" name="startExtent" is-config="true" duration-ms="1" started-at="2018-12-30T23:46:34Z" finished-at="2018-12-30T23:46:34Z">
          <params>
            <param index="0">
              <value>
                <![CDATA[public void test.pageobjects.TestNavigationBarLink.registryTest()]]>
              </value>
            </param>
          </params>
          <reporter-output>
          </reporter-output>
        </test-method> <!-- startExtent -->
        <test-method status="PASS" signature="registryTest()[pri:0, instance:test.pageobjects.TestNavigationBarLink@36d4b5c]" name="registryTest" duration-ms="19974" started-at="2018-12-30T23:46:34Z" finished-at="2018-12-30T23:46:54Z">
          <reporter-output>
            <line>
              <![CDATA[Clicking :Registry]]>
            </line>
            <line>
              <![CDATA[Clicked :Registry]]>
            </line>
          </reporter-output>
        </test-method> <!-- registryTest -->
        <test-method status="PASS" signature="initilization()[pri:0, instance:test.pageobjects.TestNavigationBarLink@36d4b5c]" name="initilization" is-config="true" duration-ms="0" started-at="2018-12-30T23:46:34Z" finished-at="2018-12-30T23:46:34Z">
          <reporter-output>
          </reporter-output>
        </test-method> <!-- initilization -->
        <test-method status="PASS" signature="afterEachTestMethod(org.testng.ITestResult)[pri:0, instance:test.pageobjects.TestNavigationBarLink@36d4b5c]" name="afterEachTestMethod" is-config="true" duration-ms="734" started-at="2018-12-30T23:46:54Z" finished-at="2018-12-30T23:46:54Z">
          <params>
            <param index="0">
              <value>
                <![CDATA[[TestResult name=registryTest status=SUCCESS method=TestNavigationBarLink.registryTest()[pri:0, instance:test.pageobjects.TestNavigationBarLink@36d4b5c] output=Clicking :Registry]]]>
              </value>
            </param>
          </params>
          <reporter-output>
          </reporter-output>
        </test-method> <!-- afterEachTestMethod -->
        <test-method status="PASS" signature="closeOut()[pri:0, instance:test.pageobjects.TestNavigationBarLink@36d4b5c]" name="closeOut" is-config="true" duration-ms="0" started-at="2018-12-30T23:46:54Z" finished-at="2018-12-30T23:46:54Z">
          <reporter-output>
          </reporter-output>
        </test-method> <!-- closeOut -->
        <test-method status="PASS" signature="setUp(java.lang.String, java.lang.String, java.lang.String, java.lang.String, java.lang.String)[pri:0, instance:test.pageobjects.TestNavigationBarLink@36d4b5c]" name="setUp" is-config="true" duration-ms="8195" started-at="2018-12-30T23:46:54Z" finished-at="2018-12-30T23:47:03Z">
          <params>
            <param index="0">
              <value>
                <![CDATA[windows]]>
              </value>
            </param>
            <param index="1">
              <value>
                <![CDATA[10]]>
              </value>
            </param>
            <param index="2">
              <value>
                <![CDATA[chrome]]>
              </value>
            </param>
            <param index="3">
              <value>
                <![CDATA[71.0]]>
              </value>
            </param>
            <param index="4">
              <value>
                <![CDATA[http://amazon.com]]>
              </value>
            </param>
          </params>
          <reporter-output>
          </reporter-output>
        </test-method> <!-- setUp -->
        <test-method status="PASS" signature="startExtent(java.lang.reflect.Method)[pri:0, instance:test.pageobjects.TestNavigationBarLink@36d4b5c]" name="startExtent" is-config="true" duration-ms="1" started-at="2018-12-30T23:47:03Z" finished-at="2018-12-30T23:47:03Z">
          <params>
            <param index="0">
              <value>
                <![CDATA[public void test.pageobjects.TestNavigationBarLink.sellTest()]]>
              </value>
            </param>
          </params>
          <reporter-output>
          </reporter-output>
        </test-method> <!-- startExtent -->
        <test-method status="PASS" signature="sellTest()[pri:0, instance:test.pageobjects.TestNavigationBarLink@36d4b5c]" name="sellTest" duration-ms="19272" started-at="2018-12-30T23:47:03Z" finished-at="2018-12-30T23:47:22Z">
          <reporter-output>
            <line>
              <![CDATA[Clicking :Sell]]>
            </line>
            <line>
              <![CDATA[Clicked :Sell]]>
            </line>
          </reporter-output>
        </test-method> <!-- sellTest -->
        <test-method status="PASS" signature="initilization()[pri:0, instance:test.pageobjects.TestNavigationBarLink@36d4b5c]" name="initilization" is-config="true" duration-ms="0" started-at="2018-12-30T23:47:03Z" finished-at="2018-12-30T23:47:03Z">
          <reporter-output>
          </reporter-output>
        </test-method> <!-- initilization -->
        <test-method status="PASS" signature="afterEachTestMethod(org.testng.ITestResult)[pri:0, instance:test.pageobjects.TestNavigationBarLink@36d4b5c]" name="afterEachTestMethod" is-config="true" duration-ms="776" started-at="2018-12-30T23:47:22Z" finished-at="2018-12-30T23:47:23Z">
          <params>
            <param index="0">
              <value>
                <![CDATA[[TestResult name=sellTest status=SUCCESS method=TestNavigationBarLink.sellTest()[pri:0, instance:test.pageobjects.TestNavigationBarLink@36d4b5c] output=Clicking :Sell]]]>
              </value>
            </param>
          </params>
          <reporter-output>
          </reporter-output>
        </test-method> <!-- afterEachTestMethod -->
        <test-method status="PASS" signature="closeOut()[pri:0, instance:test.pageobjects.TestNavigationBarLink@36d4b5c]" name="closeOut" is-config="true" duration-ms="0" started-at="2018-12-30T23:47:23Z" finished-at="2018-12-30T23:47:23Z">
          <reporter-output>
          </reporter-output>
        </test-method> <!-- closeOut -->
        <test-method status="PASS" signature="setUp(java.lang.String, java.lang.String, java.lang.String, java.lang.String, java.lang.String)[pri:0, instance:test.pageobjects.TestNavigationBarLink@36d4b5c]" name="setUp" is-config="true" duration-ms="7755" started-at="2018-12-30T23:47:23Z" finished-at="2018-12-30T23:47:30Z">
          <params>
            <param index="0">
              <value>
                <![CDATA[windows]]>
              </value>
            </param>
            <param index="1">
              <value>
                <![CDATA[10]]>
              </value>
            </param>
            <param index="2">
              <value>
                <![CDATA[chrome]]>
              </value>
            </param>
            <param index="3">
              <value>
                <![CDATA[71.0]]>
              </value>
            </param>
            <param index="4">
              <value>
                <![CDATA[http://amazon.com]]>
              </value>
            </param>
          </params>
          <reporter-output>
          </reporter-output>
        </test-method> <!-- setUp -->
        <test-method status="PASS" signature="startExtent(java.lang.reflect.Method)[pri:0, instance:test.pageobjects.TestNavigationBarLink@36d4b5c]" name="startExtent" is-config="true" duration-ms="1" started-at="2018-12-30T23:47:30Z" finished-at="2018-12-30T23:47:30Z">
          <params>
            <param index="0">
              <value>
                <![CDATA[public void test.pageobjects.TestNavigationBarLink.wholeFoodsTest()]]>
              </value>
            </param>
          </params>
          <reporter-output>
          </reporter-output>
        </test-method> <!-- startExtent -->
        <test-method status="PASS" signature="wholeFoodsTest()[pri:0, instance:test.pageobjects.TestNavigationBarLink@36d4b5c]" name="wholeFoodsTest" duration-ms="7477" started-at="2018-12-30T23:47:30Z" finished-at="2018-12-30T23:47:38Z">
          <reporter-output>
            <line>
              <![CDATA[Clicking :Whole Foods]]>
            </line>
            <line>
              <![CDATA[Clicked :Whole Foods]]>
            </line>
          </reporter-output>
        </test-method> <!-- wholeFoodsTest -->
        <test-method status="PASS" signature="initilization()[pri:0, instance:test.pageobjects.TestNavigationBarLink@36d4b5c]" name="initilization" is-config="true" duration-ms="0" started-at="2018-12-30T23:47:30Z" finished-at="2018-12-30T23:47:30Z">
          <reporter-output>
          </reporter-output>
        </test-method> <!-- initilization -->
        <test-method status="PASS" signature="afterEachTestMethod(org.testng.ITestResult)[pri:0, instance:test.pageobjects.TestNavigationBarLink@36d4b5c]" name="afterEachTestMethod" is-config="true" duration-ms="727" started-at="2018-12-30T23:47:38Z" finished-at="2018-12-30T23:47:39Z">
          <params>
            <param index="0">
              <value>
                <![CDATA[[TestResult name=wholeFoodsTest status=SUCCESS method=TestNavigationBarLink.wholeFoodsTest()[pri:0, instance:test.pageobjects.TestNavigationBarLink@36d4b5c] output=Clicking :Whole Foods]]]>
              </value>
            </param>
          </params>
          <reporter-output>
          </reporter-output>
        </test-method> <!-- afterEachTestMethod -->
        <test-method status="PASS" signature="setUp(java.lang.String, java.lang.String, java.lang.String, java.lang.String, java.lang.String)[pri:0, instance:test.pageobjects.TestNavigationBarLink@36d4b5c]" name="setUp" is-config="true" duration-ms="7173" started-at="2018-12-30T23:47:39Z" finished-at="2018-12-30T23:47:46Z">
          <params>
            <param index="0">
              <value>
                <![CDATA[windows]]>
              </value>
            </param>
            <param index="1">
              <value>
                <![CDATA[10]]>
              </value>
            </param>
            <param index="2">
              <value>
                <![CDATA[chrome]]>
              </value>
            </param>
            <param index="3">
              <value>
                <![CDATA[71.0]]>
              </value>
            </param>
            <param index="4">
              <value>
                <![CDATA[http://amazon.com]]>
              </value>
            </param>
          </params>
          <reporter-output>
          </reporter-output>
        </test-method> <!-- setUp -->
        <test-method status="PASS" signature="closeOut()[pri:0, instance:test.pageobjects.TestNavigationBarLink@36d4b5c]" name="closeOut" is-config="true" duration-ms="0" started-at="2018-12-30T23:47:39Z" finished-at="2018-12-30T23:47:39Z">
          <reporter-output>
          </reporter-output>
        </test-method> <!-- closeOut -->
        <test-method status="PASS" signature="startExtent(java.lang.reflect.Method)[pri:0, instance:test.pageobjects.TestNavigationBarLink@36d4b5c]" name="startExtent" is-config="true" duration-ms="1" started-at="2018-12-30T23:47:46Z" finished-at="2018-12-30T23:47:46Z">
          <params>
            <param index="0">
              <value>
                <![CDATA[public void test.pageobjects.TestNavigationBarLink.yearEndDealsTest()]]>
              </value>
            </param>
          </params>
          <reporter-output>
          </reporter-output>
        </test-method> <!-- startExtent -->
        <test-method status="PASS" signature="initilization()[pri:0, instance:test.pageobjects.TestNavigationBarLink@36d4b5c]" name="initilization" is-config="true" duration-ms="0" started-at="2018-12-30T23:47:46Z" finished-at="2018-12-30T23:47:46Z">
          <reporter-output>
          </reporter-output>
        </test-method> <!-- initilization -->
        <test-method status="PASS" signature="yearEndDealsTest()[pri:0, instance:test.pageobjects.TestNavigationBarLink@36d4b5c]" name="yearEndDealsTest" duration-ms="4601" started-at="2018-12-30T23:47:46Z" finished-at="2018-12-30T23:47:50Z">
          <reporter-output>
            <line>
              <![CDATA[Clicking :Year End Deals]]>
            </line>
            <line>
              <![CDATA[Clicked :Year End Deals]]>
            </line>
          </reporter-output>
        </test-method> <!-- yearEndDealsTest -->
        <test-method status="PASS" signature="afterEachTestMethod(org.testng.ITestResult)[pri:0, instance:test.pageobjects.TestNavigationBarLink@36d4b5c]" name="afterEachTestMethod" is-config="true" duration-ms="780" started-at="2018-12-30T23:47:50Z" finished-at="2018-12-30T23:47:51Z">
          <params>
            <param index="0">
              <value>
                <![CDATA[[TestResult name=yearEndDealsTest status=SUCCESS method=TestNavigationBarLink.yearEndDealsTest()[pri:0, instance:test.pageobjects.TestNavigationBarLink@36d4b5c] output=Clicking :Year End Deals]]]>
              </value>
            </param>
          </params>
          <reporter-output>
          </reporter-output>
        </test-method> <!-- afterEachTestMethod -->
        <test-method status="PASS" signature="setUp(java.lang.String, java.lang.String, java.lang.String, java.lang.String, java.lang.String)[pri:0, instance:test.pageobjects.TestNavigationBarLink@36d4b5c]" name="setUp" is-config="true" duration-ms="6939" started-at="2018-12-30T23:47:51Z" finished-at="2018-12-30T23:47:58Z">
          <params>
            <param index="0">
              <value>
                <![CDATA[windows]]>
              </value>
            </param>
            <param index="1">
              <value>
                <![CDATA[10]]>
              </value>
            </param>
            <param index="2">
              <value>
                <![CDATA[chrome]]>
              </value>
            </param>
            <param index="3">
              <value>
                <![CDATA[71.0]]>
              </value>
            </param>
            <param index="4">
              <value>
                <![CDATA[http://amazon.com]]>
              </value>
            </param>
          </params>
          <reporter-output>
          </reporter-output>
        </test-method> <!-- setUp -->
        <test-method status="PASS" signature="closeOut()[pri:0, instance:test.pageobjects.TestNavigationBarLink@36d4b5c]" name="closeOut" is-config="true" duration-ms="0" started-at="2018-12-30T23:47:51Z" finished-at="2018-12-30T23:47:51Z">
          <reporter-output>
          </reporter-output>
        </test-method> <!-- closeOut -->
        <test-method status="PASS" signature="startExtent(java.lang.reflect.Method)[pri:0, instance:test.pageobjects.TestNavigationBarLink@36d4b5c]" name="startExtent" is-config="true" duration-ms="0" started-at="2018-12-30T23:47:58Z" finished-at="2018-12-30T23:47:58Z">
          <params>
            <param index="0">
              <value>
                <![CDATA[public void test.pageobjects.TestNavigationBarLink.yourAmazonTest()]]>
              </value>
            </param>
          </params>
          <reporter-output>
          </reporter-output>
        </test-method> <!-- startExtent -->
        <test-method status="PASS" signature="initilization()[pri:0, instance:test.pageobjects.TestNavigationBarLink@36d4b5c]" name="initilization" is-config="true" duration-ms="1" started-at="2018-12-30T23:47:58Z" finished-at="2018-12-30T23:47:58Z">
          <reporter-output>
          </reporter-output>
        </test-method> <!-- initilization -->
        <test-method status="PASS" signature="yourAmazonTest()[pri:0, instance:test.pageobjects.TestNavigationBarLink@36d4b5c]" name="yourAmazonTest" duration-ms="1504" started-at="2018-12-30T23:47:58Z" finished-at="2018-12-30T23:48:00Z">
          <reporter-output>
            <line>
              <![CDATA[Clicking :Your Amazon]]>
            </line>
            <line>
              <![CDATA[Clicked :Your Amazon]]>
            </line>
          </reporter-output>
        </test-method> <!-- yourAmazonTest -->
        <test-method status="PASS" signature="afterEachTestMethod(org.testng.ITestResult)[pri:0, instance:test.pageobjects.TestNavigationBarLink@36d4b5c]" name="afterEachTestMethod" is-config="true" duration-ms="755" started-at="2018-12-30T23:48:00Z" finished-at="2018-12-30T23:48:00Z">
          <params>
            <param index="0">
              <value>
                <![CDATA[[TestResult name=yourAmazonTest status=SUCCESS method=TestNavigationBarLink.yourAmazonTest()[pri:0, instance:test.pageobjects.TestNavigationBarLink@36d4b5c] output=Clicking :Your Amazon]]]>
              </value>
            </param>
          </params>
          <reporter-output>
          </reporter-output>
        </test-method> <!-- afterEachTestMethod -->
        <test-method status="PASS" signature="closeOut()[pri:0, instance:test.pageobjects.TestNavigationBarLink@36d4b5c]" name="closeOut" is-config="true" duration-ms="1" started-at="2018-12-30T23:48:00Z" finished-at="2018-12-30T23:48:00Z">
          <reporter-output>
          </reporter-output>
        </test-method> <!-- closeOut -->
      </class> <!-- test.pageobjects.TestNavigationBarLink -->
      <class name="test.pageobjects.TestFooterTopLinks">
        <test-method status="PASS" signature="setUp(java.lang.String, java.lang.String, java.lang.String, java.lang.String, java.lang.String)[pri:0, instance:test.pageobjects.TestFooterTopLinks@6d00a15d]" name="setUp" is-config="true" duration-ms="6395" started-at="2018-12-30T23:48:00Z" finished-at="2018-12-30T23:48:07Z">
          <params>
            <param index="0">
              <value>
                <![CDATA[windows]]>
              </value>
            </param>
            <param index="1">
              <value>
                <![CDATA[10]]>
              </value>
            </param>
            <param index="2">
              <value>
                <![CDATA[chrome]]>
              </value>
            </param>
            <param index="3">
              <value>
                <![CDATA[71.0]]>
              </value>
            </param>
            <param index="4">
              <value>
                <![CDATA[http://amazon.com]]>
              </value>
            </param>
          </params>
          <reporter-output>
          </reporter-output>
        </test-method> <!-- setUp -->
        <test-method status="PASS" signature="initializationOfObjects()[pri:0, instance:test.pageobjects.TestFooterTopLinks@6d00a15d]" name="initializationOfObjects" is-config="true" duration-ms="26" started-at="2018-12-30T23:48:07Z" finished-at="2018-12-30T23:48:07Z">
          <reporter-output>
          </reporter-output>
        </test-method> <!-- initializationOfObjects -->
        <test-method status="PASS" signature="startExtent(java.lang.reflect.Method)[pri:0, instance:test.pageobjects.TestFooterTopLinks@6d00a15d]" name="startExtent" is-config="true" duration-ms="0" started-at="2018-12-30T23:48:07Z" finished-at="2018-12-30T23:48:07Z">
          <params>
            <param index="0">
              <value>
                <![CDATA[public void test.pageobjects.TestFooterTopLinks.amazonPaymentProductsTest()]]>
              </value>
            </param>
          </params>
          <reporter-output>
          </reporter-output>
        </test-method> <!-- startExtent -->
        <test-method status="PASS" signature="amazonPaymentProductsTest()[pri:0, instance:test.pageobjects.TestFooterTopLinks@6d00a15d]" name="amazonPaymentProductsTest" duration-ms="2360" started-at="2018-12-30T23:48:07Z" finished-at="2018-12-30T23:48:09Z">
          <reporter-output>
            <line>
              <![CDATA[Clicking :Amazon Payment Product]]>
            </line>
            <line>
              <![CDATA[Clicked :Amazon Payment Product]]>
            </line>
          </reporter-output>
        </test-method> <!-- amazonPaymentProductsTest -->
        <test-method status="PASS" signature="afterEachTestMethod(org.testng.ITestResult)[pri:0, instance:test.pageobjects.TestFooterTopLinks@6d00a15d]" name="afterEachTestMethod" is-config="true" duration-ms="771" started-at="2018-12-30T23:48:09Z" finished-at="2018-12-30T23:48:10Z">
          <params>
            <param index="0">
              <value>
                <![CDATA[[TestResult name=amazonPaymentProductsTest status=SUCCESS method=TestFooterTopLinks.amazonPaymentProductsTest()[pri:0, instance:test.pageobjects.TestFooterTopLinks@6d00a15d] output=Clicking :Amazon Payment Product]]]>
              </value>
            </param>
          </params>
          <reporter-output>
          </reporter-output>
        </test-method> <!-- afterEachTestMethod -->
        <test-method status="PASS" signature="setUp(java.lang.String, java.lang.String, java.lang.String, java.lang.String, java.lang.String)[pri:0, instance:test.pageobjects.TestFooterTopLinks@6d00a15d]" name="setUp" is-config="true" duration-ms="6394" started-at="2018-12-30T23:48:10Z" finished-at="2018-12-30T23:48:16Z">
          <params>
            <param index="0">
              <value>
                <![CDATA[windows]]>
              </value>
            </param>
            <param index="1">
              <value>
                <![CDATA[10]]>
              </value>
            </param>
            <param index="2">
              <value>
                <![CDATA[chrome]]>
              </value>
            </param>
            <param index="3">
              <value>
                <![CDATA[71.0]]>
              </value>
            </param>
            <param index="4">
              <value>
                <![CDATA[http://amazon.com]]>
              </value>
            </param>
          </params>
          <reporter-output>
          </reporter-output>
        </test-method> <!-- setUp -->
        <test-method status="PASS" signature="closeOut()[pri:0, instance:test.pageobjects.TestFooterTopLinks@6d00a15d]" name="closeOut" is-config="true" duration-ms="0" started-at="2018-12-30T23:48:10Z" finished-at="2018-12-30T23:48:10Z">
          <reporter-output>
          </reporter-output>
        </test-method> <!-- closeOut -->
        <test-method status="PASS" signature="startExtent(java.lang.reflect.Method)[pri:0, instance:test.pageobjects.TestFooterTopLinks@6d00a15d]" name="startExtent" is-config="true" duration-ms="1" started-at="2018-12-30T23:48:16Z" finished-at="2018-12-30T23:48:16Z">
          <params>
            <param index="0">
              <value>
                <![CDATA[public void test.pageobjects.TestFooterTopLinks.getToKnowUsTest()]]>
              </value>
            </param>
          </params>
          <reporter-output>
          </reporter-output>
        </test-method> <!-- startExtent -->
        <test-method status="PASS" signature="initializationOfObjects()[pri:0, instance:test.pageobjects.TestFooterTopLinks@6d00a15d]" name="initializationOfObjects" is-config="true" duration-ms="125" started-at="2018-12-30T23:48:16Z" finished-at="2018-12-30T23:48:16Z">
          <reporter-output>
          </reporter-output>
        </test-method> <!-- initializationOfObjects -->
        <test-method status="PASS" signature="getToKnowUsTest()[pri:0, instance:test.pageobjects.TestFooterTopLinks@6d00a15d]" name="getToKnowUsTest" duration-ms="3713" started-at="2018-12-30T23:48:16Z" finished-at="2018-12-30T23:48:20Z">
          <reporter-output>
            <line>
              <![CDATA[Clicking :Get to Know Us.]]>
            </line>
            <line>
              <![CDATA[Clicked :Get to Know Us.]]>
            </line>
          </reporter-output>
        </test-method> <!-- getToKnowUsTest -->
        <test-method status="PASS" signature="afterEachTestMethod(org.testng.ITestResult)[pri:0, instance:test.pageobjects.TestFooterTopLinks@6d00a15d]" name="afterEachTestMethod" is-config="true" duration-ms="804" started-at="2018-12-30T23:48:20Z" finished-at="2018-12-30T23:48:21Z">
          <params>
            <param index="0">
              <value>
                <![CDATA[[TestResult name=getToKnowUsTest status=SUCCESS method=TestFooterTopLinks.getToKnowUsTest()[pri:0, instance:test.pageobjects.TestFooterTopLinks@6d00a15d] output=Clicking :Get to Know Us.]]]>
              </value>
            </param>
          </params>
          <reporter-output>
          </reporter-output>
        </test-method> <!-- afterEachTestMethod -->
        <test-method status="PASS" signature="setUp(java.lang.String, java.lang.String, java.lang.String, java.lang.String, java.lang.String)[pri:0, instance:test.pageobjects.TestFooterTopLinks@6d00a15d]" name="setUp" is-config="true" duration-ms="5316" started-at="2018-12-30T23:48:21Z" finished-at="2018-12-30T23:48:26Z">
          <params>
            <param index="0">
              <value>
                <![CDATA[windows]]>
              </value>
            </param>
            <param index="1">
              <value>
                <![CDATA[10]]>
              </value>
            </param>
            <param index="2">
              <value>
                <![CDATA[chrome]]>
              </value>
            </param>
            <param index="3">
              <value>
                <![CDATA[71.0]]>
              </value>
            </param>
            <param index="4">
              <value>
                <![CDATA[http://amazon.com]]>
              </value>
            </param>
          </params>
          <reporter-output>
          </reporter-output>
        </test-method> <!-- setUp -->
        <test-method status="PASS" signature="closeOut()[pri:0, instance:test.pageobjects.TestFooterTopLinks@6d00a15d]" name="closeOut" is-config="true" duration-ms="0" started-at="2018-12-30T23:48:21Z" finished-at="2018-12-30T23:48:21Z">
          <reporter-output>
          </reporter-output>
        </test-method> <!-- closeOut -->
        <test-method status="PASS" signature="startExtent(java.lang.reflect.Method)[pri:0, instance:test.pageobjects.TestFooterTopLinks@6d00a15d]" name="startExtent" is-config="true" duration-ms="1" started-at="2018-12-30T23:48:26Z" finished-at="2018-12-30T23:48:26Z">
          <params>
            <param index="0">
              <value>
                <![CDATA[public void test.pageobjects.TestFooterTopLinks.laguageTabTest() throws java.lang.InterruptedException]]>
              </value>
            </param>
          </params>
          <reporter-output>
          </reporter-output>
        </test-method> <!-- startExtent -->
        <test-method status="PASS" signature="initializationOfObjects()[pri:0, instance:test.pageobjects.TestFooterTopLinks@6d00a15d]" name="initializationOfObjects" is-config="true" duration-ms="990" started-at="2018-12-30T23:48:26Z" finished-at="2018-12-30T23:48:27Z">
          <reporter-output>
          </reporter-output>
        </test-method> <!-- initializationOfObjects -->
        <test-method status="PASS" signature="laguageTabTest()[pri:0, instance:test.pageobjects.TestFooterTopLinks@6d00a15d]" name="laguageTabTest" duration-ms="2690" started-at="2018-12-30T23:48:27Z" finished-at="2018-12-30T23:48:30Z">
          <reporter-output>
            <line>
              <![CDATA[Clicking :Language Tab]]>
            </line>
            <line>
              <![CDATA[Clicked :Language Tab]]>
            </line>
            <line>
              <![CDATA[Clicking :to dismiss Tab]]>
            </line>
            <line>
              <![CDATA[Clicked :]]>
            </line>
          </reporter-output>
        </test-method> <!-- laguageTabTest -->
        <test-method status="PASS" signature="afterEachTestMethod(org.testng.ITestResult)[pri:0, instance:test.pageobjects.TestFooterTopLinks@6d00a15d]" name="afterEachTestMethod" is-config="true" duration-ms="874" started-at="2018-12-30T23:48:30Z" finished-at="2018-12-30T23:48:31Z">
          <params>
            <param index="0">
              <value>
                <![CDATA[[TestResult name=laguageTabTest status=SUCCESS method=TestFooterTopLinks.laguageTabTest()[pri:0, instance:test.pageobjects.TestFooterTopLinks@6d00a15d] output=Clicking :Language Tab]]]>
              </value>
            </param>
          </params>
          <reporter-output>
          </reporter-output>
        </test-method> <!-- afterEachTestMethod -->
        <test-method status="PASS" signature="setUp(java.lang.String, java.lang.String, java.lang.String, java.lang.String, java.lang.String)[pri:0, instance:test.pageobjects.TestFooterTopLinks@6d00a15d]" name="setUp" is-config="true" duration-ms="5233" started-at="2018-12-30T23:48:31Z" finished-at="2018-12-30T23:48:36Z">
          <params>
            <param index="0">
              <value>
                <![CDATA[windows]]>
              </value>
            </param>
            <param index="1">
              <value>
                <![CDATA[10]]>
              </value>
            </param>
            <param index="2">
              <value>
                <![CDATA[chrome]]>
              </value>
            </param>
            <param index="3">
              <value>
                <![CDATA[71.0]]>
              </value>
            </param>
            <param index="4">
              <value>
                <![CDATA[http://amazon.com]]>
              </value>
            </param>
          </params>
          <reporter-output>
          </reporter-output>
        </test-method> <!-- setUp -->
        <test-method status="PASS" signature="closeOut()[pri:0, instance:test.pageobjects.TestFooterTopLinks@6d00a15d]" name="closeOut" is-config="true" duration-ms="0" started-at="2018-12-30T23:48:31Z" finished-at="2018-12-30T23:48:31Z">
          <reporter-output>
          </reporter-output>
        </test-method> <!-- closeOut -->
        <test-method status="PASS" signature="startExtent(java.lang.reflect.Method)[pri:0, instance:test.pageobjects.TestFooterTopLinks@6d00a15d]" name="startExtent" is-config="true" duration-ms="0" started-at="2018-12-30T23:48:36Z" finished-at="2018-12-30T23:48:36Z">
          <params>
            <param index="0">
              <value>
                <![CDATA[public void test.pageobjects.TestFooterTopLinks.letUsHelpYouTest()]]>
              </value>
            </param>
          </params>
          <reporter-output>
          </reporter-output>
        </test-method> <!-- startExtent -->
        <test-method status="PASS" signature="initializationOfObjects()[pri:0, instance:test.pageobjects.TestFooterTopLinks@6d00a15d]" name="initializationOfObjects" is-config="true" duration-ms="1091" started-at="2018-12-30T23:48:36Z" finished-at="2018-12-30T23:48:37Z">
          <reporter-output>
          </reporter-output>
        </test-method> <!-- initializationOfObjects -->
        <test-method status="PASS" signature="letUsHelpYouTest()[pri:0, instance:test.pageobjects.TestFooterTopLinks@6d00a15d]" name="letUsHelpYouTest" duration-ms="3065" started-at="2018-12-30T23:48:37Z" finished-at="2018-12-30T23:48:40Z">
          <reporter-output>
            <line>
              <![CDATA[Clicking :Let Us Help You.]]>
            </line>
            <line>
              <![CDATA[Clicked :Let Us Help You.]]>
            </line>
          </reporter-output>
        </test-method> <!-- letUsHelpYouTest -->
        <test-method status="PASS" signature="afterEachTestMethod(org.testng.ITestResult)[pri:0, instance:test.pageobjects.TestFooterTopLinks@6d00a15d]" name="afterEachTestMethod" is-config="true" duration-ms="800" started-at="2018-12-30T23:48:40Z" finished-at="2018-12-30T23:48:41Z">
          <params>
            <param index="0">
              <value>
                <![CDATA[[TestResult name=letUsHelpYouTest status=SUCCESS method=TestFooterTopLinks.letUsHelpYouTest()[pri:0, instance:test.pageobjects.TestFooterTopLinks@6d00a15d] output=Clicking :Let Us Help You.]]]>
              </value>
            </param>
          </params>
          <reporter-output>
          </reporter-output>
        </test-method> <!-- afterEachTestMethod -->
        <test-method status="PASS" signature="setUp(java.lang.String, java.lang.String, java.lang.String, java.lang.String, java.lang.String)[pri:0, instance:test.pageobjects.TestFooterTopLinks@6d00a15d]" name="setUp" is-config="true" duration-ms="6857" started-at="2018-12-30T23:48:41Z" finished-at="2018-12-30T23:48:48Z">
          <params>
            <param index="0">
              <value>
                <![CDATA[windows]]>
              </value>
            </param>
            <param index="1">
              <value>
                <![CDATA[10]]>
              </value>
            </param>
            <param index="2">
              <value>
                <![CDATA[chrome]]>
              </value>
            </param>
            <param index="3">
              <value>
                <![CDATA[71.0]]>
              </value>
            </param>
            <param index="4">
              <value>
                <![CDATA[http://amazon.com]]>
              </value>
            </param>
          </params>
          <reporter-output>
          </reporter-output>
        </test-method> <!-- setUp -->
        <test-method status="PASS" signature="closeOut()[pri:0, instance:test.pageobjects.TestFooterTopLinks@6d00a15d]" name="closeOut" is-config="true" duration-ms="0" started-at="2018-12-30T23:48:41Z" finished-at="2018-12-30T23:48:41Z">
          <reporter-output>
          </reporter-output>
        </test-method> <!-- closeOut -->
        <test-method status="PASS" signature="startExtent(java.lang.reflect.Method)[pri:0, instance:test.pageobjects.TestFooterTopLinks@6d00a15d]" name="startExtent" is-config="true" duration-ms="0" started-at="2018-12-30T23:48:48Z" finished-at="2018-12-30T23:48:48Z">
          <params>
            <param index="0">
              <value>
                <![CDATA[public void test.pageobjects.TestFooterTopLinks.makeMoneyWithUsTest()]]>
              </value>
            </param>
          </params>
          <reporter-output>
          </reporter-output>
        </test-method> <!-- startExtent -->
        <test-method status="PASS" signature="initializationOfObjects()[pri:0, instance:test.pageobjects.TestFooterTopLinks@6d00a15d]" name="initializationOfObjects" is-config="true" duration-ms="137" started-at="2018-12-30T23:48:48Z" finished-at="2018-12-30T23:48:48Z">
          <reporter-output>
          </reporter-output>
        </test-method> <!-- initializationOfObjects -->
        <test-method status="PASS" signature="makeMoneyWithUsTest()[pri:0, instance:test.pageobjects.TestFooterTopLinks@6d00a15d]" name="makeMoneyWithUsTest" duration-ms="3811" started-at="2018-12-30T23:48:48Z" finished-at="2018-12-30T23:48:52Z">
          <reporter-output>
            <line>
              <![CDATA[Clicking :Make Money With US]]>
            </line>
            <line>
              <![CDATA[Clicked :Make Money With US]]>
            </line>
          </reporter-output>
        </test-method> <!-- makeMoneyWithUsTest -->
        <test-method status="PASS" signature="afterEachTestMethod(org.testng.ITestResult)[pri:0, instance:test.pageobjects.TestFooterTopLinks@6d00a15d]" name="afterEachTestMethod" is-config="true" duration-ms="748" started-at="2018-12-30T23:48:52Z" finished-at="2018-12-30T23:48:53Z">
          <params>
            <param index="0">
              <value>
                <![CDATA[[TestResult name=makeMoneyWithUsTest status=SUCCESS method=TestFooterTopLinks.makeMoneyWithUsTest()[pri:0, instance:test.pageobjects.TestFooterTopLinks@6d00a15d] output=Clicking :Make Money With US]]]>
              </value>
            </param>
          </params>
          <reporter-output>
          </reporter-output>
        </test-method> <!-- afterEachTestMethod -->
        <test-method status="PASS" signature="closeOut()[pri:0, instance:test.pageobjects.TestFooterTopLinks@6d00a15d]" name="closeOut" is-config="true" duration-ms="0" started-at="2018-12-30T23:48:53Z" finished-at="2018-12-30T23:48:53Z">
          <reporter-output>
          </reporter-output>
        </test-method> <!-- closeOut -->
        <test-method status="SKIP" signature="setUp(java.lang.String, java.lang.String, java.lang.String, java.lang.String, java.lang.String)[pri:0, instance:test.pageobjects.TestFooterTopLinks@6d00a15d]" name="setUp" is-config="true" duration-ms="0" started-at="2018-12-30T23:52:41Z" finished-at="2018-12-30T23:52:41Z">
          <reporter-output>
          </reporter-output>
        </test-method> <!-- setUp -->
        <test-method status="SKIP" signature="initializationOfObjects()[pri:0, instance:test.pageobjects.TestFooterTopLinks@6d00a15d]" name="initializationOfObjects" is-config="true" duration-ms="0" started-at="2018-12-30T23:52:41Z" finished-at="2018-12-30T23:52:41Z">
          <reporter-output>
          </reporter-output>
        </test-method> <!-- initializationOfObjects -->
        <test-method status="SKIP" signature="startExtent(java.lang.reflect.Method)[pri:0, instance:test.pageobjects.TestFooterTopLinks@6d00a15d]" name="startExtent" is-config="true" duration-ms="0" started-at="2018-12-30T23:52:41Z" finished-at="2018-12-30T23:52:41Z">
          <reporter-output>
          </reporter-output>
        </test-method> <!-- startExtent -->
        <test-method status="SKIP" signature="countryTabTest()[pri:5, instance:test.pageobjects.TestFooterTopLinks@6d00a15d]" name="countryTabTest" duration-ms="0" started-at="2018-12-30T23:52:41Z" finished-at="2018-12-30T23:52:41Z">
          <exception class="org.openqa.selenium.WebDriverException">
            <message>
              <![CDATA[unknown error: failed to change window state to normal, current state is maximized
  (Session info: chrome=71.0.3578.98)
  (Driver info: chromedriver=2.45.615291 (ec3682e3c9061c10f26ea9e5cdcf3c53f3f74387),platform=Windows NT 10.0.17134 x86_64) (WARNING: The server did not provide any stacktrace information)
Command duration or timeout: 0 milliseconds
Build info: version: '3.14.0', revision: 'aacccce0', time: '2018-08-02T20:19:58.91Z'
System info: host: 'DESKTOP-JGBJ53E', ip: '192.168.1.2', os.name: 'Windows 10', os.arch: 'amd64', os.version: '10.0', java.version: '1.8.0_192'
Driver info: org.openqa.selenium.chrome.ChromeDriver
Capabilities {acceptInsecureCerts: false, acceptSslCerts: false, applicationCacheEnabled: false, browserConnectionEnabled: false, browserName: chrome, chrome: {chromedriverVersion: 2.45.615291 (ec3682e3c9061c..., userDataDir: C:\Users\Afnan\AppData\Loca...}, cssSelectorsEnabled: true, databaseEnabled: false, goog:chromeOptions: {debuggerAddress: localhost:57722}, handlesAlerts: true, hasTouchScreen: false, javascriptEnabled: true, locationContextEnabled: true, mobileEmulationEnabled: false, nativeEvents: true, networkConnectionEnabled: false, pageLoadStrategy: normal, platform: XP, platformName: XP, proxy: Proxy(), rotatable: false, setWindowRect: true, strictFileInteractability: false, takesHeapSnapshot: true, takesScreenshot: true, timeouts: {implicit: 0, pageLoad: 300000, script: 30000}, unexpectedAlertBehaviour: ignore, unhandledPromptBehavior: ignore, version: 71.0.3578.98, webStorageEnabled: true}
Session ID: 7126aee8215655ac70fcf4dda147c96a]]>
            </message>
            <full-stacktrace>
              <![CDATA[org.openqa.selenium.WebDriverException: unknown error: failed to change window state to normal, current state is maximized
  (Session info: chrome=71.0.3578.98)
  (Driver info: chromedriver=2.45.615291 (ec3682e3c9061c10f26ea9e5cdcf3c53f3f74387),platform=Windows NT 10.0.17134 x86_64) (WARNING: The server did not provide any stacktrace information)
Command duration or timeout: 0 milliseconds
Build info: version: '3.14.0', revision: 'aacccce0', time: '2018-08-02T20:19:58.91Z'
System info: host: 'DESKTOP-JGBJ53E', ip: '192.168.1.2', os.name: 'Windows 10', os.arch: 'amd64', os.version: '10.0', java.version: '1.8.0_192'
Driver info: org.openqa.selenium.chrome.ChromeDriver
Capabilities {acceptInsecureCerts: false, acceptSslCerts: false, applicationCacheEnabled: false, browserConnectionEnabled: false, browserName: chrome, chrome: {chromedriverVersion: 2.45.615291 (ec3682e3c9061c..., userDataDir: C:\Users\Afnan\AppData\Loca...}, cssSelectorsEnabled: true, databaseEnabled: false, goog:chromeOptions: {debuggerAddress: localhost:57722}, handlesAlerts: true, hasTouchScreen: false, javascriptEnabled: true, locationContextEnabled: true, mobileEmulationEnabled: false, nativeEvents: true, networkConnectionEnabled: false, pageLoadStrategy: normal, platform: XP, platformName: XP, proxy: Proxy(), rotatable: false, setWindowRect: true, strictFileInteractability: false, takesHeapSnapshot: true, takesScreenshot: true, timeouts: {implicit: 0, pageLoad: 300000, script: 30000}, unexpectedAlertBehaviour: ignore, unhandledPromptBehavior: ignore, version: 71.0.3578.98, webStorageEnabled: true}
Session ID: 7126aee8215655ac70fcf4dda147c96a
	at sun.reflect.NativeConstructorAccessorImpl.newInstance0(Native Method)
	at sun.reflect.NativeConstructorAccessorImpl.newInstance(NativeConstructorAccessorImpl.java:62)
	at sun.reflect.DelegatingConstructorAccessorImpl.newInstance(DelegatingConstructorAccessorImpl.java:45)
	at java.lang.reflect.Constructor.newInstance(Constructor.java:423)
	at org.openqa.selenium.remote.ErrorHandler.createThrowable(ErrorHandler.java:214)
	at org.openqa.selenium.remote.ErrorHandler.throwIfResponseFailed(ErrorHandler.java:166)
	at org.openqa.selenium.remote.http.JsonHttpResponseCodec.reconstructValue(JsonHttpResponseCodec.java:40)
	at org.openqa.selenium.remote.http.AbstractHttpResponseCodec.decode(AbstractHttpResponseCodec.java:80)
	at org.openqa.selenium.remote.http.AbstractHttpResponseCodec.decode(AbstractHttpResponseCodec.java:44)
	at org.openqa.selenium.remote.HttpCommandExecutor.execute(HttpCommandExecutor.java:158)
	at org.openqa.selenium.remote.service.DriverCommandExecutor.execute(DriverCommandExecutor.java:83)
	at org.openqa.selenium.remote.RemoteWebDriver.execute(RemoteWebDriver.java:548)
	at org.openqa.selenium.remote.RemoteWebDriver.execute(RemoteWebDriver.java:605)
	at org.openqa.selenium.remote.RemoteWebDriver$RemoteWebDriverOptions$RemoteWindow.maximize(RemoteWebDriver.java:833)
	at base.BrowserDriver.setUp(BrowserDriver.java:96)
	at sun.reflect.GeneratedMethodAccessor32.invoke(Unknown Source)
	at sun.reflect.DelegatingMethodAccessorImpl.invoke(DelegatingMethodAccessorImpl.java:43)
	at java.lang.reflect.Method.invoke(Method.java:498)
	at org.testng.internal.MethodInvocationHelper.invokeMethod(MethodInvocationHelper.java:108)
	at org.testng.internal.Invoker.invokeConfigurationMethod(Invoker.java:523)
	at org.testng.internal.Invoker.invokeConfigurations(Invoker.java:224)
	at org.testng.internal.Invoker.invokeMethod(Invoker.java:599)
	at org.testng.internal.Invoker.invokeTestMethod(Invoker.java:869)
	at org.testng.internal.Invoker.invokeTestMethods(Invoker.java:1193)
	at org.testng.internal.TestMethodWorker.invokeTestMethods(TestMethodWorker.java:126)
	at org.testng.internal.TestMethodWorker.run(TestMethodWorker.java:109)
	at org.testng.TestRunner.privateRun(TestRunner.java:744)
	at org.testng.TestRunner.run(TestRunner.java:602)
	at org.testng.SuiteRunner.runTest(SuiteRunner.java:380)
	at org.testng.SuiteRunner.runSequentially(SuiteRunner.java:375)
	at org.testng.SuiteRunner.privateRun(SuiteRunner.java:340)
	at org.testng.SuiteRunner.run(SuiteRunner.java:289)
	at org.testng.SuiteRunnerWorker.runSuite(SuiteRunnerWorker.java:52)
	at org.testng.SuiteRunnerWorker.run(SuiteRunnerWorker.java:86)
	at org.testng.TestNG.runSuitesSequentially(TestNG.java:1301)
	at org.testng.TestNG.runSuitesLocally(TestNG.java:1226)
	at org.testng.TestNG.runSuites(TestNG.java:1144)
	at org.testng.TestNG.run(TestNG.java:1115)
	at org.apache.maven.surefire.testng.TestNGExecutor.run(TestNGExecutor.java:283)
	at org.apache.maven.surefire.testng.TestNGXmlTestSuite.execute(TestNGXmlTestSuite.java:75)
	at org.apache.maven.surefire.testng.TestNGProvider.invoke(TestNGProvider.java:120)
	at org.apache.maven.surefire.booter.ForkedBooter.invokeProviderInSameClassLoader(ForkedBooter.java:373)
	at org.apache.maven.surefire.booter.ForkedBooter.runSuitesInProcess(ForkedBooter.java:334)
	at org.apache.maven.surefire.booter.ForkedBooter.execute(ForkedBooter.java:119)
	at org.apache.maven.surefire.booter.ForkedBooter.main(ForkedBooter.java:407)
]]>
            </full-stacktrace>
          </exception> <!-- org.openqa.selenium.WebDriverException -->
          <reporter-output>
          </reporter-output>
        </test-method> <!-- countryTabTest -->
      </class> <!-- test.pageobjects.TestFooterTopLinks -->
      <class name="test.pageobjects.TestShoppingCart">
        <test-method status="PASS" signature="setUp(java.lang.String, java.lang.String, java.lang.String, java.lang.String, java.lang.String)[pri:0, instance:test.pageobjects.TestShoppingCart@2ef5e5e3]" name="setUp" is-config="true" duration-ms="5654" started-at="2018-12-30T23:48:53Z" finished-at="2018-12-30T23:48:58Z">
          <params>
            <param index="0">
              <value>
                <![CDATA[windows]]>
              </value>
            </param>
            <param index="1">
              <value>
                <![CDATA[10]]>
              </value>
            </param>
            <param index="2">
              <value>
                <![CDATA[chrome]]>
              </value>
            </param>
            <param index="3">
              <value>
                <![CDATA[71.0]]>
              </value>
            </param>
            <param index="4">
              <value>
                <![CDATA[http://amazon.com]]>
              </value>
            </param>
          </params>
          <reporter-output>
          </reporter-output>
        </test-method> <!-- setUp -->
        <test-method status="PASS" signature="startExtent(java.lang.reflect.Method)[pri:0, instance:test.pageobjects.TestShoppingCart@2ef5e5e3]" name="startExtent" is-config="true" duration-ms="0" started-at="2018-12-30T23:48:58Z" finished-at="2018-12-30T23:48:58Z">
          <params>
            <param index="0">
              <value>
                <![CDATA[public void test.pageobjects.TestShoppingCart.searchBoxTest()]]>
              </value>
            </param>
          </params>
          <reporter-output>
          </reporter-output>
        </test-method> <!-- startExtent -->
        <test-method status="PASS" signature="initializationOfObject()[pri:0, instance:test.pageobjects.TestShoppingCart@2ef5e5e3]" name="initializationOfObject" is-config="true" duration-ms="2" started-at="2018-12-30T23:48:58Z" finished-at="2018-12-30T23:48:58Z">
          <reporter-output>
          </reporter-output>
        </test-method> <!-- initializationOfObject -->
        <test-method status="PASS" signature="searchBoxTest()[pri:1, instance:test.pageobjects.TestShoppingCart@2ef5e5e3]" name="searchBoxTest" duration-ms="5380" started-at="2018-12-30T23:48:58Z" finished-at="2018-12-30T23:49:04Z">
          <reporter-output>
            <line>
              <![CDATA[sending Keys to SearchBox]]>
            </line>
            <line>
              <![CDATA[Keys Received]]>
            </line>
            <line>
              <![CDATA[Clicking :searchIcon]]>
            </line>
            <line>
              <![CDATA[Clicked :searchIcon]]>
            </line>
            <line>
              <![CDATA[getting : [[ChromeDriver: chrome on XP (cb87400c793ef983301d32dd00f6ee9d)] -> partial link text: Computers & Accessories]]]>
            </line>
          </reporter-output>
        </test-method> <!-- searchBoxTest -->
        <test-method status="PASS" signature="afterEachTestMethod(org.testng.ITestResult)[pri:0, instance:test.pageobjects.TestShoppingCart@2ef5e5e3]" name="afterEachTestMethod" is-config="true" duration-ms="818" started-at="2018-12-30T23:49:04Z" finished-at="2018-12-30T23:49:04Z">
          <params>
            <param index="0">
              <value>
                <![CDATA[[TestResult name=searchBoxTest status=SUCCESS method=TestShoppingCart.searchBoxTest()[pri:1, instance:test.pageobjects.TestShoppingCart@2ef5e5e3] output=sending Keys to SearchBox]]]>
              </value>
            </param>
          </params>
          <reporter-output>
          </reporter-output>
        </test-method> <!-- afterEachTestMethod -->
        <test-method status="PASS" signature="setUp(java.lang.String, java.lang.String, java.lang.String, java.lang.String, java.lang.String)[pri:0, instance:test.pageobjects.TestShoppingCart@2ef5e5e3]" name="setUp" is-config="true" duration-ms="7037" started-at="2018-12-30T23:49:04Z" finished-at="2018-12-30T23:49:11Z">
          <params>
            <param index="0">
              <value>
                <![CDATA[windows]]>
              </value>
            </param>
            <param index="1">
              <value>
                <![CDATA[10]]>
              </value>
            </param>
            <param index="2">
              <value>
                <![CDATA[chrome]]>
              </value>
            </param>
            <param index="3">
              <value>
                <![CDATA[71.0]]>
              </value>
            </param>
            <param index="4">
              <value>
                <![CDATA[http://amazon.com]]>
              </value>
            </param>
          </params>
          <reporter-output>
          </reporter-output>
        </test-method> <!-- setUp -->
        <test-method status="PASS" signature="closeOut()[pri:0, instance:test.pageobjects.TestShoppingCart@2ef5e5e3]" name="closeOut" is-config="true" duration-ms="0" started-at="2018-12-30T23:49:04Z" finished-at="2018-12-30T23:49:04Z">
          <reporter-output>
          </reporter-output>
        </test-method> <!-- closeOut -->
        <test-method status="PASS" signature="initializationOfObject()[pri:0, instance:test.pageobjects.TestShoppingCart@2ef5e5e3]" name="initializationOfObject" is-config="true" duration-ms="0" started-at="2018-12-30T23:49:11Z" finished-at="2018-12-30T23:49:11Z">
          <reporter-output>
          </reporter-output>
        </test-method> <!-- initializationOfObject -->
        <test-method status="PASS" signature="startExtent(java.lang.reflect.Method)[pri:0, instance:test.pageobjects.TestShoppingCart@2ef5e5e3]" name="startExtent" is-config="true" duration-ms="0" started-at="2018-12-30T23:49:11Z" finished-at="2018-12-30T23:49:11Z">
          <params>
            <param index="0">
              <value>
                <![CDATA[public void test.pageobjects.TestShoppingCart.selectLaptopTest()]]>
              </value>
            </param>
          </params>
          <reporter-output>
          </reporter-output>
        </test-method> <!-- startExtent -->
        <test-method status="FAIL" signature="selectLaptopTest()[pri:2, instance:test.pageobjects.TestShoppingCart@2ef5e5e3]" name="selectLaptopTest" duration-ms="203552" started-at="2018-12-30T23:49:12Z" finished-at="2018-12-30T23:52:35Z">
          <exception class="org.openqa.selenium.NoSuchElementException">
            <message>
              <![CDATA[no such element: Unable to locate element: {"method":"class name","selector":"a-badge-text"}
  (Session info: chrome=71.0.3578.98)
  (Driver info: chromedriver=2.45.615291 (ec3682e3c9061c10f26ea9e5cdcf3c53f3f74387),platform=Windows NT 10.0.17134 x86_64) (WARNING: The server did not provide any stacktrace information)
Command duration or timeout: 0 milliseconds
For documentation on this error, please visit: http://seleniumhq.org/exceptions/no_such_element.html
Build info: version: '3.14.0', revision: 'aacccce0', time: '2018-08-02T20:19:58.91Z'
System info: host: 'DESKTOP-JGBJ53E', ip: '192.168.1.2', os.name: 'Windows 10', os.arch: 'amd64', os.version: '10.0', java.version: '1.8.0_192'
Driver info: org.openqa.selenium.chrome.ChromeDriver
Capabilities {acceptInsecureCerts: false, acceptSslCerts: false, applicationCacheEnabled: false, browserConnectionEnabled: false, browserName: chrome, chrome: {chromedriverVersion: 2.45.615291 (ec3682e3c9061c..., userDataDir: C:\Users\Afnan\AppData\Loca...}, cssSelectorsEnabled: true, databaseEnabled: false, goog:chromeOptions: {debuggerAddress: localhost:57337}, handlesAlerts: true, hasTouchScreen: false, javascriptEnabled: true, locationContextEnabled: true, mobileEmulationEnabled: false, nativeEvents: true, networkConnectionEnabled: false, pageLoadStrategy: normal, platform: XP, platformName: XP, proxy: Proxy(), rotatable: false, setWindowRect: true, strictFileInteractability: false, takesHeapSnapshot: true, takesScreenshot: true, timeouts: {implicit: 0, pageLoad: 300000, script: 30000}, unexpectedAlertBehaviour: ignore, unhandledPromptBehavior: ignore, version: 71.0.3578.98, webStorageEnabled: true}
Session ID: be9a9b678b7d6fd0af77a1746f2c6822
*** Element info: {Using=class name, value=a-badge-text}]]>
            </message>
            <full-stacktrace>
              <![CDATA[org.openqa.selenium.NoSuchElementException: no such element: Unable to locate element: {"method":"class name","selector":"a-badge-text"}
  (Session info: chrome=71.0.3578.98)
  (Driver info: chromedriver=2.45.615291 (ec3682e3c9061c10f26ea9e5cdcf3c53f3f74387),platform=Windows NT 10.0.17134 x86_64) (WARNING: The server did not provide any stacktrace information)
Command duration or timeout: 0 milliseconds
For documentation on this error, please visit: http://seleniumhq.org/exceptions/no_such_element.html
Build info: version: '3.14.0', revision: 'aacccce0', time: '2018-08-02T20:19:58.91Z'
System info: host: 'DESKTOP-JGBJ53E', ip: '192.168.1.2', os.name: 'Windows 10', os.arch: 'amd64', os.version: '10.0', java.version: '1.8.0_192'
Driver info: org.openqa.selenium.chrome.ChromeDriver
Capabilities {acceptInsecureCerts: false, acceptSslCerts: false, applicationCacheEnabled: false, browserConnectionEnabled: false, browserName: chrome, chrome: {chromedriverVersion: 2.45.615291 (ec3682e3c9061c..., userDataDir: C:\Users\Afnan\AppData\Loca...}, cssSelectorsEnabled: true, databaseEnabled: false, goog:chromeOptions: {debuggerAddress: localhost:57337}, handlesAlerts: true, hasTouchScreen: false, javascriptEnabled: true, locationContextEnabled: true, mobileEmulationEnabled: false, nativeEvents: true, networkConnectionEnabled: false, pageLoadStrategy: normal, platform: XP, platformName: XP, proxy: Proxy(), rotatable: false, setWindowRect: true, strictFileInteractability: false, takesHeapSnapshot: true, takesScreenshot: true, timeouts: {implicit: 0, pageLoad: 300000, script: 30000}, unexpectedAlertBehaviour: ignore, unhandledPromptBehavior: ignore, version: 71.0.3578.98, webStorageEnabled: true}
Session ID: be9a9b678b7d6fd0af77a1746f2c6822
*** Element info: {Using=class name, value=a-badge-text}
	at sun.reflect.NativeConstructorAccessorImpl.newInstance0(Native Method)
	at sun.reflect.NativeConstructorAccessorImpl.newInstance(NativeConstructorAccessorImpl.java:62)
	at sun.reflect.DelegatingConstructorAccessorImpl.newInstance(DelegatingConstructorAccessorImpl.java:45)
	at java.lang.reflect.Constructor.newInstance(Constructor.java:423)
	at org.openqa.selenium.remote.ErrorHandler.createThrowable(ErrorHandler.java:214)
	at org.openqa.selenium.remote.ErrorHandler.throwIfResponseFailed(ErrorHandler.java:166)
	at org.openqa.selenium.remote.http.JsonHttpResponseCodec.reconstructValue(JsonHttpResponseCodec.java:40)
	at org.openqa.selenium.remote.http.AbstractHttpResponseCodec.decode(AbstractHttpResponseCodec.java:80)
	at org.openqa.selenium.remote.http.AbstractHttpResponseCodec.decode(AbstractHttpResponseCodec.java:44)
	at org.openqa.selenium.remote.HttpCommandExecutor.execute(HttpCommandExecutor.java:158)
	at org.openqa.selenium.remote.service.DriverCommandExecutor.execute(DriverCommandExecutor.java:83)
	at org.openqa.selenium.remote.RemoteWebDriver.execute(RemoteWebDriver.java:548)
	at org.openqa.selenium.remote.RemoteWebDriver.findElement(RemoteWebDriver.java:322)
	at org.openqa.selenium.remote.RemoteWebDriver.findElementByClassName(RemoteWebDriver.java:408)
	at org.openqa.selenium.By$ByClassName.findElement(By.java:389)
	at org.openqa.selenium.remote.RemoteWebDriver.findElement(RemoteWebDriver.java:314)
	at org.openqa.selenium.support.pagefactory.DefaultElementLocator.findElement(DefaultElementLocator.java:69)
	at org.openqa.selenium.support.pagefactory.internal.LocatingElementHandler.invoke(LocatingElementHandler.java:38)
	at com.sun.proxy.$Proxy12.click(Unknown Source)
	at application.page.base.ApplicationPageBase.clickButton(ApplicationPageBase.java:31)
	at page.objects.ShoppingCart.clickamazonChoice(ShoppingCart.java:47)
	at test.pageobjects.TestShoppingCart.selectLaptopTest(TestShoppingCart.java:35)
	at sun.reflect.NativeMethodAccessorImpl.invoke0(Native Method)
	at sun.reflect.NativeMethodAccessorImpl.invoke(NativeMethodAccessorImpl.java:62)
	at sun.reflect.DelegatingMethodAccessorImpl.invoke(DelegatingMethodAccessorImpl.java:43)
	at java.lang.reflect.Method.invoke(Method.java:498)
	at org.testng.internal.MethodInvocationHelper.invokeMethod(MethodInvocationHelper.java:108)
	at org.testng.internal.Invoker.invokeMethod(Invoker.java:661)
	at org.testng.internal.Invoker.invokeTestMethod(Invoker.java:869)
	at org.testng.internal.Invoker.invokeTestMethods(Invoker.java:1193)
	at org.testng.internal.TestMethodWorker.invokeTestMethods(TestMethodWorker.java:126)
	at org.testng.internal.TestMethodWorker.run(TestMethodWorker.java:109)
	at org.testng.TestRunner.privateRun(TestRunner.java:744)
	at org.testng.TestRunner.run(TestRunner.java:602)
	at org.testng.SuiteRunner.runTest(SuiteRunner.java:380)
	at org.testng.SuiteRunner.runSequentially(SuiteRunner.java:375)
	at org.testng.SuiteRunner.privateRun(SuiteRunner.java:340)
	at org.testng.SuiteRunner.run(SuiteRunner.java:289)
	at org.testng.SuiteRunnerWorker.runSuite(SuiteRunnerWorker.java:52)
	at org.testng.SuiteRunnerWorker.run(SuiteRunnerWorker.java:86)
	at org.testng.TestNG.runSuitesSequentially(TestNG.java:1301)
	at org.testng.TestNG.runSuitesLocally(TestNG.java:1226)
	at org.testng.TestNG.runSuites(TestNG.java:1144)
	at org.testng.TestNG.run(TestNG.java:1115)
	at org.apache.maven.surefire.testng.TestNGExecutor.run(TestNGExecutor.java:283)
	at org.apache.maven.surefire.testng.TestNGXmlTestSuite.execute(TestNGXmlTestSuite.java:75)
	at org.apache.maven.surefire.testng.TestNGProvider.invoke(TestNGProvider.java:120)
	at org.apache.maven.surefire.booter.ForkedBooter.invokeProviderInSameClassLoader(ForkedBooter.java:373)
	at org.apache.maven.surefire.booter.ForkedBooter.runSuitesInProcess(ForkedBooter.java:334)
	at org.apache.maven.surefire.booter.ForkedBooter.execute(ForkedBooter.java:119)
	at org.apache.maven.surefire.booter.ForkedBooter.main(ForkedBooter.java:407)
]]>
            </full-stacktrace>
          </exception> <!-- org.openqa.selenium.NoSuchElementException -->
          <reporter-output>
            <line>
              <![CDATA[sending Keys to SearchBox]]>
            </line>
            <line>
              <![CDATA[Keys Received]]>
            </line>
            <line>
              <![CDATA[Clicking :searchIcon]]>
            </line>
            <line>
              <![CDATA[Clicked :searchIcon]]>
            </line>
            <line>
              <![CDATA[Clicking :amazonChoice]]>
            </line>
          </reporter-output>
        </test-method> <!-- selectLaptopTest -->
        <test-method status="PASS" signature="afterEachTestMethod(org.testng.ITestResult)[pri:0, instance:test.pageobjects.TestShoppingCart@2ef5e5e3]" name="afterEachTestMethod" is-config="true" duration-ms="2377" started-at="2018-12-30T23:52:35Z" finished-at="2018-12-30T23:52:37Z">
          <params>
            <param index="0">
              <value>
                <![CDATA[[TestResult name=selectLaptopTest status=FAILURE method=TestShoppingCart.selectLaptopTest()[pri:2, instance:test.pageobjects.TestShoppingCart@2ef5e5e3] output=sending Keys to SearchBox]]]>
              </value>
            </param>
          </params>
          <reporter-output>
          </reporter-output>
        </test-method> <!-- afterEachTestMethod -->
        <test-method status="FAIL" signature="setUp(java.lang.String, java.lang.String, java.lang.String, java.lang.String, java.lang.String)[pri:0, instance:test.pageobjects.TestShoppingCart@2ef5e5e3]" name="setUp" is-config="true" duration-ms="3364" started-at="2018-12-30T23:52:37Z" finished-at="2018-12-30T23:52:41Z">
          <params>
            <param index="0">
              <value>
                <![CDATA[windows]]>
              </value>
            </param>
            <param index="1">
              <value>
                <![CDATA[10]]>
              </value>
            </param>
            <param index="2">
              <value>
                <![CDATA[chrome]]>
              </value>
            </param>
            <param index="3">
              <value>
                <![CDATA[71.0]]>
              </value>
            </param>
            <param index="4">
              <value>
                <![CDATA[http://amazon.com]]>
              </value>
            </param>
          </params>
          <exception class="org.openqa.selenium.WebDriverException">
            <message>
              <![CDATA[unknown error: failed to change window state to normal, current state is maximized
  (Session info: chrome=71.0.3578.98)
  (Driver info: chromedriver=2.45.615291 (ec3682e3c9061c10f26ea9e5cdcf3c53f3f74387),platform=Windows NT 10.0.17134 x86_64) (WARNING: The server did not provide any stacktrace information)
Command duration or timeout: 0 milliseconds
Build info: version: '3.14.0', revision: 'aacccce0', time: '2018-08-02T20:19:58.91Z'
System info: host: 'DESKTOP-JGBJ53E', ip: '192.168.1.2', os.name: 'Windows 10', os.arch: 'amd64', os.version: '10.0', java.version: '1.8.0_192'
Driver info: org.openqa.selenium.chrome.ChromeDriver
Capabilities {acceptInsecureCerts: false, acceptSslCerts: false, applicationCacheEnabled: false, browserConnectionEnabled: false, browserName: chrome, chrome: {chromedriverVersion: 2.45.615291 (ec3682e3c9061c..., userDataDir: C:\Users\Afnan\AppData\Loca...}, cssSelectorsEnabled: true, databaseEnabled: false, goog:chromeOptions: {debuggerAddress: localhost:57722}, handlesAlerts: true, hasTouchScreen: false, javascriptEnabled: true, locationContextEnabled: true, mobileEmulationEnabled: false, nativeEvents: true, networkConnectionEnabled: false, pageLoadStrategy: normal, platform: XP, platformName: XP, proxy: Proxy(), rotatable: false, setWindowRect: true, strictFileInteractability: false, takesHeapSnapshot: true, takesScreenshot: true, timeouts: {implicit: 0, pageLoad: 300000, script: 30000}, unexpectedAlertBehaviour: ignore, unhandledPromptBehavior: ignore, version: 71.0.3578.98, webStorageEnabled: true}
Session ID: 7126aee8215655ac70fcf4dda147c96a]]>
            </message>
            <full-stacktrace>
              <![CDATA[org.openqa.selenium.WebDriverException: unknown error: failed to change window state to normal, current state is maximized
  (Session info: chrome=71.0.3578.98)
  (Driver info: chromedriver=2.45.615291 (ec3682e3c9061c10f26ea9e5cdcf3c53f3f74387),platform=Windows NT 10.0.17134 x86_64) (WARNING: The server did not provide any stacktrace information)
Command duration or timeout: 0 milliseconds
Build info: version: '3.14.0', revision: 'aacccce0', time: '2018-08-02T20:19:58.91Z'
System info: host: 'DESKTOP-JGBJ53E', ip: '192.168.1.2', os.name: 'Windows 10', os.arch: 'amd64', os.version: '10.0', java.version: '1.8.0_192'
Driver info: org.openqa.selenium.chrome.ChromeDriver
Capabilities {acceptInsecureCerts: false, acceptSslCerts: false, applicationCacheEnabled: false, browserConnectionEnabled: false, browserName: chrome, chrome: {chromedriverVersion: 2.45.615291 (ec3682e3c9061c..., userDataDir: C:\Users\Afnan\AppData\Loca...}, cssSelectorsEnabled: true, databaseEnabled: false, goog:chromeOptions: {debuggerAddress: localhost:57722}, handlesAlerts: true, hasTouchScreen: false, javascriptEnabled: true, locationContextEnabled: true, mobileEmulationEnabled: false, nativeEvents: true, networkConnectionEnabled: false, pageLoadStrategy: normal, platform: XP, platformName: XP, proxy: Proxy(), rotatable: false, setWindowRect: true, strictFileInteractability: false, takesHeapSnapshot: true, takesScreenshot: true, timeouts: {implicit: 0, pageLoad: 300000, script: 30000}, unexpectedAlertBehaviour: ignore, unhandledPromptBehavior: ignore, version: 71.0.3578.98, webStorageEnabled: true}
Session ID: 7126aee8215655ac70fcf4dda147c96a
	at sun.reflect.NativeConstructorAccessorImpl.newInstance0(Native Method)
	at sun.reflect.NativeConstructorAccessorImpl.newInstance(NativeConstructorAccessorImpl.java:62)
	at sun.reflect.DelegatingConstructorAccessorImpl.newInstance(DelegatingConstructorAccessorImpl.java:45)
	at java.lang.reflect.Constructor.newInstance(Constructor.java:423)
	at org.openqa.selenium.remote.ErrorHandler.createThrowable(ErrorHandler.java:214)
	at org.openqa.selenium.remote.ErrorHandler.throwIfResponseFailed(ErrorHandler.java:166)
	at org.openqa.selenium.remote.http.JsonHttpResponseCodec.reconstructValue(JsonHttpResponseCodec.java:40)
	at org.openqa.selenium.remote.http.AbstractHttpResponseCodec.decode(AbstractHttpResponseCodec.java:80)
	at org.openqa.selenium.remote.http.AbstractHttpResponseCodec.decode(AbstractHttpResponseCodec.java:44)
	at org.openqa.selenium.remote.HttpCommandExecutor.execute(HttpCommandExecutor.java:158)
	at org.openqa.selenium.remote.service.DriverCommandExecutor.execute(DriverCommandExecutor.java:83)
	at org.openqa.selenium.remote.RemoteWebDriver.execute(RemoteWebDriver.java:548)
	at org.openqa.selenium.remote.RemoteWebDriver.execute(RemoteWebDriver.java:605)
	at org.openqa.selenium.remote.RemoteWebDriver$RemoteWebDriverOptions$RemoteWindow.maximize(RemoteWebDriver.java:833)
	at base.BrowserDriver.setUp(BrowserDriver.java:96)
	at sun.reflect.GeneratedMethodAccessor32.invoke(Unknown Source)
	at sun.reflect.DelegatingMethodAccessorImpl.invoke(DelegatingMethodAccessorImpl.java:43)
	at java.lang.reflect.Method.invoke(Method.java:498)
	at org.testng.internal.MethodInvocationHelper.invokeMethod(MethodInvocationHelper.java:108)
	at org.testng.internal.Invoker.invokeConfigurationMethod(Invoker.java:523)
	at org.testng.internal.Invoker.invokeConfigurations(Invoker.java:224)
	at org.testng.internal.Invoker.invokeMethod(Invoker.java:599)
	at org.testng.internal.Invoker.invokeTestMethod(Invoker.java:869)
	at org.testng.internal.Invoker.invokeTestMethods(Invoker.java:1193)
	at org.testng.internal.TestMethodWorker.invokeTestMethods(TestMethodWorker.java:126)
	at org.testng.internal.TestMethodWorker.run(TestMethodWorker.java:109)
	at org.testng.TestRunner.privateRun(TestRunner.java:744)
	at org.testng.TestRunner.run(TestRunner.java:602)
	at org.testng.SuiteRunner.runTest(SuiteRunner.java:380)
	at org.testng.SuiteRunner.runSequentially(SuiteRunner.java:375)
	at org.testng.SuiteRunner.privateRun(SuiteRunner.java:340)
	at org.testng.SuiteRunner.run(SuiteRunner.java:289)
	at org.testng.SuiteRunnerWorker.runSuite(SuiteRunnerWorker.java:52)
	at org.testng.SuiteRunnerWorker.run(SuiteRunnerWorker.java:86)
	at org.testng.TestNG.runSuitesSequentially(TestNG.java:1301)
	at org.testng.TestNG.runSuitesLocally(TestNG.java:1226)
	at org.testng.TestNG.runSuites(TestNG.java:1144)
	at org.testng.TestNG.run(TestNG.java:1115)
	at org.apache.maven.surefire.testng.TestNGExecutor.run(TestNGExecutor.java:283)
	at org.apache.maven.surefire.testng.TestNGXmlTestSuite.execute(TestNGXmlTestSuite.java:75)
	at org.apache.maven.surefire.testng.TestNGProvider.invoke(TestNGProvider.java:120)
	at org.apache.maven.surefire.booter.ForkedBooter.invokeProviderInSameClassLoader(ForkedBooter.java:373)
	at org.apache.maven.surefire.booter.ForkedBooter.runSuitesInProcess(ForkedBooter.java:334)
	at org.apache.maven.surefire.booter.ForkedBooter.execute(ForkedBooter.java:119)
	at org.apache.maven.surefire.booter.ForkedBooter.main(ForkedBooter.java:407)
]]>
            </full-stacktrace>
          </exception> <!-- org.openqa.selenium.WebDriverException -->
          <reporter-output>
          </reporter-output>
        </test-method> <!-- setUp -->
        <test-method status="PASS" signature="closeOut()[pri:0, instance:test.pageobjects.TestShoppingCart@2ef5e5e3]" name="closeOut" is-config="true" duration-ms="0" started-at="2018-12-30T23:52:37Z" finished-at="2018-12-30T23:52:37Z">
          <reporter-output>
          </reporter-output>
        </test-method> <!-- closeOut -->
        <test-method status="SKIP" signature="startExtent(java.lang.reflect.Method)[pri:0, instance:test.pageobjects.TestShoppingCart@2ef5e5e3]" name="startExtent" is-config="true" duration-ms="0" started-at="2018-12-30T23:52:41Z" finished-at="2018-12-30T23:52:41Z">
          <reporter-output>
          </reporter-output>
        </test-method> <!-- startExtent -->
        <test-method status="SKIP" signature="addToCartTest()[pri:3, instance:test.pageobjects.TestShoppingCart@2ef5e5e3]" name="addToCartTest" duration-ms="1" started-at="2018-12-30T23:52:41Z" finished-at="2018-12-30T23:52:41Z">
          <exception class="org.openqa.selenium.WebDriverException">
            <message>
              <![CDATA[unknown error: failed to change window state to normal, current state is maximized
  (Session info: chrome=71.0.3578.98)
  (Driver info: chromedriver=2.45.615291 (ec3682e3c9061c10f26ea9e5cdcf3c53f3f74387),platform=Windows NT 10.0.17134 x86_64) (WARNING: The server did not provide any stacktrace information)
Command duration or timeout: 0 milliseconds
Build info: version: '3.14.0', revision: 'aacccce0', time: '2018-08-02T20:19:58.91Z'
System info: host: 'DESKTOP-JGBJ53E', ip: '192.168.1.2', os.name: 'Windows 10', os.arch: 'amd64', os.version: '10.0', java.version: '1.8.0_192'
Driver info: org.openqa.selenium.chrome.ChromeDriver
Capabilities {acceptInsecureCerts: false, acceptSslCerts: false, applicationCacheEnabled: false, browserConnectionEnabled: false, browserName: chrome, chrome: {chromedriverVersion: 2.45.615291 (ec3682e3c9061c..., userDataDir: C:\Users\Afnan\AppData\Loca...}, cssSelectorsEnabled: true, databaseEnabled: false, goog:chromeOptions: {debuggerAddress: localhost:57722}, handlesAlerts: true, hasTouchScreen: false, javascriptEnabled: true, locationContextEnabled: true, mobileEmulationEnabled: false, nativeEvents: true, networkConnectionEnabled: false, pageLoadStrategy: normal, platform: XP, platformName: XP, proxy: Proxy(), rotatable: false, setWindowRect: true, strictFileInteractability: false, takesHeapSnapshot: true, takesScreenshot: true, timeouts: {implicit: 0, pageLoad: 300000, script: 30000}, unexpectedAlertBehaviour: ignore, unhandledPromptBehavior: ignore, version: 71.0.3578.98, webStorageEnabled: true}
Session ID: 7126aee8215655ac70fcf4dda147c96a]]>
            </message>
            <full-stacktrace>
              <![CDATA[org.openqa.selenium.WebDriverException: unknown error: failed to change window state to normal, current state is maximized
  (Session info: chrome=71.0.3578.98)
  (Driver info: chromedriver=2.45.615291 (ec3682e3c9061c10f26ea9e5cdcf3c53f3f74387),platform=Windows NT 10.0.17134 x86_64) (WARNING: The server did not provide any stacktrace information)
Command duration or timeout: 0 milliseconds
Build info: version: '3.14.0', revision: 'aacccce0', time: '2018-08-02T20:19:58.91Z'
System info: host: 'DESKTOP-JGBJ53E', ip: '192.168.1.2', os.name: 'Windows 10', os.arch: 'amd64', os.version: '10.0', java.version: '1.8.0_192'
Driver info: org.openqa.selenium.chrome.ChromeDriver
Capabilities {acceptInsecureCerts: false, acceptSslCerts: false, applicationCacheEnabled: false, browserConnectionEnabled: false, browserName: chrome, chrome: {chromedriverVersion: 2.45.615291 (ec3682e3c9061c..., userDataDir: C:\Users\Afnan\AppData\Loca...}, cssSelectorsEnabled: true, databaseEnabled: false, goog:chromeOptions: {debuggerAddress: localhost:57722}, handlesAlerts: true, hasTouchScreen: false, javascriptEnabled: true, locationContextEnabled: true, mobileEmulationEnabled: false, nativeEvents: true, networkConnectionEnabled: false, pageLoadStrategy: normal, platform: XP, platformName: XP, proxy: Proxy(), rotatable: false, setWindowRect: true, strictFileInteractability: false, takesHeapSnapshot: true, takesScreenshot: true, timeouts: {implicit: 0, pageLoad: 300000, script: 30000}, unexpectedAlertBehaviour: ignore, unhandledPromptBehavior: ignore, version: 71.0.3578.98, webStorageEnabled: true}
Session ID: 7126aee8215655ac70fcf4dda147c96a
	at sun.reflect.NativeConstructorAccessorImpl.newInstance0(Native Method)
	at sun.reflect.NativeConstructorAccessorImpl.newInstance(NativeConstructorAccessorImpl.java:62)
	at sun.reflect.DelegatingConstructorAccessorImpl.newInstance(DelegatingConstructorAccessorImpl.java:45)
	at java.lang.reflect.Constructor.newInstance(Constructor.java:423)
	at org.openqa.selenium.remote.ErrorHandler.createThrowable(ErrorHandler.java:214)
	at org.openqa.selenium.remote.ErrorHandler.throwIfResponseFailed(ErrorHandler.java:166)
	at org.openqa.selenium.remote.http.JsonHttpResponseCodec.reconstructValue(JsonHttpResponseCodec.java:40)
	at org.openqa.selenium.remote.http.AbstractHttpResponseCodec.decode(AbstractHttpResponseCodec.java:80)
	at org.openqa.selenium.remote.http.AbstractHttpResponseCodec.decode(AbstractHttpResponseCodec.java:44)
	at org.openqa.selenium.remote.HttpCommandExecutor.execute(HttpCommandExecutor.java:158)
	at org.openqa.selenium.remote.service.DriverCommandExecutor.execute(DriverCommandExecutor.java:83)
	at org.openqa.selenium.remote.RemoteWebDriver.execute(RemoteWebDriver.java:548)
	at org.openqa.selenium.remote.RemoteWebDriver.execute(RemoteWebDriver.java:605)
	at org.openqa.selenium.remote.RemoteWebDriver$RemoteWebDriverOptions$RemoteWindow.maximize(RemoteWebDriver.java:833)
	at base.BrowserDriver.setUp(BrowserDriver.java:96)
	at sun.reflect.GeneratedMethodAccessor32.invoke(Unknown Source)
	at sun.reflect.DelegatingMethodAccessorImpl.invoke(DelegatingMethodAccessorImpl.java:43)
	at java.lang.reflect.Method.invoke(Method.java:498)
	at org.testng.internal.MethodInvocationHelper.invokeMethod(MethodInvocationHelper.java:108)
	at org.testng.internal.Invoker.invokeConfigurationMethod(Invoker.java:523)
	at org.testng.internal.Invoker.invokeConfigurations(Invoker.java:224)
	at org.testng.internal.Invoker.invokeMethod(Invoker.java:599)
	at org.testng.internal.Invoker.invokeTestMethod(Invoker.java:869)
	at org.testng.internal.Invoker.invokeTestMethods(Invoker.java:1193)
	at org.testng.internal.TestMethodWorker.invokeTestMethods(TestMethodWorker.java:126)
	at org.testng.internal.TestMethodWorker.run(TestMethodWorker.java:109)
	at org.testng.TestRunner.privateRun(TestRunner.java:744)
	at org.testng.TestRunner.run(TestRunner.java:602)
	at org.testng.SuiteRunner.runTest(SuiteRunner.java:380)
	at org.testng.SuiteRunner.runSequentially(SuiteRunner.java:375)
	at org.testng.SuiteRunner.privateRun(SuiteRunner.java:340)
	at org.testng.SuiteRunner.run(SuiteRunner.java:289)
	at org.testng.SuiteRunnerWorker.runSuite(SuiteRunnerWorker.java:52)
	at org.testng.SuiteRunnerWorker.run(SuiteRunnerWorker.java:86)
	at org.testng.TestNG.runSuitesSequentially(TestNG.java:1301)
	at org.testng.TestNG.runSuitesLocally(TestNG.java:1226)
	at org.testng.TestNG.runSuites(TestNG.java:1144)
	at org.testng.TestNG.run(TestNG.java:1115)
	at org.apache.maven.surefire.testng.TestNGExecutor.run(TestNGExecutor.java:283)
	at org.apache.maven.surefire.testng.TestNGXmlTestSuite.execute(TestNGXmlTestSuite.java:75)
	at org.apache.maven.surefire.testng.TestNGProvider.invoke(TestNGProvider.java:120)
	at org.apache.maven.surefire.booter.ForkedBooter.invokeProviderInSameClassLoader(ForkedBooter.java:373)
	at org.apache.maven.surefire.booter.ForkedBooter.runSuitesInProcess(ForkedBooter.java:334)
	at org.apache.maven.surefire.booter.ForkedBooter.execute(ForkedBooter.java:119)
	at org.apache.maven.surefire.booter.ForkedBooter.main(ForkedBooter.java:407)
]]>
            </full-stacktrace>
          </exception> <!-- org.openqa.selenium.WebDriverException -->
          <reporter-output>
          </reporter-output>
        </test-method> <!-- addToCartTest -->
        <test-method status="SKIP" signature="initializationOfObject()[pri:0, instance:test.pageobjects.TestShoppingCart@2ef5e5e3]" name="initializationOfObject" is-config="true" duration-ms="0" started-at="2018-12-30T23:52:41Z" finished-at="2018-12-30T23:52:41Z">
          <reporter-output>
          </reporter-output>
        </test-method> <!-- initializationOfObject -->
      </class> <!-- test.pageobjects.TestShoppingCart -->
    </test> <!-- Amazon Home -->
  </suite> <!-- Amazon -->
</testng-results>
