<html>
<head>
<title>TestNG:  Amazon Home</title>
<link href="../testng.css" rel="stylesheet" type="text/css" />
<link href="../my-testng.css" rel="stylesheet" type="text/css" />

<style type="text/css">
.log { display: none;} 
.stack-trace { display: none;} 
</style>
<script type="text/javascript">
<!--
function flip(e) {
  current = e.style.display;
  if (current == 'block') {
    e.style.display = 'none';
    return 0;
  }
  else {
    e.style.display = 'block';
    return 1;
  }
}

function toggleBox(szDivId, elem, msg1, msg2)
{
  var res = -1;  if (document.getElementById) {
    res = flip(document.getElementById(szDivId));
  }
  else if (document.all) {
    // this is the way old msie versions work
    res = flip(document.all[szDivId]);
  }
  if(elem) {
    if(res == 0) elem.innerHTML = msg1; else elem.innerHTML = msg2;
  }

}

function toggleAllBoxes() {
  if (document.getElementsByTagName) {
    d = document.getElementsByTagName('div');
    for (i = 0; i < d.length; i++) {
      if (d[i].className == 'log') {
        flip(d[i]);
      }
    }
  }
}

// -->
</script>

</head>
<body>
<h2 align='center'>Amazon Home</h2><table border='1' align="center">
<tr>
<td>Tests passed/Failed/Skipped:</td><td>26/1/2</td>
</tr><tr>
<td>Started on:</td><td>Sun Dec 30 23:41:34 EST 2018</td>
</tr>
<tr><td>Total time:</td><td>666 seconds (666691 ms)</td>
</tr><tr>
<td>Included groups:</td><td></td>
</tr><tr>
<td>Excluded groups:</td><td></td>
</tr>
</table><p/>
<small><i>(Hover the method name to see the test class name)</i></small><p/>
<table width='100%' border='1' class='invocation-failed'>
<tr><td colspan='4' align='center'><b>FAILED CONFIGURATIONS</b></td></tr>
<tr><td><b>Test method</b></td>
<td width="30%"><b>Exception</b></td>
<td width="10%"><b>Time (seconds)</b></td>
<td><b>Instance</b></td>
</tr>
<tr>
<td title='test.pageobjects.TestShoppingCart.setUp()'><b>setUp</b><br>Test class: test.pageobjects.TestShoppingCart<br>Parameters: windows, 10, chrome, 71.0, http://amazon.com</td>
<td><div><pre>org.openqa.selenium.WebDriverException: unknown error: failed to change window state to normal, current state is maximized
  (Session info: chrome=71.0.3578.98)
  (Driver info: chromedriver=2.45.615291 (ec3682e3c9061c10f26ea9e5cdcf3c53f3f74387),platform=Windows NT 10.0.17134 x86_64) (WARNING: The server did not provide any stacktrace information)
Command duration or timeout: 0 milliseconds
Build info: version: &apos;3.14.0&apos;, revision: &apos;aacccce0&apos;, time: &apos;2018-08-02T20:19:58.91Z&apos;
System info: host: &apos;DESKTOP-JGBJ53E&apos;, ip: &apos;192.168.1.2&apos;, os.name: &apos;Windows 10&apos;, os.arch: &apos;amd64&apos;, os.version: &apos;10.0&apos;, java.version: &apos;1.8.0_192&apos;
Driver info: org.openqa.selenium.chrome.ChromeDriver
Capabilities {acceptInsecureCerts: false, acceptSslCerts: false, applicationCacheEnabled: false, browserConnectionEnabled: false, browserName: chrome, chrome: {chromedriverVersion: 2.45.615291 (ec3682e3c9061c..., userDataDir: C:\Users\Afnan\AppData\Loca...}, cssSelectorsEnabled: true, databaseEnabled: false, goog:chromeOptions: {debuggerAddress: localhost:57722}, handlesAlerts: true, hasTouchScreen: false, javascriptEnabled: true, locationContextEnabled: true, mobileEmulationEnabled: false, nativeEvents: true, networkConnectionEnabled: false, pageLoadStrategy: normal, platform: XP, platformName: XP, proxy: Proxy(), rotatable: false, setWindowRect: true, strictFileInteractability: false, takesHeapSnapshot: true, takesScreenshot: true, timeouts: {implicit: 0, pageLoad: 300000, script: 30000}, unexpectedAlertBehaviour: ignore, unhandledPromptBehavior: ignore, version: 71.0.3578.98, webStorageEnabled: true}
Session ID: 7126aee8215655ac70fcf4dda147c96a
	at org.openqa.selenium.remote.ErrorHandler.createThrowable(ErrorHandler.java:214)
	at org.openqa.selenium.remote.ErrorHandler.throwIfResponseFailed(ErrorHandler.java:166)
	at org.openqa.selenium.remote.http.JsonHttpResponseCodec.reconstructValue(JsonHttpResponseCodec.java:40)
	at org.openqa.selenium.remote.http.AbstractHttpResponseCodec.decode(AbstractHttpResponseCodec.java:80)
	at org.openqa.selenium.remote.http.AbstractHttpResponseCodec.decode(AbstractHttpResponseCodec.java:44)
	at org.openqa.selenium.remote.HttpCommandExecutor.execute(HttpCommandExecutor.java:158)
	at org.openqa.selenium.remote.service.DriverCommandExecutor.execute(DriverCommandExecutor.java:83)
	at org.openqa.selenium.remote.RemoteWebDriver.execute(RemoteWebDriver.java:548)
	at org.openqa.selenium.remote.RemoteWebDriver.execute(RemoteWebDriver.java:605)
	at org.openqa.selenium.remote.RemoteWebDriver$RemoteWebDriverOptions$RemoteWindow.maximize(RemoteWebDriver.java:833)
	at base.BrowserDriver.setUp(BrowserDriver.java:96)
... Removed 34 stack frames</pre></div><a href='#' onClick='toggleBox("stack-trace636536295", this, "Click to show all stack frames", "Click to hide stack frames")'>Click to show all stack frames</a>
<div class='stack-trace' id='stack-trace636536295'><pre>org.openqa.selenium.WebDriverException: unknown error: failed to change window state to normal, current state is maximized
  (Session info: chrome=71.0.3578.98)
  (Driver info: chromedriver=2.45.615291 (ec3682e3c9061c10f26ea9e5cdcf3c53f3f74387),platform=Windows NT 10.0.17134 x86_64) (WARNING: The server did not provide any stacktrace information)
Command duration or timeout: 0 milliseconds
Build info: version: &apos;3.14.0&apos;, revision: &apos;aacccce0&apos;, time: &apos;2018-08-02T20:19:58.91Z&apos;
System info: host: &apos;DESKTOP-JGBJ53E&apos;, ip: &apos;192.168.1.2&apos;, os.name: &apos;Windows 10&apos;, os.arch: &apos;amd64&apos;, os.version: &apos;10.0&apos;, java.version: &apos;1.8.0_192&apos;
Driver info: org.openqa.selenium.chrome.ChromeDriver
Capabilities {acceptInsecureCerts: false, acceptSslCerts: false, applicationCacheEnabled: false, browserConnectionEnabled: false, browserName: chrome, chrome: {chromedriverVersion: 2.45.615291 (ec3682e3c9061c..., userDataDir: C:\Users\Afnan\AppData\Loca...}, cssSelectorsEnabled: true, databaseEnabled: false, goog:chromeOptions: {debuggerAddress: localhost:57722}, handlesAlerts: true, hasTouchScreen: false, javascriptEnabled: true, locationContextEnabled: true, mobileEmulationEnabled: false, nativeEvents: true, networkConnectionEnabled: false, pageLoadStrategy: normal, platform: XP, platformName: XP, proxy: Proxy(), rotatable: false, setWindowRect: true, strictFileInteractability: false, takesHeapSnapshot: true, takesScreenshot: true, timeouts: {implicit: 0, pageLoad: 300000, script: 30000}, unexpectedAlertBehaviour: ignore, unhandledPromptBehavior: ignore, version: 71.0.3578.98, webStorageEnabled: true}
Session ID: 7126aee8215655ac70fcf4dda147c96a
	at sun.reflect.NativeConstructorAccessorImpl.newInstance0(Native Method)
	at sun.reflect.NativeConstructorAccessorImpl.newInstance(NativeConstructorAccessorImpl.java:62)
	at sun.reflect.DelegatingConstructorAccessorImpl.newInstance(DelegatingConstructorAccessorImpl.java:45)
	at java.lang.reflect.Constructor.newInstance(Constructor.java:423)
	at org.openqa.selenium.remote.ErrorHandler.createThrowable(ErrorHandler.java:214)
	at org.openqa.selenium.remote.ErrorHandler.throwIfResponseFailed(ErrorHandler.java:166)
	at org.openqa.selenium.remote.http.JsonHttpResponseCodec.reconstructValue(JsonHttpResponseCodec.java:40)
	at org.openqa.selenium.remote.http.AbstractHttpResponseCodec.decode(AbstractHttpResponseCodec.java:80)
	at org.openqa.selenium.remote.http.AbstractHttpResponseCodec.decode(AbstractHttpResponseCodec.java:44)
	at org.openqa.selenium.remote.HttpCommandExecutor.execute(HttpCommandExecutor.java:158)
	at org.openqa.selenium.remote.service.DriverCommandExecutor.execute(DriverCommandExecutor.java:83)
	at org.openqa.selenium.remote.RemoteWebDriver.execute(RemoteWebDriver.java:548)
	at org.openqa.selenium.remote.RemoteWebDriver.execute(RemoteWebDriver.java:605)
	at org.openqa.selenium.remote.RemoteWebDriver$RemoteWebDriverOptions$RemoteWindow.maximize(RemoteWebDriver.java:833)
	at base.BrowserDriver.setUp(BrowserDriver.java:96)
	at sun.reflect.GeneratedMethodAccessor32.invoke(Unknown Source)
	at sun.reflect.DelegatingMethodAccessorImpl.invoke(DelegatingMethodAccessorImpl.java:43)
	at java.lang.reflect.Method.invoke(Method.java:498)
	at org.testng.internal.MethodInvocationHelper.invokeMethod(MethodInvocationHelper.java:108)
	at org.testng.internal.Invoker.invokeConfigurationMethod(Invoker.java:523)
	at org.testng.internal.Invoker.invokeConfigurations(Invoker.java:224)
	at org.testng.internal.Invoker.invokeMethod(Invoker.java:599)
	at org.testng.internal.Invoker.invokeTestMethod(Invoker.java:869)
	at org.testng.internal.Invoker.invokeTestMethods(Invoker.java:1193)
	at org.testng.internal.TestMethodWorker.invokeTestMethods(TestMethodWorker.java:126)
	at org.testng.internal.TestMethodWorker.run(TestMethodWorker.java:109)
	at org.testng.TestRunner.privateRun(TestRunner.java:744)
	at org.testng.TestRunner.run(TestRunner.java:602)
	at org.testng.SuiteRunner.runTest(SuiteRunner.java:380)
	at org.testng.SuiteRunner.runSequentially(SuiteRunner.java:375)
	at org.testng.SuiteRunner.privateRun(SuiteRunner.java:340)
	at org.testng.SuiteRunner.run(SuiteRunner.java:289)
	at org.testng.SuiteRunnerWorker.runSuite(SuiteRunnerWorker.java:52)
	at org.testng.SuiteRunnerWorker.run(SuiteRunnerWorker.java:86)
	at org.testng.TestNG.runSuitesSequentially(TestNG.java:1301)
	at org.testng.TestNG.runSuitesLocally(TestNG.java:1226)
	at org.testng.TestNG.runSuites(TestNG.java:1144)
	at org.testng.TestNG.run(TestNG.java:1115)
	at org.apache.maven.surefire.testng.TestNGExecutor.run(TestNGExecutor.java:283)
	at org.apache.maven.surefire.testng.TestNGXmlTestSuite.execute(TestNGXmlTestSuite.java:75)
	at org.apache.maven.surefire.testng.TestNGProvider.invoke(TestNGProvider.java:120)
	at org.apache.maven.surefire.booter.ForkedBooter.invokeProviderInSameClassLoader(ForkedBooter.java:373)
	at org.apache.maven.surefire.booter.ForkedBooter.runSuitesInProcess(ForkedBooter.java:334)
	at org.apache.maven.surefire.booter.ForkedBooter.execute(ForkedBooter.java:119)
	at org.apache.maven.surefire.booter.ForkedBooter.main(ForkedBooter.java:407)
</pre></div></td>
<td>3</td>
<td>test.pageobjects.TestShoppingCart@2ef5e5e3</td></tr>
</table><p>
<table width='100%' border='1' class='invocation-skipped'>
<tr><td colspan='4' align='center'><b>SKIPPED CONFIGURATIONS</b></td></tr>
<tr><td><b>Test method</b></td>
<td width="30%"><b>Exception</b></td>
<td width="10%"><b>Time (seconds)</b></td>
<td><b>Instance</b></td>
</tr>
<tr>
<td title='test.pageobjects.TestShoppingCart.startExtent()'><b>startExtent</b><br>Test class: test.pageobjects.TestShoppingCart</td>
<td></td>
<td>0</td>
<td>test.pageobjects.TestShoppingCart@2ef5e5e3</td></tr>
<tr>
<td title='test.pageobjects.TestShoppingCart.initializationOfObject()'><b>initializationOfObject</b><br>Test class: test.pageobjects.TestShoppingCart</td>
<td></td>
<td>0</td>
<td>test.pageobjects.TestShoppingCart@2ef5e5e3</td></tr>
<tr>
<td title='test.pageobjects.TestFooterTopLinks.setUp()'><b>setUp</b><br>Test class: test.pageobjects.TestFooterTopLinks</td>
<td></td>
<td>0</td>
<td>test.pageobjects.TestFooterTopLinks@6d00a15d</td></tr>
<tr>
<td title='test.pageobjects.TestFooterTopLinks.startExtent()'><b>startExtent</b><br>Test class: test.pageobjects.TestFooterTopLinks</td>
<td></td>
<td>0</td>
<td>test.pageobjects.TestFooterTopLinks@6d00a15d</td></tr>
<tr>
<td title='test.pageobjects.TestFooterTopLinks.initializationOfObjects()'><b>initializationOfObjects</b><br>Test class: test.pageobjects.TestFooterTopLinks</td>
<td></td>
<td>0</td>
<td>test.pageobjects.TestFooterTopLinks@6d00a15d</td></tr>
</table><p>
<table width='100%' border='1' class='invocation-failed'>
<tr><td colspan='4' align='center'><b>FAILED TESTS</b></td></tr>
<tr><td><b>Test method</b></td>
<td width="30%"><b>Exception</b></td>
<td width="10%"><b>Time (seconds)</b></td>
<td><b>Instance</b></td>
</tr>
<tr>
<td title='test.pageobjects.TestShoppingCart.selectLaptopTest()'><b>selectLaptopTest</b><br>Test class: test.pageobjects.TestShoppingCart<br/>
<a href="#Output-2132961406" onClick='toggleBox("Output-2132961406", this, "Show output", "Hide output");'>Show output</a>

<a href="#Output-2132961406" onClick="toggleAllBoxes();">Show all outputs</a>
<div class='log' id="Output-2132961406">
sending Keys to SearchBox<br/>
Keys Received<br/>
Clicking :searchIcon<br/>
Clicked :searchIcon<br/>
Clicking :amazonChoice<br/>
</div>
</td>
<td><div><pre>org.openqa.selenium.NoSuchElementException: no such element: Unable to locate element: {&quot;method&quot;:&quot;class name&quot;,&quot;selector&quot;:&quot;a-badge-text&quot;}
  (Session info: chrome=71.0.3578.98)
  (Driver info: chromedriver=2.45.615291 (ec3682e3c9061c10f26ea9e5cdcf3c53f3f74387),platform=Windows NT 10.0.17134 x86_64) (WARNING: The server did not provide any stacktrace information)
Command duration or timeout: 0 milliseconds
For documentation on this error, please visit: http://seleniumhq.org/exceptions/no_such_element.html
Build info: version: &apos;3.14.0&apos;, revision: &apos;aacccce0&apos;, time: &apos;2018-08-02T20:19:58.91Z&apos;
System info: host: &apos;DESKTOP-JGBJ53E&apos;, ip: &apos;192.168.1.2&apos;, os.name: &apos;Windows 10&apos;, os.arch: &apos;amd64&apos;, os.version: &apos;10.0&apos;, java.version: &apos;1.8.0_192&apos;
Driver info: org.openqa.selenium.chrome.ChromeDriver
Capabilities {acceptInsecureCerts: false, acceptSslCerts: false, applicationCacheEnabled: false, browserConnectionEnabled: false, browserName: chrome, chrome: {chromedriverVersion: 2.45.615291 (ec3682e3c9061c..., userDataDir: C:\Users\Afnan\AppData\Loca...}, cssSelectorsEnabled: true, databaseEnabled: false, goog:chromeOptions: {debuggerAddress: localhost:57337}, handlesAlerts: true, hasTouchScreen: false, javascriptEnabled: true, locationContextEnabled: true, mobileEmulationEnabled: false, nativeEvents: true, networkConnectionEnabled: false, pageLoadStrategy: normal, platform: XP, platformName: XP, proxy: Proxy(), rotatable: false, setWindowRect: true, strictFileInteractability: false, takesHeapSnapshot: true, takesScreenshot: true, timeouts: {implicit: 0, pageLoad: 300000, script: 30000}, unexpectedAlertBehaviour: ignore, unhandledPromptBehavior: ignore, version: 71.0.3578.98, webStorageEnabled: true}
Session ID: be9a9b678b7d6fd0af77a1746f2c6822
*** Element info: {Using=class name, value=a-badge-text}
	at org.openqa.selenium.remote.ErrorHandler.createThrowable(ErrorHandler.java:214)
	at org.openqa.selenium.remote.ErrorHandler.throwIfResponseFailed(ErrorHandler.java:166)
	at org.openqa.selenium.remote.http.JsonHttpResponseCodec.reconstructValue(JsonHttpResponseCodec.java:40)
	at org.openqa.selenium.remote.http.AbstractHttpResponseCodec.decode(AbstractHttpResponseCodec.java:80)
	at org.openqa.selenium.remote.http.AbstractHttpResponseCodec.decode(AbstractHttpResponseCodec.java:44)
	at org.openqa.selenium.remote.HttpCommandExecutor.execute(HttpCommandExecutor.java:158)
	at org.openqa.selenium.remote.service.DriverCommandExecutor.execute(DriverCommandExecutor.java:83)
	at org.openqa.selenium.remote.RemoteWebDriver.execute(RemoteWebDriver.java:548)
	at org.openqa.selenium.remote.RemoteWebDriver.findElement(RemoteWebDriver.java:322)
	at org.openqa.selenium.remote.RemoteWebDriver.findElementByClassName(RemoteWebDriver.java:408)
	at org.openqa.selenium.By$ByClassName.findElement(By.java:389)
	at org.openqa.selenium.remote.RemoteWebDriver.findElement(RemoteWebDriver.java:314)
	at org.openqa.selenium.support.pagefactory.DefaultElementLocator.findElement(DefaultElementLocator.java:69)
	at org.openqa.selenium.support.pagefactory.internal.LocatingElementHandler.invoke(LocatingElementHandler.java:38)
	at com.sun.proxy.$Proxy12.click(Unknown Source)
	at application.page.base.ApplicationPageBase.clickButton(ApplicationPageBase.java:31)
	at page.objects.ShoppingCart.clickamazonChoice(ShoppingCart.java:47)
	at test.pageobjects.TestShoppingCart.selectLaptopTest(TestShoppingCart.java:35)
... Removed 33 stack frames</pre></div><a href='#' onClick='toggleBox("stack-trace2132961406", this, "Click to show all stack frames", "Click to hide stack frames")'>Click to show all stack frames</a>
<div class='stack-trace' id='stack-trace2132961406'><pre>org.openqa.selenium.NoSuchElementException: no such element: Unable to locate element: {&quot;method&quot;:&quot;class name&quot;,&quot;selector&quot;:&quot;a-badge-text&quot;}
  (Session info: chrome=71.0.3578.98)
  (Driver info: chromedriver=2.45.615291 (ec3682e3c9061c10f26ea9e5cdcf3c53f3f74387),platform=Windows NT 10.0.17134 x86_64) (WARNING: The server did not provide any stacktrace information)
Command duration or timeout: 0 milliseconds
For documentation on this error, please visit: http://seleniumhq.org/exceptions/no_such_element.html
Build info: version: &apos;3.14.0&apos;, revision: &apos;aacccce0&apos;, time: &apos;2018-08-02T20:19:58.91Z&apos;
System info: host: &apos;DESKTOP-JGBJ53E&apos;, ip: &apos;192.168.1.2&apos;, os.name: &apos;Windows 10&apos;, os.arch: &apos;amd64&apos;, os.version: &apos;10.0&apos;, java.version: &apos;1.8.0_192&apos;
Driver info: org.openqa.selenium.chrome.ChromeDriver
Capabilities {acceptInsecureCerts: false, acceptSslCerts: false, applicationCacheEnabled: false, browserConnectionEnabled: false, browserName: chrome, chrome: {chromedriverVersion: 2.45.615291 (ec3682e3c9061c..., userDataDir: C:\Users\Afnan\AppData\Loca...}, cssSelectorsEnabled: true, databaseEnabled: false, goog:chromeOptions: {debuggerAddress: localhost:57337}, handlesAlerts: true, hasTouchScreen: false, javascriptEnabled: true, locationContextEnabled: true, mobileEmulationEnabled: false, nativeEvents: true, networkConnectionEnabled: false, pageLoadStrategy: normal, platform: XP, platformName: XP, proxy: Proxy(), rotatable: false, setWindowRect: true, strictFileInteractability: false, takesHeapSnapshot: true, takesScreenshot: true, timeouts: {implicit: 0, pageLoad: 300000, script: 30000}, unexpectedAlertBehaviour: ignore, unhandledPromptBehavior: ignore, version: 71.0.3578.98, webStorageEnabled: true}
Session ID: be9a9b678b7d6fd0af77a1746f2c6822
*** Element info: {Using=class name, value=a-badge-text}
	at sun.reflect.NativeConstructorAccessorImpl.newInstance0(Native Method)
	at sun.reflect.NativeConstructorAccessorImpl.newInstance(NativeConstructorAccessorImpl.java:62)
	at sun.reflect.DelegatingConstructorAccessorImpl.newInstance(DelegatingConstructorAccessorImpl.java:45)
	at java.lang.reflect.Constructor.newInstance(Constructor.java:423)
	at org.openqa.selenium.remote.ErrorHandler.createThrowable(ErrorHandler.java:214)
	at org.openqa.selenium.remote.ErrorHandler.throwIfResponseFailed(ErrorHandler.java:166)
	at org.openqa.selenium.remote.http.JsonHttpResponseCodec.reconstructValue(JsonHttpResponseCodec.java:40)
	at org.openqa.selenium.remote.http.AbstractHttpResponseCodec.decode(AbstractHttpResponseCodec.java:80)
	at org.openqa.selenium.remote.http.AbstractHttpResponseCodec.decode(AbstractHttpResponseCodec.java:44)
	at org.openqa.selenium.remote.HttpCommandExecutor.execute(HttpCommandExecutor.java:158)
	at org.openqa.selenium.remote.service.DriverCommandExecutor.execute(DriverCommandExecutor.java:83)
	at org.openqa.selenium.remote.RemoteWebDriver.execute(RemoteWebDriver.java:548)
	at org.openqa.selenium.remote.RemoteWebDriver.findElement(RemoteWebDriver.java:322)
	at org.openqa.selenium.remote.RemoteWebDriver.findElementByClassName(RemoteWebDriver.java:408)
	at org.openqa.selenium.By$ByClassName.findElement(By.java:389)
	at org.openqa.selenium.remote.RemoteWebDriver.findElement(RemoteWebDriver.java:314)
	at org.openqa.selenium.support.pagefactory.DefaultElementLocator.findElement(DefaultElementLocator.java:69)
	at org.openqa.selenium.support.pagefactory.internal.LocatingElementHandler.invoke(LocatingElementHandler.java:38)
	at com.sun.proxy.$Proxy12.click(Unknown Source)
	at application.page.base.ApplicationPageBase.clickButton(ApplicationPageBase.java:31)
	at page.objects.ShoppingCart.clickamazonChoice(ShoppingCart.java:47)
	at test.pageobjects.TestShoppingCart.selectLaptopTest(TestShoppingCart.java:35)
	at sun.reflect.NativeMethodAccessorImpl.invoke0(Native Method)
	at sun.reflect.NativeMethodAccessorImpl.invoke(NativeMethodAccessorImpl.java:62)
	at sun.reflect.DelegatingMethodAccessorImpl.invoke(DelegatingMethodAccessorImpl.java:43)
	at java.lang.reflect.Method.invoke(Method.java:498)
	at org.testng.internal.MethodInvocationHelper.invokeMethod(MethodInvocationHelper.java:108)
	at org.testng.internal.Invoker.invokeMethod(Invoker.java:661)
	at org.testng.internal.Invoker.invokeTestMethod(Invoker.java:869)
	at org.testng.internal.Invoker.invokeTestMethods(Invoker.java:1193)
	at org.testng.internal.TestMethodWorker.invokeTestMethods(TestMethodWorker.java:126)
	at org.testng.internal.TestMethodWorker.run(TestMethodWorker.java:109)
	at org.testng.TestRunner.privateRun(TestRunner.java:744)
	at org.testng.TestRunner.run(TestRunner.java:602)
	at org.testng.SuiteRunner.runTest(SuiteRunner.java:380)
	at org.testng.SuiteRunner.runSequentially(SuiteRunner.java:375)
	at org.testng.SuiteRunner.privateRun(SuiteRunner.java:340)
	at org.testng.SuiteRunner.run(SuiteRunner.java:289)
	at org.testng.SuiteRunnerWorker.runSuite(SuiteRunnerWorker.java:52)
	at org.testng.SuiteRunnerWorker.run(SuiteRunnerWorker.java:86)
	at org.testng.TestNG.runSuitesSequentially(TestNG.java:1301)
	at org.testng.TestNG.runSuitesLocally(TestNG.java:1226)
	at org.testng.TestNG.runSuites(TestNG.java:1144)
	at org.testng.TestNG.run(TestNG.java:1115)
	at org.apache.maven.surefire.testng.TestNGExecutor.run(TestNGExecutor.java:283)
	at org.apache.maven.surefire.testng.TestNGXmlTestSuite.execute(TestNGXmlTestSuite.java:75)
	at org.apache.maven.surefire.testng.TestNGProvider.invoke(TestNGProvider.java:120)
	at org.apache.maven.surefire.booter.ForkedBooter.invokeProviderInSameClassLoader(ForkedBooter.java:373)
	at org.apache.maven.surefire.booter.ForkedBooter.runSuitesInProcess(ForkedBooter.java:334)
	at org.apache.maven.surefire.booter.ForkedBooter.execute(ForkedBooter.java:119)
	at org.apache.maven.surefire.booter.ForkedBooter.main(ForkedBooter.java:407)
</pre></div></td>
<td>203</td>
<td>test.pageobjects.TestShoppingCart@2ef5e5e3</td></tr>
</table><p>
<table width='100%' border='1' class='invocation-passed'>
<tr><td colspan='4' align='center'><b>PASSED TESTS</b></td></tr>
<tr><td><b>Test method</b></td>
<td width="30%"><b>Exception</b></td>
<td width="10%"><b>Time (seconds)</b></td>
<td><b>Instance</b></td>
</tr>
<tr>
<td title='test.pageobjects.TestFooterTopLinks.amazonPaymentProductsTest()'><b>amazonPaymentProductsTest</b><br>Test class: test.pageobjects.TestFooterTopLinks<br/>
<a href="#Output-64614565" onClick='toggleBox("Output-64614565", this, "Show output", "Hide output");'>Show output</a>

<a href="#Output-64614565" onClick="toggleAllBoxes();">Show all outputs</a>
<div class='log' id="Output-64614565">
Clicking :Amazon Payment Product<br/>
Clicked :Amazon Payment Product<br/>
</div>
</td>
<td></td>
<td>2</td>
<td>test.pageobjects.TestFooterTopLinks@6d00a15d</td></tr>
<tr>
<td title='test.pageobjects.TestLogIn.completeLoginTest()'><b>completeLoginTest</b><br>Test class: test.pageobjects.TestLogIn</td>
<td></td>
<td>3</td>
<td>test.pageobjects.TestLogIn@100fc185</td></tr>
<tr>
<td title='test.pageobjects.TestSearchBox.dropdownListTest()'><b>dropdownListTest</b><br>Test class: test.pageobjects.TestSearchBox<br/>
<a href="#Output-580979398" onClick='toggleBox("Output-580979398", this, "Show output", "Hide output");'>Show output</a>

<a href="#Output-580979398" onClick="toggleAllBoxes();">Show all outputs</a>
<div class='log' id="Output-580979398">
Clicking :Amazon Device<br/>
</div>
</td>
<td></td>
<td>1</td>
<td>test.pageobjects.TestSearchBox@643b1d11</td></tr>
<tr>
<td title='test.pageobjects.TestLogIn.emailTest()'><b>emailTest</b><br>Test class: test.pageobjects.TestLogIn<br/>
<a href="#Output-1864007931" onClick='toggleBox("Output-1864007931", this, "Show output", "Hide output");'>Show output</a>

<a href="#Output-1864007931" onClick="toggleAllBoxes();">Show all outputs</a>
<div class='log' id="Output-1864007931">
Clicking :Email<br/>
Clicked :Email<br/>
</div>
</td>
<td></td>
<td>1</td>
<td>test.pageobjects.TestLogIn@100fc185</td></tr>
<tr>
<td title='test.pageobjects.TestFooterTopLinks.getToKnowUsTest()'><b>getToKnowUsTest</b><br>Test class: test.pageobjects.TestFooterTopLinks<br/>
<a href="#Output-926612844" onClick='toggleBox("Output-926612844", this, "Show output", "Hide output");'>Show output</a>

<a href="#Output-926612844" onClick="toggleAllBoxes();">Show all outputs</a>
<div class='log' id="Output-926612844">
Clicking :Get to Know Us.<br/>
Clicked :Get to Know Us.<br/>
</div>
</td>
<td></td>
<td>3</td>
<td>test.pageobjects.TestFooterTopLinks@6d00a15d</td></tr>
<tr>
<td title='test.pageobjects.TestNavigationBarLink.giftcards()'><b>giftcards</b><br>Test class: test.pageobjects.TestNavigationBarLink<br/>
<a href="#Output-2038585029" onClick='toggleBox("Output-2038585029", this, "Show output", "Hide output");'>Show output</a>

<a href="#Output-2038585029" onClick="toggleAllBoxes();">Show all outputs</a>
<div class='log' id="Output-2038585029">
Clicking :Gift Card<br/>
Clicked :Gift Card<br/>
</div>
</td>
<td></td>
<td>3</td>
<td>test.pageobjects.TestNavigationBarLink@36d4b5c</td></tr>
<tr>
<td title='test.pageobjects.TestNavigationBarLink.helpTest()'><b>helpTest</b><br>Test class: test.pageobjects.TestNavigationBarLink<br/>
<a href="#Output-2062888647" onClick='toggleBox("Output-2062888647", this, "Show output", "Hide output");'>Show output</a>

<a href="#Output-2062888647" onClick="toggleAllBoxes();">Show all outputs</a>
<div class='log' id="Output-2062888647">
Clicking :Help<br/>
Clicked :Help<br/>
</div>
</td>
<td></td>
<td>2</td>
<td>test.pageobjects.TestNavigationBarLink@36d4b5c</td></tr>
<tr>
<td title='test.pageobjects.LogInPageTest.invalidSignIn()'><b>invalidSignIn</b><br>Test class: test.pageobjects.LogInPageTest<br>Parameters: ads@hotmail.com, dfghj<br/>
<a href="#Output-1687354037" onClick='toggleBox("Output-1687354037", this, "Show output", "Hide output");'>Show output</a>

<a href="#Output-1687354037" onClick="toggleAllBoxes();">Show all outputs</a>
<div class='log' id="Output-1687354037">
Clicking :From Home Page<br/>
Clicked :From Home Page<br/>
Sending ads@hotmail.com to email Adress<br/>
enter ads@hotmail.com to email Adress<br/>
Sending dfghj to password<br/>
enter dfghj to password<br/>
Clicking :click sign In Buton<br/>
Clicked :click sign In Buton<br/>
</div>
</td>
<td></td>
<td>12</td>
<td>test.pageobjects.LogInPageTest@3a82f6ef</td></tr>
<tr>
<td title='test.pageobjects.LogInPageTest.invalidSignIn()'><b>invalidSignIn</b><br>Test class: test.pageobjects.LogInPageTest<br>Parameters: ghj@hotmail.com, ghjk<br/>
<a href="#Output-1134202713" onClick='toggleBox("Output-1134202713", this, "Show output", "Hide output");'>Show output</a>

<a href="#Output-1134202713" onClick="toggleAllBoxes();">Show all outputs</a>
<div class='log' id="Output-1134202713">
Clicking :From Home Page<br/>
Clicked :From Home Page<br/>
Sending ghj@hotmail.com to email Adress<br/>
enter ghj@hotmail.com to email Adress<br/>
Sending ghjk to password<br/>
enter ghjk to password<br/>
Clicking :click sign In Buton<br/>
Clicked :click sign In Buton<br/>
</div>
</td>
<td></td>
<td>14</td>
<td>test.pageobjects.LogInPageTest@3a82f6ef</td></tr>
<tr>
<td title='test.pageobjects.LogInPageTest.invalidSignIn()'><b>invalidSignIn</b><br>Test class: test.pageobjects.LogInPageTest<br>Parameters: dgh@yahoo.com, ghjk<br/>
<a href="#Output-762509150" onClick='toggleBox("Output-762509150", this, "Show output", "Hide output");'>Show output</a>

<a href="#Output-762509150" onClick="toggleAllBoxes();">Show all outputs</a>
<div class='log' id="Output-762509150">
Clicking :From Home Page<br/>
Clicked :From Home Page<br/>
Sending dgh@yahoo.com to email Adress<br/>
enter dgh@yahoo.com to email Adress<br/>
Sending ghjk to password<br/>
enter ghjk to password<br/>
Clicking :click sign In Buton<br/>
Clicked :click sign In Buton<br/>
</div>
</td>
<td></td>
<td>12</td>
<td>test.pageobjects.LogInPageTest@3a82f6ef</td></tr>
<tr>
<td title='test.pageobjects.LogInPageTest.invalidSigninByGoogleSheetApi()'><b>invalidSigninByGoogleSheetApi</b><br>Test class: test.pageobjects.LogInPageTest<br/>
<a href="#Output-1671816300" onClick='toggleBox("Output-1671816300", this, "Show output", "Hide output");'>Show output</a>

<a href="#Output-1671816300" onClick="toggleAllBoxes();">Show all outputs</a>
<div class='log' id="Output-1671816300">
Using Sheet Number 1 and fields range  !A2:C<br/>
Clicking :From Home Page<br/>
Clicked :From Home Page<br/>
Sending 1235@dwe to email Adress<br/>
enter 1235@dwe to email Adress<br/>
Sending e2e3 to password<br/>
enter e2e3 to password<br/>
Clicking :click sign In Buton<br/>
Clicked :click sign In Buton<br/>
Sending e2332@rde1 to email Adress<br/>
enter e2332@rde1 to email Adress<br/>
Sending e3dr3 to password<br/>
enter e3dr3 to password<br/>
Sending 5432222 to Enter capcha values<br/>
enter 5432222 to Enter capcha values<br/>
Clicking :click sign In Buton<br/>
Clicked :click sign In Buton<br/>
Sending drec@fef to email Adress<br/>
enter drec@fef to email Adress<br/>
Sending wrgwg to password<br/>
enter wrgwg to password<br/>
Sending 5432222 to Enter capcha values<br/>
enter 5432222 to Enter capcha values<br/>
Clicking :click sign In Buton<br/>
Clicked :click sign In Buton<br/>
Sending cgccgh@hotmail.com to email Adress<br/>
enter cgccgh@hotmail.com to email Adress<br/>
Sending 365346 to password<br/>
enter 365346 to password<br/>
Sending 5432222 to Enter capcha values<br/>
enter 5432222 to Enter capcha values<br/>
Clicking :click sign In Buton<br/>
Clicked :click sign In Buton<br/>
Sending 1235@dwe to email Adress<br/>
enter 1235@dwe to email Adress<br/>
Sending e2e3 to password<br/>
enter e2e3 to password<br/>
Sending 5432222 to Enter capcha values<br/>
enter 5432222 to Enter capcha values<br/>
Clicking :click sign In Buton<br/>
Clicked :click sign In Buton<br/>
Sending e2332@rde1 to email Adress<br/>
enter e2332@rde1 to email Adress<br/>
Sending e3dr3 to password<br/>
enter e3dr3 to password<br/>
Sending 5432222 to Enter capcha values<br/>
enter 5432222 to Enter capcha values<br/>
Clicking :click sign In Buton<br/>
Clicked :click sign In Buton<br/>
Sending drec@fef to email Adress<br/>
enter drec@fef to email Adress<br/>
Sending wrgwg to password<br/>
enter wrgwg to password<br/>
Sending 5432222 to Enter capcha values<br/>
enter 5432222 to Enter capcha values<br/>
Clicking :click sign In Buton<br/>
Clicked :click sign In Buton<br/>
Sending cgccgh@hotmail.com to email Adress<br/>
enter cgccgh@hotmail.com to email Adress<br/>
Sending 365346 to password<br/>
enter 365346 to password<br/>
Sending 5432222 to Enter capcha values<br/>
enter 5432222 to Enter capcha values<br/>
Clicking :click sign In Buton<br/>
Clicked :click sign In Buton<br/>
</div>
</td>
<td></td>
<td>15</td>
<td>test.pageobjects.LogInPageTest@3a82f6ef</td></tr>
<tr>
<td title='test.pageobjects.TestFooterTopLinks.laguageTabTest()'><b>laguageTabTest</b><br>Test class: test.pageobjects.TestFooterTopLinks<br/>
<a href="#Output-1625037390" onClick='toggleBox("Output-1625037390", this, "Show output", "Hide output");'>Show output</a>

<a href="#Output-1625037390" onClick="toggleAllBoxes();">Show all outputs</a>
<div class='log' id="Output-1625037390">
Clicking :Language Tab<br/>
Clicked :Language Tab<br/>
Clicking :to dismiss Tab<br/>
Clicked :<br/>
</div>
</td>
<td></td>
<td>2</td>
<td>test.pageobjects.TestFooterTopLinks@6d00a15d</td></tr>
<tr>
<td title='test.pageobjects.TestFooterTopLinks.letUsHelpYouTest()'><b>letUsHelpYouTest</b><br>Test class: test.pageobjects.TestFooterTopLinks<br/>
<a href="#Output-72187428" onClick='toggleBox("Output-72187428", this, "Show output", "Hide output");'>Show output</a>

<a href="#Output-72187428" onClick="toggleAllBoxes();">Show all outputs</a>
<div class='log' id="Output-72187428">
Clicking :Let Us Help You.<br/>
Clicked :Let Us Help You.<br/>
</div>
</td>
<td></td>
<td>3</td>
<td>test.pageobjects.TestFooterTopLinks@6d00a15d</td></tr>
<tr>
<td title='test.pageobjects.TestLogIn.loginTest()'><b>loginTest</b><br>Test class: test.pageobjects.TestLogIn<br/>
<a href="#Output-1179244298" onClick='toggleBox("Output-1179244298", this, "Show output", "Hide output");'>Show output</a>

<a href="#Output-1179244298" onClick="toggleAllBoxes();">Show all outputs</a>
<div class='log' id="Output-1179244298">
Clicking :Log In<br/>
Clicked :Log In<br/>
</div>
</td>
<td></td>
<td>8</td>
<td>test.pageobjects.TestLogIn@100fc185</td></tr>
<tr>
<td title='test.pageobjects.TestFooterTopLinks.makeMoneyWithUsTest()'><b>makeMoneyWithUsTest</b><br>Test class: test.pageobjects.TestFooterTopLinks<br/>
<a href="#Output-1739986996" onClick='toggleBox("Output-1739986996", this, "Show output", "Hide output");'>Show output</a>

<a href="#Output-1739986996" onClick="toggleAllBoxes();">Show all outputs</a>
<div class='log' id="Output-1739986996">
Clicking :Make Money With US<br/>
Clicked :Make Money With US<br/>
</div>
</td>
<td></td>
<td>3</td>
<td>test.pageobjects.TestFooterTopLinks@6d00a15d</td></tr>
<tr>
<td title='test.pageobjects.TestLogIn.passwordTest()'><b>passwordTest</b><br>Test class: test.pageobjects.TestLogIn<br/>
<a href="#Output-1028538462" onClick='toggleBox("Output-1028538462", this, "Show output", "Hide output");'>Show output</a>

<a href="#Output-1028538462" onClick="toggleAllBoxes();">Show all outputs</a>
<div class='log' id="Output-1028538462">
Clicking :Password<br/>
Clicked :Password<br/>
</div>
</td>
<td></td>
<td>1</td>
<td>test.pageobjects.TestLogIn@100fc185</td></tr>
<tr>
<td title='test.pageobjects.TestNavigationBarLink.registryTest()'><b>registryTest</b><br>Test class: test.pageobjects.TestNavigationBarLink<br/>
<a href="#Output-2049620066" onClick='toggleBox("Output-2049620066", this, "Show output", "Hide output");'>Show output</a>

<a href="#Output-2049620066" onClick="toggleAllBoxes();">Show all outputs</a>
<div class='log' id="Output-2049620066">
Clicking :Registry<br/>
Clicked :Registry<br/>
</div>
</td>
<td></td>
<td>19</td>
<td>test.pageobjects.TestNavigationBarLink@36d4b5c</td></tr>
<tr>
<td title='test.pageobjects.TestSearchBox.searchBoxTest()'><b>searchBoxTest</b><br>Test class: test.pageobjects.TestSearchBox<br/>
<a href="#Output-1933808172" onClick='toggleBox("Output-1933808172", this, "Show output", "Hide output");'>Show output</a>

<a href="#Output-1933808172" onClick="toggleAllBoxes();">Show all outputs</a>
<div class='log' id="Output-1933808172">
Clicking :Drop Down Selecton<br/>
Clicked :Drop Down Selecton<br/>
</div>
</td>
<td></td>
<td>5</td>
<td>test.pageobjects.TestSearchBox@643b1d11</td></tr>
<tr>
<td title='test.pageobjects.TestShoppingCart.searchBoxTest()'><b>searchBoxTest</b><br>Test class: test.pageobjects.TestShoppingCart<br/>
<a href="#Output-822958001" onClick='toggleBox("Output-822958001", this, "Show output", "Hide output");'>Show output</a>

<a href="#Output-822958001" onClick="toggleAllBoxes();">Show all outputs</a>
<div class='log' id="Output-822958001">
sending Keys to SearchBox<br/>
Keys Received<br/>
Clicking :searchIcon<br/>
Clicked :searchIcon<br/>
getting : [[ChromeDriver: chrome on XP (cb87400c793ef983301d32dd00f6ee9d)] -> partial link text: Computers & Accessories]<br/>
</div>
</td>
<td></td>
<td>5</td>
<td>test.pageobjects.TestShoppingCart@2ef5e5e3</td></tr>
<tr>
<td title='test.pageobjects.TestSearchBox.searchBoxTextTest()'><b>searchBoxTextTest</b><br>Test class: test.pageobjects.TestSearchBox<br/>
<a href="#Output-295372946" onClick='toggleBox("Output-295372946", this, "Show output", "Hide output");'>Show output</a>

<a href="#Output-295372946" onClick="toggleAllBoxes();">Show all outputs</a>
<div class='log' id="Output-295372946">
Sending KeyWord<br/>
Keys arrived<br/>
Enter Pressed<br/>
</div>
</td>
<td></td>
<td>2</td>
<td>test.pageobjects.TestSearchBox@643b1d11</td></tr>
<tr>
<td title='test.pageobjects.TestSearchBox.searchIconTest()'><b>searchIconTest</b><br>Test class: test.pageobjects.TestSearchBox<br/>
<a href="#Output-440902120" onClick='toggleBox("Output-440902120", this, "Show output", "Hide output");'>Show output</a>

<a href="#Output-440902120" onClick="toggleAllBoxes();">Show all outputs</a>
<div class='log' id="Output-440902120">
Sending KeyWord<br/>
Keys arrived<br/>
Enter Pressed<br/>
Clicked :Search Icon<br/>
</div>
</td>
<td></td>
<td>7</td>
<td>test.pageobjects.TestSearchBox@643b1d11</td></tr>
<tr>
<td title='test.pageobjects.TestNavigationBarLink.sellTest()'><b>sellTest</b><br>Test class: test.pageobjects.TestNavigationBarLink<br/>
<a href="#Output-479442206" onClick='toggleBox("Output-479442206", this, "Show output", "Hide output");'>Show output</a>

<a href="#Output-479442206" onClick="toggleAllBoxes();">Show all outputs</a>
<div class='log' id="Output-479442206">
Clicking :Sell<br/>
Clicked :Sell<br/>
</div>
</td>
<td></td>
<td>19</td>
<td>test.pageobjects.TestNavigationBarLink@36d4b5c</td></tr>
<tr>
<td title='test.pageobjects.TestLogIn.signInButtonTest()'><b>signInButtonTest</b><br>Test class: test.pageobjects.TestLogIn<br/>
<a href="#Output-1168076863" onClick='toggleBox("Output-1168076863", this, "Show output", "Hide output");'>Show output</a>

<a href="#Output-1168076863" onClick="toggleAllBoxes();">Show all outputs</a>
<div class='log' id="Output-1168076863">
Clicking :Sign In Button<br/>
Clicked :Sign In Button<br/>
</div>
</td>
<td></td>
<td>9</td>
<td>test.pageobjects.TestLogIn@100fc185</td></tr>
<tr>
<td title='test.pageobjects.TestNavigationBarLink.wholeFoodsTest()'><b>wholeFoodsTest</b><br>Test class: test.pageobjects.TestNavigationBarLink<br/>
<a href="#Output-1254651534" onClick='toggleBox("Output-1254651534", this, "Show output", "Hide output");'>Show output</a>

<a href="#Output-1254651534" onClick="toggleAllBoxes();">Show all outputs</a>
<div class='log' id="Output-1254651534">
Clicking :Whole Foods<br/>
Clicked :Whole Foods<br/>
</div>
</td>
<td></td>
<td>7</td>
<td>test.pageobjects.TestNavigationBarLink@36d4b5c</td></tr>
<tr>
<td title='test.pageobjects.TestNavigationBarLink.yearEndDealsTest()'><b>yearEndDealsTest</b><br>Test class: test.pageobjects.TestNavigationBarLink<br/>
<a href="#Output-416355623" onClick='toggleBox("Output-416355623", this, "Show output", "Hide output");'>Show output</a>

<a href="#Output-416355623" onClick="toggleAllBoxes();">Show all outputs</a>
<div class='log' id="Output-416355623">
Clicking :Year End Deals<br/>
Clicked :Year End Deals<br/>
</div>
</td>
<td></td>
<td>4</td>
<td>test.pageobjects.TestNavigationBarLink@36d4b5c</td></tr>
<tr>
<td title='test.pageobjects.TestNavigationBarLink.yourAmazonTest()'><b>yourAmazonTest</b><br>Test class: test.pageobjects.TestNavigationBarLink<br/>
<a href="#Output-249696914" onClick='toggleBox("Output-249696914", this, "Show output", "Hide output");'>Show output</a>

<a href="#Output-249696914" onClick="toggleAllBoxes();">Show all outputs</a>
<div class='log' id="Output-249696914">
Clicking :Your Amazon<br/>
Clicked :Your Amazon<br/>
</div>
</td>
<td></td>
<td>1</td>
<td>test.pageobjects.TestNavigationBarLink@36d4b5c</td></tr>
</table><p>
<table width='100%' border='1' class='invocation-skipped'>
<tr><td colspan='4' align='center'><b>SKIPPED TESTS</b></td></tr>
<tr><td><b>Test method</b></td>
<td width="30%"><b>Exception</b></td>
<td width="10%"><b>Time (seconds)</b></td>
<td><b>Instance</b></td>
</tr>
<tr>
<td title='test.pageobjects.TestShoppingCart.addToCartTest()'><b>addToCartTest</b><br>Test class: test.pageobjects.TestShoppingCart</td>
<td><div><pre>org.openqa.selenium.WebDriverException: unknown error: failed to change window state to normal, current state is maximized
  (Session info: chrome=71.0.3578.98)
  (Driver info: chromedriver=2.45.615291 (ec3682e3c9061c10f26ea9e5cdcf3c53f3f74387),platform=Windows NT 10.0.17134 x86_64) (WARNING: The server did not provide any stacktrace information)
Command duration or timeout: 0 milliseconds
Build info: version: &apos;3.14.0&apos;, revision: &apos;aacccce0&apos;, time: &apos;2018-08-02T20:19:58.91Z&apos;
System info: host: &apos;DESKTOP-JGBJ53E&apos;, ip: &apos;192.168.1.2&apos;, os.name: &apos;Windows 10&apos;, os.arch: &apos;amd64&apos;, os.version: &apos;10.0&apos;, java.version: &apos;1.8.0_192&apos;
Driver info: org.openqa.selenium.chrome.ChromeDriver
Capabilities {acceptInsecureCerts: false, acceptSslCerts: false, applicationCacheEnabled: false, browserConnectionEnabled: false, browserName: chrome, chrome: {chromedriverVersion: 2.45.615291 (ec3682e3c9061c..., userDataDir: C:\Users\Afnan\AppData\Loca...}, cssSelectorsEnabled: true, databaseEnabled: false, goog:chromeOptions: {debuggerAddress: localhost:57722}, handlesAlerts: true, hasTouchScreen: false, javascriptEnabled: true, locationContextEnabled: true, mobileEmulationEnabled: false, nativeEvents: true, networkConnectionEnabled: false, pageLoadStrategy: normal, platform: XP, platformName: XP, proxy: Proxy(), rotatable: false, setWindowRect: true, strictFileInteractability: false, takesHeapSnapshot: true, takesScreenshot: true, timeouts: {implicit: 0, pageLoad: 300000, script: 30000}, unexpectedAlertBehaviour: ignore, unhandledPromptBehavior: ignore, version: 71.0.3578.98, webStorageEnabled: true}
Session ID: 7126aee8215655ac70fcf4dda147c96a
	at org.openqa.selenium.remote.ErrorHandler.createThrowable(ErrorHandler.java:214)
	at org.openqa.selenium.remote.ErrorHandler.throwIfResponseFailed(ErrorHandler.java:166)
	at org.openqa.selenium.remote.http.JsonHttpResponseCodec.reconstructValue(JsonHttpResponseCodec.java:40)
	at org.openqa.selenium.remote.http.AbstractHttpResponseCodec.decode(AbstractHttpResponseCodec.java:80)
	at org.openqa.selenium.remote.http.AbstractHttpResponseCodec.decode(AbstractHttpResponseCodec.java:44)
	at org.openqa.selenium.remote.HttpCommandExecutor.execute(HttpCommandExecutor.java:158)
	at org.openqa.selenium.remote.service.DriverCommandExecutor.execute(DriverCommandExecutor.java:83)
	at org.openqa.selenium.remote.RemoteWebDriver.execute(RemoteWebDriver.java:548)
	at org.openqa.selenium.remote.RemoteWebDriver.execute(RemoteWebDriver.java:605)
	at org.openqa.selenium.remote.RemoteWebDriver$RemoteWebDriverOptions$RemoteWindow.maximize(RemoteWebDriver.java:833)
	at base.BrowserDriver.setUp(BrowserDriver.java:96)
... Removed 34 stack frames</pre></div><a href='#' onClick='toggleBox("stack-trace189820624", this, "Click to show all stack frames", "Click to hide stack frames")'>Click to show all stack frames</a>
<div class='stack-trace' id='stack-trace189820624'><pre>org.openqa.selenium.WebDriverException: unknown error: failed to change window state to normal, current state is maximized
  (Session info: chrome=71.0.3578.98)
  (Driver info: chromedriver=2.45.615291 (ec3682e3c9061c10f26ea9e5cdcf3c53f3f74387),platform=Windows NT 10.0.17134 x86_64) (WARNING: The server did not provide any stacktrace information)
Command duration or timeout: 0 milliseconds
Build info: version: &apos;3.14.0&apos;, revision: &apos;aacccce0&apos;, time: &apos;2018-08-02T20:19:58.91Z&apos;
System info: host: &apos;DESKTOP-JGBJ53E&apos;, ip: &apos;192.168.1.2&apos;, os.name: &apos;Windows 10&apos;, os.arch: &apos;amd64&apos;, os.version: &apos;10.0&apos;, java.version: &apos;1.8.0_192&apos;
Driver info: org.openqa.selenium.chrome.ChromeDriver
Capabilities {acceptInsecureCerts: false, acceptSslCerts: false, applicationCacheEnabled: false, browserConnectionEnabled: false, browserName: chrome, chrome: {chromedriverVersion: 2.45.615291 (ec3682e3c9061c..., userDataDir: C:\Users\Afnan\AppData\Loca...}, cssSelectorsEnabled: true, databaseEnabled: false, goog:chromeOptions: {debuggerAddress: localhost:57722}, handlesAlerts: true, hasTouchScreen: false, javascriptEnabled: true, locationContextEnabled: true, mobileEmulationEnabled: false, nativeEvents: true, networkConnectionEnabled: false, pageLoadStrategy: normal, platform: XP, platformName: XP, proxy: Proxy(), rotatable: false, setWindowRect: true, strictFileInteractability: false, takesHeapSnapshot: true, takesScreenshot: true, timeouts: {implicit: 0, pageLoad: 300000, script: 30000}, unexpectedAlertBehaviour: ignore, unhandledPromptBehavior: ignore, version: 71.0.3578.98, webStorageEnabled: true}
Session ID: 7126aee8215655ac70fcf4dda147c96a
	at sun.reflect.NativeConstructorAccessorImpl.newInstance0(Native Method)
	at sun.reflect.NativeConstructorAccessorImpl.newInstance(NativeConstructorAccessorImpl.java:62)
	at sun.reflect.DelegatingConstructorAccessorImpl.newInstance(DelegatingConstructorAccessorImpl.java:45)
	at java.lang.reflect.Constructor.newInstance(Constructor.java:423)
	at org.openqa.selenium.remote.ErrorHandler.createThrowable(ErrorHandler.java:214)
	at org.openqa.selenium.remote.ErrorHandler.throwIfResponseFailed(ErrorHandler.java:166)
	at org.openqa.selenium.remote.http.JsonHttpResponseCodec.reconstructValue(JsonHttpResponseCodec.java:40)
	at org.openqa.selenium.remote.http.AbstractHttpResponseCodec.decode(AbstractHttpResponseCodec.java:80)
	at org.openqa.selenium.remote.http.AbstractHttpResponseCodec.decode(AbstractHttpResponseCodec.java:44)
	at org.openqa.selenium.remote.HttpCommandExecutor.execute(HttpCommandExecutor.java:158)
	at org.openqa.selenium.remote.service.DriverCommandExecutor.execute(DriverCommandExecutor.java:83)
	at org.openqa.selenium.remote.RemoteWebDriver.execute(RemoteWebDriver.java:548)
	at org.openqa.selenium.remote.RemoteWebDriver.execute(RemoteWebDriver.java:605)
	at org.openqa.selenium.remote.RemoteWebDriver$RemoteWebDriverOptions$RemoteWindow.maximize(RemoteWebDriver.java:833)
	at base.BrowserDriver.setUp(BrowserDriver.java:96)
	at sun.reflect.GeneratedMethodAccessor32.invoke(Unknown Source)
	at sun.reflect.DelegatingMethodAccessorImpl.invoke(DelegatingMethodAccessorImpl.java:43)
	at java.lang.reflect.Method.invoke(Method.java:498)
	at org.testng.internal.MethodInvocationHelper.invokeMethod(MethodInvocationHelper.java:108)
	at org.testng.internal.Invoker.invokeConfigurationMethod(Invoker.java:523)
	at org.testng.internal.Invoker.invokeConfigurations(Invoker.java:224)
	at org.testng.internal.Invoker.invokeMethod(Invoker.java:599)
	at org.testng.internal.Invoker.invokeTestMethod(Invoker.java:869)
	at org.testng.internal.Invoker.invokeTestMethods(Invoker.java:1193)
	at org.testng.internal.TestMethodWorker.invokeTestMethods(TestMethodWorker.java:126)
	at org.testng.internal.TestMethodWorker.run(TestMethodWorker.java:109)
	at org.testng.TestRunner.privateRun(TestRunner.java:744)
	at org.testng.TestRunner.run(TestRunner.java:602)
	at org.testng.SuiteRunner.runTest(SuiteRunner.java:380)
	at org.testng.SuiteRunner.runSequentially(SuiteRunner.java:375)
	at org.testng.SuiteRunner.privateRun(SuiteRunner.java:340)
	at org.testng.SuiteRunner.run(SuiteRunner.java:289)
	at org.testng.SuiteRunnerWorker.runSuite(SuiteRunnerWorker.java:52)
	at org.testng.SuiteRunnerWorker.run(SuiteRunnerWorker.java:86)
	at org.testng.TestNG.runSuitesSequentially(TestNG.java:1301)
	at org.testng.TestNG.runSuitesLocally(TestNG.java:1226)
	at org.testng.TestNG.runSuites(TestNG.java:1144)
	at org.testng.TestNG.run(TestNG.java:1115)
	at org.apache.maven.surefire.testng.TestNGExecutor.run(TestNGExecutor.java:283)
	at org.apache.maven.surefire.testng.TestNGXmlTestSuite.execute(TestNGXmlTestSuite.java:75)
	at org.apache.maven.surefire.testng.TestNGProvider.invoke(TestNGProvider.java:120)
	at org.apache.maven.surefire.booter.ForkedBooter.invokeProviderInSameClassLoader(ForkedBooter.java:373)
	at org.apache.maven.surefire.booter.ForkedBooter.runSuitesInProcess(ForkedBooter.java:334)
	at org.apache.maven.surefire.booter.ForkedBooter.execute(ForkedBooter.java:119)
	at org.apache.maven.surefire.booter.ForkedBooter.main(ForkedBooter.java:407)
</pre></div></td>
<td>0</td>
<td>test.pageobjects.TestShoppingCart@2ef5e5e3</td></tr>
<tr>
<td title='test.pageobjects.TestFooterTopLinks.countryTabTest()'><b>countryTabTest</b><br>Test class: test.pageobjects.TestFooterTopLinks</td>
<td><div><pre>org.openqa.selenium.WebDriverException: unknown error: failed to change window state to normal, current state is maximized
  (Session info: chrome=71.0.3578.98)
  (Driver info: chromedriver=2.45.615291 (ec3682e3c9061c10f26ea9e5cdcf3c53f3f74387),platform=Windows NT 10.0.17134 x86_64) (WARNING: The server did not provide any stacktrace information)
Command duration or timeout: 0 milliseconds
Build info: version: &apos;3.14.0&apos;, revision: &apos;aacccce0&apos;, time: &apos;2018-08-02T20:19:58.91Z&apos;
System info: host: &apos;DESKTOP-JGBJ53E&apos;, ip: &apos;192.168.1.2&apos;, os.name: &apos;Windows 10&apos;, os.arch: &apos;amd64&apos;, os.version: &apos;10.0&apos;, java.version: &apos;1.8.0_192&apos;
Driver info: org.openqa.selenium.chrome.ChromeDriver
Capabilities {acceptInsecureCerts: false, acceptSslCerts: false, applicationCacheEnabled: false, browserConnectionEnabled: false, browserName: chrome, chrome: {chromedriverVersion: 2.45.615291 (ec3682e3c9061c..., userDataDir: C:\Users\Afnan\AppData\Loca...}, cssSelectorsEnabled: true, databaseEnabled: false, goog:chromeOptions: {debuggerAddress: localhost:57722}, handlesAlerts: true, hasTouchScreen: false, javascriptEnabled: true, locationContextEnabled: true, mobileEmulationEnabled: false, nativeEvents: true, networkConnectionEnabled: false, pageLoadStrategy: normal, platform: XP, platformName: XP, proxy: Proxy(), rotatable: false, setWindowRect: true, strictFileInteractability: false, takesHeapSnapshot: true, takesScreenshot: true, timeouts: {implicit: 0, pageLoad: 300000, script: 30000}, unexpectedAlertBehaviour: ignore, unhandledPromptBehavior: ignore, version: 71.0.3578.98, webStorageEnabled: true}
Session ID: 7126aee8215655ac70fcf4dda147c96a
	at org.openqa.selenium.remote.ErrorHandler.createThrowable(ErrorHandler.java:214)
	at org.openqa.selenium.remote.ErrorHandler.throwIfResponseFailed(ErrorHandler.java:166)
	at org.openqa.selenium.remote.http.JsonHttpResponseCodec.reconstructValue(JsonHttpResponseCodec.java:40)
	at org.openqa.selenium.remote.http.AbstractHttpResponseCodec.decode(AbstractHttpResponseCodec.java:80)
	at org.openqa.selenium.remote.http.AbstractHttpResponseCodec.decode(AbstractHttpResponseCodec.java:44)
	at org.openqa.selenium.remote.HttpCommandExecutor.execute(HttpCommandExecutor.java:158)
	at org.openqa.selenium.remote.service.DriverCommandExecutor.execute(DriverCommandExecutor.java:83)
	at org.openqa.selenium.remote.RemoteWebDriver.execute(RemoteWebDriver.java:548)
	at org.openqa.selenium.remote.RemoteWebDriver.execute(RemoteWebDriver.java:605)
	at org.openqa.selenium.remote.RemoteWebDriver$RemoteWebDriverOptions$RemoteWindow.maximize(RemoteWebDriver.java:833)
	at base.BrowserDriver.setUp(BrowserDriver.java:96)
... Removed 34 stack frames</pre></div><a href='#' onClick='toggleBox("stack-trace274827125", this, "Click to show all stack frames", "Click to hide stack frames")'>Click to show all stack frames</a>
<div class='stack-trace' id='stack-trace274827125'><pre>org.openqa.selenium.WebDriverException: unknown error: failed to change window state to normal, current state is maximized
  (Session info: chrome=71.0.3578.98)
  (Driver info: chromedriver=2.45.615291 (ec3682e3c9061c10f26ea9e5cdcf3c53f3f74387),platform=Windows NT 10.0.17134 x86_64) (WARNING: The server did not provide any stacktrace information)
Command duration or timeout: 0 milliseconds
Build info: version: &apos;3.14.0&apos;, revision: &apos;aacccce0&apos;, time: &apos;2018-08-02T20:19:58.91Z&apos;
System info: host: &apos;DESKTOP-JGBJ53E&apos;, ip: &apos;192.168.1.2&apos;, os.name: &apos;Windows 10&apos;, os.arch: &apos;amd64&apos;, os.version: &apos;10.0&apos;, java.version: &apos;1.8.0_192&apos;
Driver info: org.openqa.selenium.chrome.ChromeDriver
Capabilities {acceptInsecureCerts: false, acceptSslCerts: false, applicationCacheEnabled: false, browserConnectionEnabled: false, browserName: chrome, chrome: {chromedriverVersion: 2.45.615291 (ec3682e3c9061c..., userDataDir: C:\Users\Afnan\AppData\Loca...}, cssSelectorsEnabled: true, databaseEnabled: false, goog:chromeOptions: {debuggerAddress: localhost:57722}, handlesAlerts: true, hasTouchScreen: false, javascriptEnabled: true, locationContextEnabled: true, mobileEmulationEnabled: false, nativeEvents: true, networkConnectionEnabled: false, pageLoadStrategy: normal, platform: XP, platformName: XP, proxy: Proxy(), rotatable: false, setWindowRect: true, strictFileInteractability: false, takesHeapSnapshot: true, takesScreenshot: true, timeouts: {implicit: 0, pageLoad: 300000, script: 30000}, unexpectedAlertBehaviour: ignore, unhandledPromptBehavior: ignore, version: 71.0.3578.98, webStorageEnabled: true}
Session ID: 7126aee8215655ac70fcf4dda147c96a
	at sun.reflect.NativeConstructorAccessorImpl.newInstance0(Native Method)
	at sun.reflect.NativeConstructorAccessorImpl.newInstance(NativeConstructorAccessorImpl.java:62)
	at sun.reflect.DelegatingConstructorAccessorImpl.newInstance(DelegatingConstructorAccessorImpl.java:45)
	at java.lang.reflect.Constructor.newInstance(Constructor.java:423)
	at org.openqa.selenium.remote.ErrorHandler.createThrowable(ErrorHandler.java:214)
	at org.openqa.selenium.remote.ErrorHandler.throwIfResponseFailed(ErrorHandler.java:166)
	at org.openqa.selenium.remote.http.JsonHttpResponseCodec.reconstructValue(JsonHttpResponseCodec.java:40)
	at org.openqa.selenium.remote.http.AbstractHttpResponseCodec.decode(AbstractHttpResponseCodec.java:80)
	at org.openqa.selenium.remote.http.AbstractHttpResponseCodec.decode(AbstractHttpResponseCodec.java:44)
	at org.openqa.selenium.remote.HttpCommandExecutor.execute(HttpCommandExecutor.java:158)
	at org.openqa.selenium.remote.service.DriverCommandExecutor.execute(DriverCommandExecutor.java:83)
	at org.openqa.selenium.remote.RemoteWebDriver.execute(RemoteWebDriver.java:548)
	at org.openqa.selenium.remote.RemoteWebDriver.execute(RemoteWebDriver.java:605)
	at org.openqa.selenium.remote.RemoteWebDriver$RemoteWebDriverOptions$RemoteWindow.maximize(RemoteWebDriver.java:833)
	at base.BrowserDriver.setUp(BrowserDriver.java:96)
	at sun.reflect.GeneratedMethodAccessor32.invoke(Unknown Source)
	at sun.reflect.DelegatingMethodAccessorImpl.invoke(DelegatingMethodAccessorImpl.java:43)
	at java.lang.reflect.Method.invoke(Method.java:498)
	at org.testng.internal.MethodInvocationHelper.invokeMethod(MethodInvocationHelper.java:108)
	at org.testng.internal.Invoker.invokeConfigurationMethod(Invoker.java:523)
	at org.testng.internal.Invoker.invokeConfigurations(Invoker.java:224)
	at org.testng.internal.Invoker.invokeMethod(Invoker.java:599)
	at org.testng.internal.Invoker.invokeTestMethod(Invoker.java:869)
	at org.testng.internal.Invoker.invokeTestMethods(Invoker.java:1193)
	at org.testng.internal.TestMethodWorker.invokeTestMethods(TestMethodWorker.java:126)
	at org.testng.internal.TestMethodWorker.run(TestMethodWorker.java:109)
	at org.testng.TestRunner.privateRun(TestRunner.java:744)
	at org.testng.TestRunner.run(TestRunner.java:602)
	at org.testng.SuiteRunner.runTest(SuiteRunner.java:380)
	at org.testng.SuiteRunner.runSequentially(SuiteRunner.java:375)
	at org.testng.SuiteRunner.privateRun(SuiteRunner.java:340)
	at org.testng.SuiteRunner.run(SuiteRunner.java:289)
	at org.testng.SuiteRunnerWorker.runSuite(SuiteRunnerWorker.java:52)
	at org.testng.SuiteRunnerWorker.run(SuiteRunnerWorker.java:86)
	at org.testng.TestNG.runSuitesSequentially(TestNG.java:1301)
	at org.testng.TestNG.runSuitesLocally(TestNG.java:1226)
	at org.testng.TestNG.runSuites(TestNG.java:1144)
	at org.testng.TestNG.run(TestNG.java:1115)
	at org.apache.maven.surefire.testng.TestNGExecutor.run(TestNGExecutor.java:283)
	at org.apache.maven.surefire.testng.TestNGXmlTestSuite.execute(TestNGXmlTestSuite.java:75)
	at org.apache.maven.surefire.testng.TestNGProvider.invoke(TestNGProvider.java:120)
	at org.apache.maven.surefire.booter.ForkedBooter.invokeProviderInSameClassLoader(ForkedBooter.java:373)
	at org.apache.maven.surefire.booter.ForkedBooter.runSuitesInProcess(ForkedBooter.java:334)
	at org.apache.maven.surefire.booter.ForkedBooter.execute(ForkedBooter.java:119)
	at org.apache.maven.surefire.booter.ForkedBooter.main(ForkedBooter.java:407)
</pre></div></td>
<td>0</td>
<td>test.pageobjects.TestFooterTopLinks@6d00a15d</td></tr>
</table><p>
</body>
</html>